Log file open, 10/21/19 20:28:36
LogWindows: Failed to load 'aqProf.dll' (GetLastError=126)
LogWindows: File 'aqProf.dll' does not exist
LogWindows: Failed to load 'VtuneApi.dll' (GetLastError=126)
LogWindows: File 'VtuneApi.dll' does not exist
LogWindows: Failed to load 'VtuneApi32e.dll' (GetLastError=126)
LogWindows: File 'VtuneApi32e.dll' does not exist
LogConsoleResponse: Display: Failed to find resolution value strings in scalability ini. Falling back to default.
LogInit: Display: Running engine for game: ProjectCritality
LogInit: Display: Project file not found: ../../../ProjectCritality/ProjectCritality.uproject
LogInit: Display: 	Attempting to find via project info helper.
LogUProjectInfo: Found projects:
LogPakFile: Registered encryption key '00000000000000000000000000000000': 0 pak files mounted, 0 remain pending
LogPakFile: Display: Found Pak file ../../../ProjectCritality/Content/Paks/ProjectCritality-WindowsNoEditor.pak attempting to mount.
LogPakFile: Display: Mounting pak file ../../../ProjectCritality/Content/Paks/ProjectCritality-WindowsNoEditor.pak.
LogPlatformFile: Not using cached read wrapper
LogTaskGraph: Started task graph with 5 named threads and 20 total threads with 3 sets of task threads.
LogStats: Stats thread started at 0.272910
LogICUInternationalization: ICU TimeZone Detection - Raw Offset: +0:00, Platform Override: ''
LogPluginManager: Mounting plugin Paper2D
LogPluginManager: Mounting plugin AISupport
LogPluginManager: Mounting plugin LightPropagationVolume
LogPluginManager: Mounting plugin AnimationSharing
LogPluginManager: Mounting plugin SignificanceManager
LogPluginManager: Mounting plugin AssetManagerEditor
LogPluginManager: Mounting plugin CryptoKeys
LogPluginManager: Mounting plugin FacialAnimation
LogPluginManager: Mounting plugin DatasmithContent
LogPluginManager: Mounting plugin VariantManagerContent
LogPluginManager: Mounting plugin AlembicImporter
LogPluginManager: Mounting plugin GeometryCache
LogPluginManager: Mounting plugin AppleImageUtils
LogPluginManager: Mounting plugin AppleVision
LogPluginManager: Mounting plugin BackChannel
LogPluginManager: Mounting plugin CharacterAI
LogPluginManager: Mounting plugin HTML5Networking
LogPluginManager: Mounting plugin AvfMedia
LogPluginManager: Mounting plugin ImgMedia
LogPluginManager: Mounting plugin LinearTimecode
LogPluginManager: Mounting plugin MediaCompositing
LogPluginManager: Mounting plugin WmfMedia
LogPluginManager: Mounting plugin TcpMessaging
LogPluginManager: Mounting plugin UdpMessaging
LogPluginManager: Mounting plugin ActorSequence
LogPluginManager: Mounting plugin NetcodeUnitTest
LogPluginManager: Mounting plugin NUTUnrealEngine4
LogPluginManager: Mounting plugin OnlineSubsystemNull
LogPluginManager: Mounting plugin OnlineSubsystem
LogPluginManager: Mounting plugin OnlineSubsystemUtils
LogPluginManager: Mounting plugin LauncherChunkInstaller
LogPluginManager: Mounting plugin AndroidPermission
LogPluginManager: Mounting plugin ArchVisCharacter
LogPluginManager: Mounting plugin AudioCapture
LogPluginManager: Mounting plugin CableComponent
LogPluginManager: Mounting plugin CustomMeshComponent
LogPluginManager: Mounting plugin EditableMesh
LogPluginManager: Mounting plugin ExampleDeviceProfileSelector
LogPluginManager: Mounting plugin LocationServicesBPLibrary
LogPluginManager: Mounting plugin MobilePatchingUtils
LogPluginManager: Mounting plugin OculusVR
LogPluginManager: Mounting plugin ProceduralMeshComponent
LogPluginManager: Mounting plugin PhysXVehicles
LogPluginManager: Mounting plugin RuntimePhysXCooking
LogPluginManager: Mounting plugin SteamVR
LogPluginManager: Mounting plugin WindowsMoviePlayer
LogInit: Using libcurl 7.55.1-DEV
LogInit:  - built for i386-pc-win32
LogInit:  - supports SSL with OpenSSL/1.1.1
LogInit:  - supports HTTP deflate (compression) using libz 1.2.8
LogInit:  - other features:
LogInit:      CURL_VERSION_SSL
LogInit:      CURL_VERSION_LIBZ
LogInit:      CURL_VERSION_IPV6
LogInit:      CURL_VERSION_ASYNCHDNS
LogInit:      CURL_VERSION_LARGEFILE
LogInit:      CURL_VERSION_IDN
LogInit:  CurlRequestOptions (configurable via config and command line):
LogInit:  - bVerifyPeer = true  - Libcurl will verify peer certificate
LogInit:  - bUseHttpProxy = false  - Libcurl will NOT use HTTP proxy
LogInit:  - bDontReuseConnections = false  - Libcurl will reuse connections
LogInit:  - MaxHostConnections = 16  - Libcurl will limit the number of connections to a host
LogInit:  - LocalHostAddr = Default
LogInit:  - BufferSize = 65536
LogInit: WinSock: version 1.1 (2.2), MaxSocks=32767, MaxUdp=65467
LogInit: Build: ++UE4+Release-4.22-CL-7053642
LogInit: Engine Version: 4.22.3-7053642+++UE4+Release-4.22
LogInit: Compatible Engine Version: 4.22.0-5660361+++UE4+Release-4.22
LogInit: Net CL: 5660361
LogInit: OS: Windows 10 (Release 1903) (), CPU: Intel(R) Core(TM) i5-8400 CPU @ 2.80GHz, GPU: NVIDIA GeForce GTX 1060 6GB
LogInit: Compiled (32-bit): Jun 18 2019 03:24:15
LogInit: Compiled with Visual C++: 19.16.27025.01
LogInit: Build Configuration: Development
LogInit: Branch Name: ++UE4+Release-4.22
LogInit: Command Line: 
LogInit: Base Directory: E:/Users/Tumble/Documents/GitHub/Project-Critality/ProjectCritality/Build/WindowsNoEditor/Engine/Binaries/Win32/
LogInit: Installed Engine Build: 0
LogDevObjectVersion: Number of dev versions registered: 23
LogDevObjectVersion:   Dev-Blueprints (B0D832E4-1F89-4F0D-ACCF-7EB736FD4AA2): 10
LogDevObjectVersion:   Dev-Build (E1C64328-A22C-4D53-A36C-8E866417BD8C): 0
LogDevObjectVersion:   Dev-Core (375EC13C-06E4-48FB-B500-84F0262A717E): 3
LogDevObjectVersion:   Dev-Editor (E4B068ED-F494-42E9-A231-DA0B2E46BB41): 30
LogDevObjectVersion:   Dev-Framework (CFFC743F-43B0-4480-9391-14DF171D2073): 35
LogDevObjectVersion:   Dev-Mobile (B02B49B5-BB20-44E9-A304-32B752E40360): 2
LogDevObjectVersion:   Dev-Networking (A4E4105C-59A1-49B5-A7C5-40C4547EDFEE): 0
LogDevObjectVersion:   Dev-Online (39C831C9-5AE6-47DC-9A44-9C173E1C8E7C): 0
LogDevObjectVersion:   Dev-Physics (78F01B33-EBEA-4F98-B9B4-84EACCB95AA2): 0
LogDevObjectVersion:   Dev-Platform (6631380F-2D4D-43E0-8009-CF276956A95A): 0
LogDevObjectVersion:   Dev-Rendering (12F88B9F-8875-4AFC-A67C-D90C383ABD29): 28
LogDevObjectVersion:   Dev-Sequencer (7B5AE74C-D270-4C10-A958-57980B212A5A): 11
LogDevObjectVersion:   Dev-VR (D7296918-1DD6-4BDD-9DE2-64A83CC13884): 2
LogDevObjectVersion:   Dev-LoadTimes (C2A15278-BFE7-4AFE-6C17-90FF531DF755): 1
LogDevObjectVersion:   Private-Geometry (6EACA3D4-40EC-4CC1-B786-8BED09428FC5): 3
LogDevObjectVersion:   Dev-AnimPhys (29E575DD-E0A3-4627-9D10-D276232CDCEA): 17
LogDevObjectVersion:   Dev-Anim (AF43A65D-7FD3-4947-9873-3E8ED9C1BB05): 2
LogDevObjectVersion:   Dev-ReflectionCapture (6B266CEC-1EC7-4B8F-A30B-E4D90942FC07): 1
LogDevObjectVersion:   Dev-Automation (0DF73D61-A23F-47EA-B727-89E90C41499A): 1
LogDevObjectVersion:   FortniteMain (601D1886-AC64-4F84-AA16-D3DE0DEAC7D6): 25
LogDevObjectVersion:   Dev-Enterprise (9DFFBCD6-494F-0158-E221-12823C92A888): 6
LogDevObjectVersion:   Dev-Niagara (F2AED0AC-9AFE-416F-8664-AA7FFA26D6FC): 1
LogDevObjectVersion:   Dev-Destruction (174F1F0B-B4C6-45A5-B13F-2EE8D0FB917D): 2
LogInit: Presizing for max 2097152 objects, including 1 objects not considered by GC, pre-allocating 0 bytes for permanent pool.
LogStreaming: Display: Async Loading initialized: Event Driven Loader: true, Async Loading Thread: false, Async Post Load: true
LogInit: Object subsystem initialized
LogConfig: Setting CVar [[con.DebugEarlyDefault:1]]
LogConfig: Setting CVar [[r.setres:1280x720]]
[2019.10.21-19.28.36:591][  0]LogConfig: Setting CVar [[con.DebugEarlyDefault:1]]
[2019.10.21-19.28.36:591][  0]LogConfig: Setting CVar [[r.setres:1280x720]]
[2019.10.21-19.28.36:591][  0]LogConfig: Applying CVar settings from Section [/Script/Engine.RendererSettings] File [../../../ProjectCritality/Saved/Config/WindowsNoEditor/Engine.ini]
[2019.10.21-19.28.36:591][  0]LogConfig: Setting CVar [[r.GPUCrashDebugging:0]]
[2019.10.21-19.28.36:591][  0]LogConfig: Setting CVar [[r.MobileHDR:1]]
[2019.10.21-19.28.36:592][  0]LogConfig: Setting CVar [[r.Mobile.DisableVertexFog:1]]
[2019.10.21-19.28.36:592][  0]LogConfig: Setting CVar [[r.Shadow.CSM.MaxMobileCascades:2]]
[2019.10.21-19.28.36:592][  0]LogConfig: Setting CVar [[r.MobileMSAA:1]]
[2019.10.21-19.28.36:592][  0]LogConfig: Setting CVar [[r.Mobile.UseLegacyShadingModel:0]]
[2019.10.21-19.28.36:592][  0]LogConfig: Setting CVar [[r.Mobile.UseHWsRGBEncoding:0]]
[2019.10.21-19.28.36:592][  0]LogConfig: Setting CVar [[r.Mobile.AllowDitheredLODTransition:0]]
[2019.10.21-19.28.36:592][  0]LogConfig: Setting CVar [[r.Mobile.AllowSoftwareOcclusion:0]]
[2019.10.21-19.28.36:592][  0]LogConfig: Setting CVar [[r.DiscardUnusedQuality:0]]
[2019.10.21-19.28.36:592][  0]LogConfig: Setting CVar [[r.AllowOcclusionQueries:1]]
[2019.10.21-19.28.36:592][  0]LogConfig: Setting CVar [[r.MinScreenRadiusForLights:0.030000]]
[2019.10.21-19.28.36:592][  0]LogConfig: Setting CVar [[r.MinScreenRadiusForDepthPrepass:0.030000]]
[2019.10.21-19.28.36:592][  0]LogConfig: Setting CVar [[r.MinScreenRadiusForCSMDepth:0.010000]]
[2019.10.21-19.28.36:592][  0]LogConfig: Setting CVar [[r.PrecomputedVisibilityWarning:0]]
[2019.10.21-19.28.36:592][  0]LogConfig: Setting CVar [[r.TextureStreaming:1]]
[2019.10.21-19.28.36:592][  0]LogConfig: Setting CVar [[Compat.UseDXT5NormalMaps:0]]
[2019.10.21-19.28.36:592][  0]LogConfig: Setting CVar [[r.ClearCoatNormal:0]]
[2019.10.21-19.28.36:592][  0]LogConfig: Setting CVar [[r.ReflectionCaptureResolution:128]]
[2019.10.21-19.28.36:592][  0]LogConfig: Setting CVar [[r.ReflectionEnvironmentLightmapMixBasedOnRoughness:1]]
[2019.10.21-19.28.36:592][  0]LogConfig: Setting CVar [[r.ForwardShading:0]]
[2019.10.21-19.28.36:592][  0]LogConfig: Setting CVar [[r.VertexFoggingForOpaque:1]]
[2019.10.21-19.28.36:592][  0]LogConfig: Setting CVar [[r.AllowStaticLighting:1]]
[2019.10.21-19.28.36:592][  0]LogConfig: Setting CVar [[r.NormalMapsForStaticLighting:0]]
[2019.10.21-19.28.36:592][  0]LogConfig: Setting CVar [[r.GenerateMeshDistanceFields:0]]
[2019.10.21-19.28.36:592][  0]LogConfig: Setting CVar [[r.DistanceFieldBuild.EightBit:0]]
[2019.10.21-19.28.36:592][  0]LogConfig: Setting CVar [[r.GenerateLandscapeGIData:0]]
[2019.10.21-19.28.36:592][  0]LogConfig: Setting CVar [[r.DistanceFieldBuild.Compress:0]]
[2019.10.21-19.28.36:592][  0]LogConfig: Setting CVar [[r.TessellationAdaptivePixelsPerTriangle:48.000000]]
[2019.10.21-19.28.36:592][  0]LogConfig: Setting CVar [[r.SeparateTranslucency:1]]
[2019.10.21-19.28.36:592][  0]LogConfig: Setting CVar [[r.TranslucentSortPolicy:0]]
[2019.10.21-19.28.36:592][  0]LogConfig: Setting CVar [[r.CustomDepth:1]]
[2019.10.21-19.28.36:592][  0]LogConfig: Setting CVar [[r.CustomDepthTemporalAAJitter:1]]
[2019.10.21-19.28.36:592][  0]LogConfig: Setting CVar [[r.PostProcessing.PropagateAlpha:0]]
[2019.10.21-19.28.36:592][  0]LogConfig: Setting CVar [[r.DOF.Algorithm:1]]
[2019.10.21-19.28.36:592][  0]LogConfig: Setting CVar [[r.DefaultFeature.Bloom:1]]
[2019.10.21-19.28.36:592][  0]LogConfig: Setting CVar [[r.DefaultFeature.AmbientOcclusion:1]]
[2019.10.21-19.28.36:592][  0]LogConfig: Setting CVar [[r.DefaultFeature.AmbientOcclusionStaticFraction:1]]
[2019.10.21-19.28.36:592][  0]LogConfig: Setting CVar [[r.DefaultFeature.AutoExposure:0]]
[2019.10.21-19.28.36:592][  0]LogConfig: Setting CVar [[r.DefaultFeature.AutoExposure.Method:0]]
[2019.10.21-19.28.36:593][  0]LogConfig: Setting CVar [[r.DefaultFeature.AutoExposure.ExtendDefaultLuminanceRange:1]]
[2019.10.21-19.28.36:593][  0]LogConfig: Setting CVar [[r.UsePreExposure:0]]
[2019.10.21-19.28.36:593][  0]LogConfig: Setting CVar [[r.DefaultFeature.MotionBlur:0]]
[2019.10.21-19.28.36:593][  0]LogConfig: Setting CVar [[r.DefaultFeature.LensFlare:0]]
[2019.10.21-19.28.36:593][  0]LogConfig: Setting CVar [[r.TemporalAA.Upsampling:0]]
[2019.10.21-19.28.36:593][  0]LogConfig: Setting CVar [[r.DefaultFeature.AntiAliasing:0]]
[2019.10.21-19.28.36:593][  0]LogConfig: Setting CVar [[r.DefaultFeature.LightUnits:1]]
[2019.10.21-19.28.36:593][  0]LogConfig: Setting CVar [[r.DefaultBackBufferPixelFormat:4]]
[2019.10.21-19.28.36:593][  0]LogConfig: Setting CVar [[r.Shadow.UnbuiltPreviewInGame:1]]
[2019.10.21-19.28.36:593][  0]LogConfig: Setting CVar [[r.StencilForLODDither:0]]
[2019.10.21-19.28.36:593][  0]LogConfig: Setting CVar [[r.EarlyZPass:3]]
[2019.10.21-19.28.36:593][  0]LogConfig: Setting CVar [[r.EarlyZPassOnlyMaterialMasking:0]]
[2019.10.21-19.28.36:593][  0]LogConfig: Setting CVar [[r.DBuffer:1]]
[2019.10.21-19.28.36:593][  0]LogConfig: Setting CVar [[r.ClearSceneMethod:1]]
[2019.10.21-19.28.36:593][  0]LogConfig: Setting CVar [[r.BasePassOutputsVelocity:0]]
[2019.10.21-19.28.36:593][  0]LogConfig: Setting CVar [[r.SelectiveBasePassOutputs:0]]
[2019.10.21-19.28.36:593][  0]LogConfig: Setting CVar [[fx.GPUSimulationTextureSizeX:1024]]
[2019.10.21-19.28.36:593][  0]LogConfig: Setting CVar [[fx.GPUSimulationTextureSizeY:1024]]
[2019.10.21-19.28.36:593][  0]LogConfig: Setting CVar [[r.AllowGlobalClipPlane:0]]
[2019.10.21-19.28.36:593][  0]LogConfig: Setting CVar [[r.GBufferFormat:1]]
[2019.10.21-19.28.36:593][  0]LogConfig: Setting CVar [[r.MorphTarget.Mode:1]]
[2019.10.21-19.28.36:593][  0]LogConfig: Setting CVar [[vr.InstancedStereo:0]]
[2019.10.21-19.28.36:593][  0]LogConfig: Setting CVar [[vr.MultiView:0]]
[2019.10.21-19.28.36:593][  0]LogConfig: Setting CVar [[vr.MobileMultiView:0]]
[2019.10.21-19.28.36:593][  0]LogConfig: Setting CVar [[vr.MobileMultiView.Direct:0]]
[2019.10.21-19.28.36:593][  0]LogConfig: Setting CVar [[vr.RoundRobinOcclusion:0]]
[2019.10.21-19.28.36:593][  0]LogConfig: Setting CVar [[vr.ODSCapture:0]]
[2019.10.21-19.28.36:593][  0]LogConfig: Setting CVar [[r.WireframeCullThreshold:5.000000]]
[2019.10.21-19.28.36:593][  0]LogConfig: Setting CVar [[r.RayTracing:0]]
[2019.10.21-19.28.36:593][  0]LogConfig: Setting CVar [[r.SupportStationarySkylight:1]]
[2019.10.21-19.28.36:594][  0]LogConfig: Setting CVar [[r.SupportLowQualityLightmaps:1]]
[2019.10.21-19.28.36:594][  0]LogConfig: Setting CVar [[r.SupportPointLightWholeSceneShadows:1]]
[2019.10.21-19.28.36:594][  0]LogConfig: Setting CVar [[r.SupportAtmosphericFog:1]]
[2019.10.21-19.28.36:594][  0]LogConfig: Setting CVar [[r.SkinCache.CompileShaders:0]]
[2019.10.21-19.28.36:594][  0]LogConfig: Setting CVar [[r.Mobile.EnableStaticAndCSMShadowReceivers:1]]
[2019.10.21-19.28.36:594][  0]LogConfig: Setting CVar [[r.Mobile.EnableMovableLightCSMShaderCulling:1]]
[2019.10.21-19.28.36:594][  0]LogConfig: Setting CVar [[r.Mobile.AllowDistanceFieldShadows:1]]
[2019.10.21-19.28.36:594][  0]LogConfig: Setting CVar [[r.Mobile.AllowMovableDirectionalLights:1]]
[2019.10.21-19.28.36:594][  0]LogConfig: Setting CVar [[r.MobileNumDynamicPointLights:4]]
[2019.10.21-19.28.36:594][  0]LogConfig: Setting CVar [[r.MobileDynamicPointLightsUseStaticBranch:1]]
[2019.10.21-19.28.36:594][  0]LogConfig: Setting CVar [[r.Mobile.EnableMovableSpotlights:0]]
[2019.10.21-19.28.36:594][  0]LogConfig: Setting CVar [[r.SkinCache.SceneMemoryLimitInMB:128.000000]]
[2019.10.21-19.28.36:594][  0]LogConfig: Setting CVar [[r.GPUSkin.Limit2BoneInfluences:0]]
[2019.10.21-19.28.36:594][  0]LogConfig: Setting CVar [[r.SupportDepthOnlyIndexBuffers:1]]
[2019.10.21-19.28.36:594][  0]LogConfig: Setting CVar [[r.SupportReversedIndexBuffers:1]]
[2019.10.21-19.28.36:594][  0]LogConfig: Setting CVar [[r.SupportMaterialLayers:0]]
[2019.10.21-19.28.36:594][  0]LogConfig: Applying CVar settings from Section [/Script/Engine.RendererOverrideSettings] File [../../../ProjectCritality/Saved/Config/WindowsNoEditor/Engine.ini]
[2019.10.21-19.28.36:594][  0]LogConfig: Applying CVar settings from Section [/Script/Engine.StreamingSettings] File [../../../ProjectCritality/Saved/Config/WindowsNoEditor/Engine.ini]
[2019.10.21-19.28.36:594][  0]LogConfig: Setting CVar [[s.MinBulkDataSizeForAsyncLoading:131072]]
[2019.10.21-19.28.36:594][  0]LogConfig: Setting CVar [[s.AsyncLoadingThreadEnabled:0]]
[2019.10.21-19.28.36:594][  0]LogConfig: Setting CVar [[s.EventDrivenLoaderEnabled:1]]
[2019.10.21-19.28.36:594][  0]LogConfig: Setting CVar [[s.WarnIfTimeLimitExceeded:0]]
[2019.10.21-19.28.36:594][  0]LogConfig: Setting CVar [[s.TimeLimitExceededMultiplier:1.5]]
[2019.10.21-19.28.36:594][  0]LogConfig: Setting CVar [[s.TimeLimitExceededMinTime:0.005]]
[2019.10.21-19.28.36:594][  0]LogConfig: Setting CVar [[s.UseBackgroundLevelStreaming:1]]
[2019.10.21-19.28.36:594][  0]LogConfig: Setting CVar [[s.PriorityAsyncLoadingExtraTime:15.0]]
[2019.10.21-19.28.36:594][  0]LogConfig: Setting CVar [[s.LevelStreamingActorsUpdateTimeLimit:5.0]]
[2019.10.21-19.28.36:594][  0]LogConfig: Setting CVar [[s.PriorityLevelStreamingActorsUpdateExtraTime:5.0]]
[2019.10.21-19.28.36:594][  0]LogConfig: Setting CVar [[s.LevelStreamingComponentsRegistrationGranularity:10]]
[2019.10.21-19.28.36:594][  0]LogConfig: Setting CVar [[s.UnregisterComponentsTimeLimit:1.0]]
[2019.10.21-19.28.36:594][  0]LogConfig: Setting CVar [[s.LevelStreamingComponentsUnregistrationGranularity:5]]
[2019.10.21-19.28.36:594][  0]LogConfig: Applying CVar settings from Section [/Script/Engine.GarbageCollectionSettings] File [../../../ProjectCritality/Saved/Config/WindowsNoEditor/Engine.ini]
[2019.10.21-19.28.36:594][  0]LogConfig: Setting CVar [[gc.MaxObjectsNotConsideredByGC:1]]
[2019.10.21-19.28.36:595][  0]LogConfig: Setting CVar [[gc.SizeOfPermanentObjectPool:0]]
[2019.10.21-19.28.36:595][  0]LogConfig: Setting CVar [[gc.FlushStreamingOnGC:0]]
[2019.10.21-19.28.36:595][  0]LogConfig: Setting CVar [[gc.NumRetriesBeforeForcingGC:10]]
[2019.10.21-19.28.36:595][  0]LogConfig: Setting CVar [[gc.AllowParallelGC:1]]
[2019.10.21-19.28.36:595][  0]LogConfig: Setting CVar [[gc.TimeBetweenPurgingPendingKillObjects:61.1]]
[2019.10.21-19.28.36:595][  0]LogConfig: Setting CVar [[gc.MaxObjectsInEditor:16777216]]
[2019.10.21-19.28.36:595][  0]LogConfig: Setting CVar [[gc.IncrementalBeginDestroyEnabled:1]]
[2019.10.21-19.28.36:595][  0]LogConfig: Setting CVar [[gc.CreateGCClusters:1]]
[2019.10.21-19.28.36:595][  0]LogConfig: Setting CVar [[gc.MinGCClusterSize:5]]
[2019.10.21-19.28.36:595][  0]LogConfig: Setting CVar [[gc.ActorClusteringEnabled:0]]
[2019.10.21-19.28.36:595][  0]LogConfig: Setting CVar [[gc.BlueprintClusteringEnabled:0]]
[2019.10.21-19.28.36:595][  0]LogConfig: Setting CVar [[gc.UseDisregardForGCOnDedicatedServers:0]]
[2019.10.21-19.28.36:595][  0]LogConfig: Applying CVar settings from Section [/Script/Engine.NetworkSettings] File [../../../ProjectCritality/Saved/Config/WindowsNoEditor/Engine.ini]
[2019.10.21-19.28.36:601][  0]LogConfig: Applying CVar settings from Section [ViewDistanceQuality@3] File [../../../ProjectCritality/Saved/Config/WindowsNoEditor/Scalability.ini]
[2019.10.21-19.28.36:601][  0]LogConfig: Setting CVar [[r.SkeletalMeshLODBias:0]]
[2019.10.21-19.28.36:601][  0]LogConfig: Setting CVar [[r.ViewDistanceScale:1.0]]
[2019.10.21-19.28.36:601][  0]LogConfig: Applying CVar settings from Section [AntiAliasingQuality@3] File [../../../ProjectCritality/Saved/Config/WindowsNoEditor/Scalability.ini]
[2019.10.21-19.28.36:601][  0]LogConfig: Setting CVar [[r.PostProcessAAQuality:4]]
[2019.10.21-19.28.36:602][  0]LogConfig: Applying CVar settings from Section [ShadowQuality@3] File [../../../ProjectCritality/Saved/Config/WindowsNoEditor/Scalability.ini]
[2019.10.21-19.28.36:602][  0]LogConfig: Setting CVar [[r.LightFunctionQuality:1]]
[2019.10.21-19.28.36:602][  0]LogConfig: Setting CVar [[r.ShadowQuality:5]]
[2019.10.21-19.28.36:602][  0]LogConfig: Setting CVar [[r.Shadow.CSM.MaxCascades:10]]
[2019.10.21-19.28.36:602][  0]LogConfig: Setting CVar [[r.Shadow.MaxResolution:2048]]
[2019.10.21-19.28.36:602][  0]LogConfig: Setting CVar [[r.Shadow.MaxCSMResolution:2048]]
[2019.10.21-19.28.36:602][  0]LogConfig: Setting CVar [[r.Shadow.RadiusThreshold:0.01]]
[2019.10.21-19.28.36:602][  0]LogConfig: Setting CVar [[r.Shadow.DistanceScale:1.0]]
[2019.10.21-19.28.36:602][  0]LogConfig: Setting CVar [[r.Shadow.CSM.TransitionScale:1.0]]
[2019.10.21-19.28.36:602][  0]LogConfig: Setting CVar [[r.Shadow.PreShadowResolutionFactor:1.0]]
[2019.10.21-19.28.36:602][  0]LogConfig: Setting CVar [[r.DistanceFieldShadowing:1]]
[2019.10.21-19.28.36:602][  0]LogConfig: Setting CVar [[r.DistanceFieldAO:1]]
[2019.10.21-19.28.36:602][  0]LogConfig: Setting CVar [[r.AOQuality:2]]
[2019.10.21-19.28.36:602][  0]LogConfig: Setting CVar [[r.VolumetricFog:1]]
[2019.10.21-19.28.36:602][  0]LogConfig: Setting CVar [[r.VolumetricFog.GridPixelSize:8]]
[2019.10.21-19.28.36:602][  0]LogConfig: Setting CVar [[r.VolumetricFog.GridSizeZ:128]]
[2019.10.21-19.28.36:602][  0]LogConfig: Setting CVar [[r.VolumetricFog.HistoryMissSupersampleCount:4]]
[2019.10.21-19.28.36:602][  0]LogConfig: Setting CVar [[r.LightMaxDrawDistanceScale:1]]
[2019.10.21-19.28.36:602][  0]LogConfig: Setting CVar [[r.CapsuleShadows:1]]
[2019.10.21-19.28.36:602][  0]LogConfig: Applying CVar settings from Section [PostProcessQuality@3] File [../../../ProjectCritality/Saved/Config/WindowsNoEditor/Scalability.ini]
[2019.10.21-19.28.36:602][  0]LogConfig: Setting CVar [[r.MotionBlurQuality:4]]
[2019.10.21-19.28.36:602][  0]LogConfig: Setting CVar [[r.AmbientOcclusionMipLevelFactor:0.4]]
[2019.10.21-19.28.36:602][  0]LogConfig: Setting CVar [[r.AmbientOcclusionMaxQuality:100]]
[2019.10.21-19.28.36:602][  0]LogConfig: Setting CVar [[r.AmbientOcclusionLevels:-1]]
[2019.10.21-19.28.36:602][  0]LogConfig: Setting CVar [[r.AmbientOcclusionRadiusScale:1.0]]
[2019.10.21-19.28.36:602][  0]LogConfig: Setting CVar [[r.DepthOfFieldQuality:2]]
[2019.10.21-19.28.36:602][  0]LogConfig: Setting CVar [[r.RenderTargetPoolMin:400]]
[2019.10.21-19.28.36:602][  0]LogConfig: Setting CVar [[r.LensFlareQuality:2]]
[2019.10.21-19.28.36:602][  0]LogConfig: Setting CVar [[r.SceneColorFringeQuality:1]]
[2019.10.21-19.28.36:602][  0]LogConfig: Setting CVar [[r.EyeAdaptationQuality:2]]
[2019.10.21-19.28.36:602][  0]LogConfig: Setting CVar [[r.BloomQuality:5]]
[2019.10.21-19.28.36:602][  0]LogConfig: Setting CVar [[r.FastBlurThreshold:100]]
[2019.10.21-19.28.36:602][  0]LogConfig: Setting CVar [[r.Upscale.Quality:3]]
[2019.10.21-19.28.36:602][  0]LogConfig: Setting CVar [[r.Tonemapper.GrainQuantization:1]]
[2019.10.21-19.28.36:602][  0]LogConfig: Setting CVar [[r.LightShaftQuality:1]]
[2019.10.21-19.28.36:602][  0]LogConfig: Setting CVar [[r.Filter.SizeScale:1]]
[2019.10.21-19.28.36:602][  0]LogConfig: Setting CVar [[r.Tonemapper.Quality:5]]
[2019.10.21-19.28.36:602][  0]LogConfig: Setting CVar [[r.DOF.Gather.AccumulatorQuality:1        ; higher gathering accumulator quality]]
[2019.10.21-19.28.36:603][  0]LogConfig: Setting CVar [[r.DOF.Gather.PostfilterMethod:1          ; Median3x3 postfilering method]]
[2019.10.21-19.28.36:603][  0]LogConfig: Setting CVar [[r.DOF.Gather.EnableBokehSettings:0       ; no bokeh simulation when gathering]]
[2019.10.21-19.28.36:603][  0]LogConfig: Setting CVar [[r.DOF.Gather.RingCount:4                 ; medium number of samples when gathering]]
[2019.10.21-19.28.36:603][  0]LogConfig: Setting CVar [[r.DOF.Scatter.ForegroundCompositing:1    ; additive foreground scattering]]
[2019.10.21-19.28.36:603][  0]LogConfig: Setting CVar [[r.DOF.Scatter.BackgroundCompositing:2    ; additive background scattering]]
[2019.10.21-19.28.36:603][  0]LogConfig: Setting CVar [[r.DOF.Scatter.EnableBokehSettings:1      ; bokeh simulation when scattering]]
[2019.10.21-19.28.36:603][  0]LogConfig: Setting CVar [[r.DOF.Scatter.MaxSpriteRatio:0.1         ; only a maximum of 10% of scattered bokeh]]
[2019.10.21-19.28.36:603][  0]LogConfig: Setting CVar [[r.DOF.Recombine.Quality:1                ; cheap slight out of focus]]
[2019.10.21-19.28.36:603][  0]LogConfig: Setting CVar [[r.DOF.Recombine.EnableBokehSettings:0    ; no bokeh simulation on slight out of focus]]
[2019.10.21-19.28.36:603][  0]LogConfig: Setting CVar [[r.DOF.TemporalAAQuality:1                ; more stable temporal accumulation]]
[2019.10.21-19.28.36:603][  0]LogConfig: Setting CVar [[r.DOF.Kernel.MaxForegroundRadius:0.025]]
[2019.10.21-19.28.36:603][  0]LogConfig: Setting CVar [[r.DOF.Kernel.MaxBackgroundRadius:0.025]]
[2019.10.21-19.28.36:603][  0]LogConfig: Applying CVar settings from Section [TextureQuality@3] File [../../../ProjectCritality/Saved/Config/WindowsNoEditor/Scalability.ini]
[2019.10.21-19.28.36:603][  0]LogConfig: Setting CVar [[r.Streaming.MipBias:0]]
[2019.10.21-19.28.36:603][  0]LogConfig: Setting CVar [[r.Streaming.AmortizeCPUToGPUCopy:0]]
[2019.10.21-19.28.36:603][  0]LogConfig: Setting CVar [[r.Streaming.MaxNumTexturesToStreamPerFrame:0]]
[2019.10.21-19.28.36:603][  0]LogConfig: Setting CVar [[r.Streaming.Boost:1]]
[2019.10.21-19.28.36:603][  0]LogConfig: Setting CVar [[r.MaxAnisotropy:8]]
[2019.10.21-19.28.36:603][  0]LogConfig: Setting CVar [[r.Streaming.LimitPoolSizeToVRAM:0]]
[2019.10.21-19.28.36:603][  0]LogConfig: Setting CVar [[r.Streaming.PoolSize:1000]]
[2019.10.21-19.28.36:603][  0]LogConfig: Setting CVar [[r.Streaming.MaxEffectiveScreenSize:0]]
[2019.10.21-19.28.36:603][  0]LogConfig: Applying CVar settings from Section [EffectsQuality@3] File [../../../ProjectCritality/Saved/Config/WindowsNoEditor/Scalability.ini]
[2019.10.21-19.28.36:603][  0]LogConfig: Setting CVar [[r.TranslucencyLightingVolumeDim:64]]
[2019.10.21-19.28.36:603][  0]LogConfig: Setting CVar [[r.RefractionQuality:2]]
[2019.10.21-19.28.36:603][  0]LogConfig: Setting CVar [[r.SSR.Quality:3]]
[2019.10.21-19.28.36:603][  0]LogConfig: Setting CVar [[r.SceneColorFormat:4]]
[2019.10.21-19.28.36:603][  0]LogConfig: Setting CVar [[r.DetailMode:2]]
[2019.10.21-19.28.36:603][  0]LogConfig: Setting CVar [[r.TranslucencyVolumeBlur:1]]
[2019.10.21-19.28.36:603][  0]LogConfig: Setting CVar [[r.MaterialQualityLevel:1 ; High quality]]
[2019.10.21-19.28.36:603][  0]LogConfig: Setting CVar [[r.SSS.Scale:1]]
[2019.10.21-19.28.36:603][  0]LogConfig: Setting CVar [[r.SSS.SampleSet:2]]
[2019.10.21-19.28.36:603][  0]LogConfig: Setting CVar [[r.SSS.Quality:1]]
[2019.10.21-19.28.36:603][  0]LogConfig: Setting CVar [[r.SSS.HalfRes:1]]
[2019.10.21-19.28.36:603][  0]LogConfig: Setting CVar [[r.EmitterSpawnRateScale:1.0]]
[2019.10.21-19.28.36:603][  0]LogConfig: Setting CVar [[r.ParticleLightQuality:2]]
[2019.10.21-19.28.36:604][  0]LogConfig: Applying CVar settings from Section [FoliageQuality@3] File [../../../ProjectCritality/Saved/Config/WindowsNoEditor/Scalability.ini]
[2019.10.21-19.28.36:604][  0]LogConfig: Setting CVar [[foliage.DensityScale:1.0]]
[2019.10.21-19.28.36:604][  0]LogConfig: Setting CVar [[grass.DensityScale:1.0]]
[2019.10.21-19.28.36:604][  0]LogInit: Selected Device Profile: [WindowsNoEditor]
[2019.10.21-19.28.36:604][  0]LogInit: Applying CVar settings loaded from the selected device profile: [WindowsNoEditor]
[2019.10.21-19.28.36:609][  0]LogHAL: Display: Platform has ~ 16 GB [17123278848 / 17179869184 / 16], which maps to Larger [LargestMinGB=32, LargerMinGB=12, DefaultMinGB=8, SmallerMinGB=6, SmallestMinGB=0)
[2019.10.21-19.28.36:609][  0]LogInit: Going up to parent DeviceProfile [Windows]
[2019.10.21-19.28.36:609][  0]LogConfig: Setting CVar [[r.Vulkan.UseRealUBs:0		; Required until we fix HLR fall-out]]
[2019.10.21-19.28.36:609][  0]LogInit: Going up to parent DeviceProfile []
[2019.10.21-19.28.36:610][  0]LogConfig: Applying CVar settings from Section [ViewDistanceQuality@3] File [../../../ProjectCritality/Saved/Config/WindowsNoEditor/Scalability.ini]
[2019.10.21-19.28.36:610][  0]LogConfig: Setting CVar [[r.SkeletalMeshLODBias:0]]
[2019.10.21-19.28.36:610][  0]LogConfig: Setting CVar [[r.ViewDistanceScale:1.0]]
[2019.10.21-19.28.36:610][  0]LogConfig: Applying CVar settings from Section [AntiAliasingQuality@3] File [../../../ProjectCritality/Saved/Config/WindowsNoEditor/Scalability.ini]
[2019.10.21-19.28.36:610][  0]LogConfig: Setting CVar [[r.PostProcessAAQuality:4]]
[2019.10.21-19.28.36:610][  0]LogConfig: Applying CVar settings from Section [ShadowQuality@3] File [../../../ProjectCritality/Saved/Config/WindowsNoEditor/Scalability.ini]
[2019.10.21-19.28.36:610][  0]LogConfig: Setting CVar [[r.LightFunctionQuality:1]]
[2019.10.21-19.28.36:610][  0]LogConfig: Setting CVar [[r.ShadowQuality:5]]
[2019.10.21-19.28.36:610][  0]LogConfig: Setting CVar [[r.Shadow.CSM.MaxCascades:10]]
[2019.10.21-19.28.36:610][  0]LogConfig: Setting CVar [[r.Shadow.MaxResolution:2048]]
[2019.10.21-19.28.36:610][  0]LogConfig: Setting CVar [[r.Shadow.MaxCSMResolution:2048]]
[2019.10.21-19.28.36:610][  0]LogConfig: Setting CVar [[r.Shadow.RadiusThreshold:0.01]]
[2019.10.21-19.28.36:610][  0]LogConfig: Setting CVar [[r.Shadow.DistanceScale:1.0]]
[2019.10.21-19.28.36:610][  0]LogConfig: Setting CVar [[r.Shadow.CSM.TransitionScale:1.0]]
[2019.10.21-19.28.36:610][  0]LogConfig: Setting CVar [[r.Shadow.PreShadowResolutionFactor:1.0]]
[2019.10.21-19.28.36:610][  0]LogConfig: Setting CVar [[r.DistanceFieldShadowing:1]]
[2019.10.21-19.28.36:610][  0]LogConfig: Setting CVar [[r.DistanceFieldAO:1]]
[2019.10.21-19.28.36:610][  0]LogConfig: Setting CVar [[r.AOQuality:2]]
[2019.10.21-19.28.36:610][  0]LogConfig: Setting CVar [[r.VolumetricFog:1]]
[2019.10.21-19.28.36:610][  0]LogConfig: Setting CVar [[r.VolumetricFog.GridPixelSize:8]]
[2019.10.21-19.28.36:610][  0]LogConfig: Setting CVar [[r.VolumetricFog.GridSizeZ:128]]
[2019.10.21-19.28.36:610][  0]LogConfig: Setting CVar [[r.VolumetricFog.HistoryMissSupersampleCount:4]]
[2019.10.21-19.28.36:610][  0]LogConfig: Setting CVar [[r.LightMaxDrawDistanceScale:1]]
[2019.10.21-19.28.36:610][  0]LogConfig: Setting CVar [[r.CapsuleShadows:1]]
[2019.10.21-19.28.36:610][  0]LogConfig: Applying CVar settings from Section [PostProcessQuality@3] File [../../../ProjectCritality/Saved/Config/WindowsNoEditor/Scalability.ini]
[2019.10.21-19.28.36:610][  0]LogConfig: Setting CVar [[r.MotionBlurQuality:4]]
[2019.10.21-19.28.36:610][  0]LogConfig: Setting CVar [[r.AmbientOcclusionMipLevelFactor:0.4]]
[2019.10.21-19.28.36:610][  0]LogConfig: Setting CVar [[r.AmbientOcclusionMaxQuality:100]]
[2019.10.21-19.28.36:610][  0]LogConfig: Setting CVar [[r.AmbientOcclusionLevels:-1]]
[2019.10.21-19.28.36:610][  0]LogConfig: Setting CVar [[r.AmbientOcclusionRadiusScale:1.0]]
[2019.10.21-19.28.36:610][  0]LogConfig: Setting CVar [[r.DepthOfFieldQuality:2]]
[2019.10.21-19.28.36:611][  0]LogConfig: Setting CVar [[r.RenderTargetPoolMin:400]]
[2019.10.21-19.28.36:611][  0]LogConfig: Setting CVar [[r.LensFlareQuality:2]]
[2019.10.21-19.28.36:611][  0]LogConfig: Setting CVar [[r.SceneColorFringeQuality:1]]
[2019.10.21-19.28.36:611][  0]LogConfig: Setting CVar [[r.EyeAdaptationQuality:2]]
[2019.10.21-19.28.36:611][  0]LogConfig: Setting CVar [[r.BloomQuality:5]]
[2019.10.21-19.28.36:611][  0]LogConfig: Setting CVar [[r.FastBlurThreshold:100]]
[2019.10.21-19.28.36:611][  0]LogConfig: Setting CVar [[r.Upscale.Quality:3]]
[2019.10.21-19.28.36:611][  0]LogConfig: Setting CVar [[r.Tonemapper.GrainQuantization:1]]
[2019.10.21-19.28.36:611][  0]LogConfig: Setting CVar [[r.LightShaftQuality:1]]
[2019.10.21-19.28.36:611][  0]LogConfig: Setting CVar [[r.Filter.SizeScale:1]]
[2019.10.21-19.28.36:611][  0]LogConfig: Setting CVar [[r.Tonemapper.Quality:5]]
[2019.10.21-19.28.36:611][  0]LogConfig: Setting CVar [[r.DOF.Gather.AccumulatorQuality:1        ; higher gathering accumulator quality]]
[2019.10.21-19.28.36:611][  0]LogConfig: Setting CVar [[r.DOF.Gather.PostfilterMethod:1          ; Median3x3 postfilering method]]
[2019.10.21-19.28.36:611][  0]LogConfig: Setting CVar [[r.DOF.Gather.EnableBokehSettings:0       ; no bokeh simulation when gathering]]
[2019.10.21-19.28.36:611][  0]LogConfig: Setting CVar [[r.DOF.Gather.RingCount:4                 ; medium number of samples when gathering]]
[2019.10.21-19.28.36:611][  0]LogConfig: Setting CVar [[r.DOF.Scatter.ForegroundCompositing:1    ; additive foreground scattering]]
[2019.10.21-19.28.36:611][  0]LogConfig: Setting CVar [[r.DOF.Scatter.BackgroundCompositing:2    ; additive background scattering]]
[2019.10.21-19.28.36:611][  0]LogConfig: Setting CVar [[r.DOF.Scatter.EnableBokehSettings:1      ; bokeh simulation when scattering]]
[2019.10.21-19.28.36:611][  0]LogConfig: Setting CVar [[r.DOF.Scatter.MaxSpriteRatio:0.1         ; only a maximum of 10% of scattered bokeh]]
[2019.10.21-19.28.36:611][  0]LogConfig: Setting CVar [[r.DOF.Recombine.Quality:1                ; cheap slight out of focus]]
[2019.10.21-19.28.36:611][  0]LogConfig: Setting CVar [[r.DOF.Recombine.EnableBokehSettings:0    ; no bokeh simulation on slight out of focus]]
[2019.10.21-19.28.36:611][  0]LogConfig: Setting CVar [[r.DOF.TemporalAAQuality:1                ; more stable temporal accumulation]]
[2019.10.21-19.28.36:611][  0]LogConfig: Setting CVar [[r.DOF.Kernel.MaxForegroundRadius:0.025]]
[2019.10.21-19.28.36:611][  0]LogConfig: Setting CVar [[r.DOF.Kernel.MaxBackgroundRadius:0.025]]
[2019.10.21-19.28.36:611][  0]LogConfig: Applying CVar settings from Section [TextureQuality@3] File [../../../ProjectCritality/Saved/Config/WindowsNoEditor/Scalability.ini]
[2019.10.21-19.28.36:611][  0]LogConfig: Setting CVar [[r.Streaming.MipBias:0]]
[2019.10.21-19.28.36:611][  0]LogConfig: Setting CVar [[r.Streaming.AmortizeCPUToGPUCopy:0]]
[2019.10.21-19.28.36:611][  0]LogConfig: Setting CVar [[r.Streaming.MaxNumTexturesToStreamPerFrame:0]]
[2019.10.21-19.28.36:611][  0]LogConfig: Setting CVar [[r.Streaming.Boost:1]]
[2019.10.21-19.28.36:611][  0]LogConfig: Setting CVar [[r.MaxAnisotropy:8]]
[2019.10.21-19.28.36:611][  0]LogConfig: Setting CVar [[r.Streaming.LimitPoolSizeToVRAM:0]]
[2019.10.21-19.28.36:611][  0]LogConfig: Setting CVar [[r.Streaming.PoolSize:1000]]
[2019.10.21-19.28.36:611][  0]LogConfig: Setting CVar [[r.Streaming.MaxEffectiveScreenSize:0]]
[2019.10.21-19.28.36:611][  0]LogConfig: Applying CVar settings from Section [EffectsQuality@3] File [../../../ProjectCritality/Saved/Config/WindowsNoEditor/Scalability.ini]
[2019.10.21-19.28.36:611][  0]LogConfig: Setting CVar [[r.TranslucencyLightingVolumeDim:64]]
[2019.10.21-19.28.36:611][  0]LogConfig: Setting CVar [[r.RefractionQuality:2]]
[2019.10.21-19.28.36:612][  0]LogConfig: Setting CVar [[r.SSR.Quality:3]]
[2019.10.21-19.28.36:612][  0]LogConfig: Setting CVar [[r.SceneColorFormat:4]]
[2019.10.21-19.28.36:612][  0]LogConfig: Setting CVar [[r.DetailMode:2]]
[2019.10.21-19.28.36:612][  0]LogConfig: Setting CVar [[r.TranslucencyVolumeBlur:1]]
[2019.10.21-19.28.36:612][  0]LogConfig: Setting CVar [[r.MaterialQualityLevel:1 ; High quality]]
[2019.10.21-19.28.36:612][  0]LogConfig: Setting CVar [[r.SSS.Scale:1]]
[2019.10.21-19.28.36:612][  0]LogConfig: Setting CVar [[r.SSS.SampleSet:2]]
[2019.10.21-19.28.36:612][  0]LogConfig: Setting CVar [[r.SSS.Quality:1]]
[2019.10.21-19.28.36:612][  0]LogConfig: Setting CVar [[r.SSS.HalfRes:1]]
[2019.10.21-19.28.36:612][  0]LogConfig: Setting CVar [[r.EmitterSpawnRateScale:1.0]]
[2019.10.21-19.28.36:612][  0]LogConfig: Setting CVar [[r.ParticleLightQuality:2]]
[2019.10.21-19.28.36:612][  0]LogConfig: Applying CVar settings from Section [FoliageQuality@3] File [../../../ProjectCritality/Saved/Config/WindowsNoEditor/Scalability.ini]
[2019.10.21-19.28.36:612][  0]LogConfig: Setting CVar [[foliage.DensityScale:1.0]]
[2019.10.21-19.28.36:612][  0]LogConfig: Setting CVar [[grass.DensityScale:1.0]]
[2019.10.21-19.28.36:612][  0]LogConfig: Applying CVar settings from Section [Startup] File [../../../Engine/Config/ConsoleVariables.ini]
[2019.10.21-19.28.36:612][  0]LogConfig: Setting CVar [[net.UseAdaptiveNetUpdateFrequency:0]]
[2019.10.21-19.28.36:612][  0]LogConfig: Setting CVar [[p.chaos.AllowCreatePhysxBodies:1]]
[2019.10.21-19.28.36:612][  0]LogConfig: Applying CVar settings from Section [ConsoleVariables] File [../../../ProjectCritality/Saved/Config/WindowsNoEditor/Engine.ini]
[2019.10.21-19.28.36:612][  0]LogInit: Computer: TUMBLE-PC
[2019.10.21-19.28.36:612][  0]LogInit: User: Tumble
[2019.10.21-19.28.36:612][  0]LogInit: CPU Page size=4096, Cores=6
[2019.10.21-19.28.36:612][  0]LogInit: High frequency timer resolution =10.000000 MHz
[2019.10.21-19.28.36:613][  0]LogMemory: Memory total: Physical=15.9GB (16GB approx) Virtual=4.0GB
[2019.10.21-19.28.36:613][  0]LogMemory: Platform Memory Stats for WindowsNoEditor
[2019.10.21-19.28.36:613][  0]LogMemory: Process Physical Memory: 47.38 MB used, 47.38 MB peak
[2019.10.21-19.28.36:613][  0]LogMemory: Process Virtual Memory: 62.43 MB used, 62.43 MB peak
[2019.10.21-19.28.36:613][  0]LogMemory: Physical Memory: 11720.45 MB used,  4609.58 MB free, 16330.03 MB total
[2019.10.21-19.28.36:613][  0]LogMemory: Virtual Memory: 274.69 MB used,  3821.18 MB free, 4095.88 MB total
[2019.10.21-19.28.36:632][  0]LogInit: Using OS detected language (en-GB).
[2019.10.21-19.28.36:632][  0]LogInit: Using OS detected locale (en-GB).
[2019.10.21-19.28.36:632][  0]LogTextLocalizationManager: No specific localization for 'en-GB' exists, so the 'en' localization will be used.
[2019.10.21-19.28.36:666][  0]LogSlate: New Slate User Created.  User Index 0, Is Virtual User: 0
[2019.10.21-19.28.36:666][  0]LogSlate: Slate User Registered.  User Index 0, Is Virtual User: 0
[2019.10.21-19.28.36:739][  0]LogHMD: Failed to initialize OpenVR with code 108
[2019.10.21-19.28.36:739][  0]LogD3D11RHI: D3D11 adapters:
[2019.10.21-19.28.36:820][  0]LogD3D11RHI:    0. 'NVIDIA GeForce GTX 1060 6GB' (Feature Level 11_0)
[2019.10.21-19.28.36:820][  0]LogD3D11RHI:       3072/0/1023 MB DedicatedVideo/DedicatedSystem/SharedSystem, Outputs:2, VendorId:0x10de
[2019.10.21-19.28.36:822][  0]LogD3D11RHI:    1. 'Microsoft Basic Render Driver' (Feature Level 11_0)
[2019.10.21-19.28.36:822][  0]LogD3D11RHI:       0/0/4095 MB DedicatedVideo/DedicatedSystem/SharedSystem, Outputs:0, VendorId:0x1414
[2019.10.21-19.28.36:822][  0]LogD3D11RHI: Chosen D3D11 Adapter: 0
[2019.10.21-19.28.36:835][  0]LogD3D11RHI: Creating new Direct3DDevice
[2019.10.21-19.28.36:835][  0]LogD3D11RHI:     GPU DeviceId: 0x1c03 (for the marketing name, search the web for "GPU Device Id")
[2019.10.21-19.28.36:835][  0]LogWindows: EnumDisplayDevices:
[2019.10.21-19.28.36:835][  0]LogWindows:    0. 'NVIDIA GeForce GTX 1060 6GB' (P:0 D:1)
[2019.10.21-19.28.36:835][  0]LogWindows:    1. 'NVIDIA GeForce GTX 1060 6GB' (P:1 D:1)
[2019.10.21-19.28.36:836][  0]LogWindows:    2. 'NVIDIA GeForce GTX 1060 6GB' (P:0 D:0)
[2019.10.21-19.28.36:837][  0]LogWindows:    3. 'NVIDIA GeForce GTX 1060 6GB' (P:0 D:0)
[2019.10.21-19.28.36:837][  0]LogWindows: DebugString: FoundDriverCount:4 
[2019.10.21-19.28.36:837][  0]LogD3D11RHI:     Adapter Name: NVIDIA GeForce GTX 1060 6GB
[2019.10.21-19.28.36:837][  0]LogD3D11RHI:   Driver Version: 436.48 (internal:26.21.14.3648, unified:436.48)
[2019.10.21-19.28.36:837][  0]LogD3D11RHI:      Driver Date: 9-26-2019
[2019.10.21-19.28.36:837][  0]LogRHI: Texture pool is 716 MB (70% of 1024 MB)
[2019.10.21-19.28.36:888][  0]LogD3D11RHI: Async texture creation enabled
[2019.10.21-19.28.36:901][  0]LogRendererCore: FGlobalReadBuffer::InitRHI
[2019.10.21-19.28.36:902][  0]LogRendererCore: FGlobalReadBuffer::InitRHI
[2019.10.21-19.28.36:902][  0]LogRendererCore: FGlobalReadBuffer::InitRHI
[2019.10.21-19.28.36:907][  0]LogD3D11RHI: GPU Timing Frequency: 1000.000000 (Debug: 2 1)
[2019.10.21-19.28.36:996][  0]LogShaderLibrary: Display: Failed to load Shared Shader Library: Global and no native library supported.
[2019.10.21-19.28.36:996][  0]LogShaderLibrary: Display: Failed to load Shared Shader Library: Global_SC and no native library supported.
[2019.10.21-19.28.36:997][  0]LogShaderLibrary: Display: Failed to load Shared Shader Library: Paper2D and no native library supported.
[2019.10.21-19.28.36:997][  0]LogShaderLibrary: Display: Failed to load Shared Shader Library: Paper2D_SC and no native library supported.
[2019.10.21-19.28.36:997][  0]LogShaderLibrary: Display: Failed to load Shared Shader Library: Paper2D and no native library supported.
[2019.10.21-19.28.36:997][  0]LogShaderLibrary: Display: Failed to load Shared Shader Library: Paper2D_SC and no native library supported.
[2019.10.21-19.28.36:997][  0]LogShaderLibrary: Display: Failed to load Shared Shader Library: AnimationSharing and no native library supported.
[2019.10.21-19.28.36:997][  0]LogShaderLibrary: Display: Failed to load Shared Shader Library: AnimationSharing_SC and no native library supported.
[2019.10.21-19.28.36:997][  0]LogShaderLibrary: Display: Failed to load Shared Shader Library: AnimationSharing and no native library supported.
[2019.10.21-19.28.36:997][  0]LogShaderLibrary: Display: Failed to load Shared Shader Library: AnimationSharing_SC and no native library supported.
[2019.10.21-19.28.36:997][  0]LogShaderLibrary: Display: Failed to load Shared Shader Library: CryptoKeys and no native library supported.
[2019.10.21-19.28.36:997][  0]LogShaderLibrary: Display: Failed to load Shared Shader Library: CryptoKeys_SC and no native library supported.
[2019.10.21-19.28.36:998][  0]LogShaderLibrary: Display: Failed to load Shared Shader Library: CryptoKeys and no native library supported.
[2019.10.21-19.28.36:998][  0]LogShaderLibrary: Display: Failed to load Shared Shader Library: CryptoKeys_SC and no native library supported.
[2019.10.21-19.28.36:998][  0]LogShaderLibrary: Display: Failed to load Shared Shader Library: DatasmithContent and no native library supported.
[2019.10.21-19.28.36:998][  0]LogShaderLibrary: Display: Failed to load Shared Shader Library: DatasmithContent_SC and no native library supported.
[2019.10.21-19.28.36:998][  0]LogShaderLibrary: Display: Failed to load Shared Shader Library: DatasmithContent and no native library supported.
[2019.10.21-19.28.36:998][  0]LogShaderLibrary: Display: Failed to load Shared Shader Library: DatasmithContent_SC and no native library supported.
[2019.10.21-19.28.36:998][  0]LogShaderLibrary: Display: Failed to load Shared Shader Library: MediaCompositing and no native library supported.
[2019.10.21-19.28.36:998][  0]LogShaderLibrary: Display: Failed to load Shared Shader Library: MediaCompositing_SC and no native library supported.
[2019.10.21-19.28.36:998][  0]LogShaderLibrary: Display: Failed to load Shared Shader Library: MediaCompositing and no native library supported.
[2019.10.21-19.28.36:998][  0]LogShaderLibrary: Display: Failed to load Shared Shader Library: MediaCompositing_SC and no native library supported.
[2019.10.21-19.28.36:998][  0]LogShaderLibrary: Display: Failed to load Shared Shader Library: OculusVR and no native library supported.
[2019.10.21-19.28.36:998][  0]LogShaderLibrary: Display: Failed to load Shared Shader Library: OculusVR_SC and no native library supported.
[2019.10.21-19.28.36:999][  0]LogShaderLibrary: Display: Failed to load Shared Shader Library: OculusVR and no native library supported.
[2019.10.21-19.28.36:999][  0]LogShaderLibrary: Display: Failed to load Shared Shader Library: OculusVR_SC and no native library supported.
[2019.10.21-19.28.36:999][  0]LogShaderLibrary: Display: Failed to load Shared Shader Library: SteamVR and no native library supported.
[2019.10.21-19.28.36:999][  0]LogShaderLibrary: Display: Failed to load Shared Shader Library: SteamVR_SC and no native library supported.
[2019.10.21-19.28.36:999][  0]LogShaderLibrary: Display: Failed to load Shared Shader Library: SteamVR and no native library supported.
[2019.10.21-19.28.36:999][  0]LogShaderLibrary: Display: Failed to load Shared Shader Library: SteamVR_SC and no native library supported.
[2019.10.21-19.28.37:012][  0]LogMaterial: Verifying Global Shaders for PCD3D_SM5
[2019.10.21-19.28.37:036][  0]LogSlate: Using FreeType 2.6.0
[2019.10.21-19.28.37:036][  0]LogSlate: SlateFontServices - WITH_FREETYPE: 1, WITH_HARFBUZZ: 1
[2019.10.21-19.28.37:099][  0]LogShaderLibrary: Display: Failed to load Shared Shader Library: ProjectCritality and no native library supported.
[2019.10.21-19.28.37:099][  0]LogShaderLibrary: Display: Failed to load Shared Shader Library: ProjectCritality_SC and no native library supported.
[2019.10.21-19.28.37:099][  0]LogRHI: Display: Opened pipeline cache after state change and enqueued 0 of 0 tasks for precompile.
[2019.10.21-19.28.37:099][  0]LogShaderLibrary: Display: Failed to load Shared Shader Library: ProjectCritality and no native library supported.
[2019.10.21-19.28.37:099][  0]LogShaderLibrary: Display: Failed to load Shared Shader Library: ProjectCritality_SC and no native library supported.
[2019.10.21-19.28.37:099][  0]LogRHI: Display: Opened pipeline cache after state change and enqueued 0 of 0 tasks for precompile.
[2019.10.21-19.28.37:099][  0]LogRHI: Display: Failed to open default shader pipeline cache for ProjectCritality using shader platform 0.
[2019.10.21-19.28.37:099][  0]LogRHI: Display: Failed to open default shader pipeline cache for ProjectCritality using shader platform 0.
[2019.10.21-19.28.37:099][  0]LogInit: Using OS detected language (en-GB).
[2019.10.21-19.28.37:099][  0]LogInit: Using OS detected locale (en-GB).
[2019.10.21-19.28.37:100][  0]LogTextLocalizationManager: No localization for 'en-GB' exists, so 'en' will be used for the language.
[2019.10.21-19.28.37:100][  0]LogTextLocalizationManager: No localization for 'en-GB' exists, so 'en' will be used for the locale.
[2019.10.21-19.28.37:100][  0]LogSlate: FontCache flush requested. Reason: Culture for localization was changed
[2019.10.21-19.28.37:100][  0]LogSlate: FontCache flush requested. Reason: Culture for localization was changed
[2019.10.21-19.28.37:100][  0]LogTextLocalizationManager: Compacting localization data took   0.33ms
[2019.10.21-19.28.37:102][  0]LogAssetRegistry: FAssetRegistry took 0.0014 seconds to start up
[2019.10.21-19.28.37:183][  0]LogStreaming: Display: Flushing async loaders.
[2019.10.21-19.28.37:183][  0]LogPackageLocalizationCache: Processed 9 localized package path(s) for 1 prioritized culture(s) in 0.000040 seconds
[2019.10.21-19.28.37:184][  0]LogPakFile: New pak file ../../../ProjectCritality/Content/Paks/ProjectCritality-WindowsNoEditor.pak added to pak precacher.
[2019.10.21-19.28.37:186][  0]LogInit: Selected Device Profile: [WindowsNoEditor]
[2019.10.21-19.28.37:198][  0]LogNetVersion: ProjectCritality 1.0.0, NetCL: 5660361, EngineNetVer: 10, GameNetVer: 0 (Checksum: 2224699783)
[2019.10.21-19.28.37:771][  0]LogMoviePlayer: Initializing movie player
[2019.10.21-19.28.37:771][  0]LogAndroidPermission: UAndroidPermissionCallbackProxy::GetInstance
[2019.10.21-19.28.37:771][  0]LogOcInput: OculusInput pre-init called
[2019.10.21-19.28.37:776][  0]LogUObjectArray: 37890 objects as part of root set at end of initial load.
[2019.10.21-19.28.37:776][  0]LogUObjectArray: 2 objects are not in the root set, but can never be destroyed because they are in the DisregardForGC set.
[2019.10.21-19.28.37:776][  0]LogUObjectAllocator: 4272324 out of 0 bytes used by permanent object pool.
[2019.10.21-19.28.37:776][  0]LogUObjectArray: CloseDisregardForGC: 37890/37890 objects in disregard for GC pool
[2019.10.21-19.28.37:853][  0]LogEngine: Initializing Engine...
[2019.10.21-19.28.37:922][  0]LogHMD: Failed to initialize OpenVR with code 108
[2019.10.21-19.28.37:935][  0]LogStats: UGameplayTagsManager::InitializeManager -  0.000 s
[2019.10.21-19.28.38:012][  0]LogInit: Initializing FReadOnlyCVARCache
[2019.10.21-19.28.38:030][  0]LogAudioDebug: Display: Lib vorbis DLL was dynamically loaded.
[2019.10.21-19.28.38:173][  0]LogInit: XAudio2 using 'Speakers Buffer (Virtual Audio Cable)' : 2 channels at 48 kHz using 16 bits per sample (channel mask 0x3)
[2019.10.21-19.28.38:208][  0]LogInit: FAudioDevice initialized.
[2019.10.21-19.28.38:219][  0]LogNetVersion: Set ProjectVersion to 1.0.0.0. Version Checksum will be recalculated on next use.
[2019.10.21-19.28.38:219][  0]LogInit: Texture streaming: Enabled
[2019.10.21-19.28.38:221][  0]LogSlate: Updating window title bar state: overlay mode, drag disabled, window buttons hidden, title bar hidden
[2019.10.21-19.28.38:221][  0]LogInit: Display: Game Engine Initialized.
[2019.10.21-19.28.38:222][  0]LogInit: Display: Starting Game.
[2019.10.21-19.28.38:222][  0]LogNet: Browse: /Engine/Maps/Entry?Name=Player
[2019.10.21-19.28.38:225][  0]LogLoad: LoadMap: /Engine/Maps/Entry?Name=Player
[2019.10.21-19.28.38:234][  0]LogUObjectHash: Compacting FUObjectHashTables data took   1.78ms
[2019.10.21-19.28.38:238][  0]LogModelComponent: Model /Engine/Maps/Entry.Entry:PersistentLevel.ModelComponent_4 has elements that reference missing vertices. MaxVertex=3, NumVertices=0
[2019.10.21-19.28.38:238][  0]LogModelComponent: Model /Engine/Maps/Entry.Entry:PersistentLevel.ModelComponent_5 has elements that reference missing vertices. MaxVertex=7, NumVertices=0
[2019.10.21-19.28.38:238][  0]LogModelComponent: Model /Engine/Maps/Entry.Entry:PersistentLevel.ModelComponent_5 has elements that reference missing vertices. MaxVertex=11, NumVertices=0
[2019.10.21-19.28.38:238][  0]LogModelComponent: Model /Engine/Maps/Entry.Entry:PersistentLevel.ModelComponent_5 has elements that reference missing vertices. MaxVertex=19, NumVertices=0
[2019.10.21-19.28.38:238][  0]LogModelComponent: Model /Engine/Maps/Entry.Entry:PersistentLevel.ModelComponent_6 has elements that reference missing vertices. MaxVertex=15, NumVertices=0
[2019.10.21-19.28.38:238][  0]LogModelComponent: Model /Engine/Maps/Entry.Entry:PersistentLevel.ModelComponent_7 has elements that reference missing vertices. MaxVertex=23, NumVertices=0
[2019.10.21-19.28.38:239][  0]LogAIModule: Creating AISystem for world Entry
[2019.10.21-19.28.38:240][  0]LogLoad: Game class is 'CritalityGameMode_C'
[2019.10.21-19.28.38:241][  0]LogWorld: Bringing World /Engine/Maps/Entry.Entry up for play (max tick rate 0) at 2019.10.21-20.28.38
[2019.10.21-19.28.38:241][  0]LogWorld: Bringing up level for play took: 0.000632
[2019.10.21-19.28.38:243][  0]LogLoad: Took 0.018315 seconds to LoadMap(/Engine/Maps/Entry)
[2019.10.21-19.28.38:269][  0]LogRenderer: Reallocating scene render targets to support 1920x1080 Format 10 NumSamples 1 (Frame:1).
[2019.10.21-19.28.38:269][  0]LogLoad: (Engine Initialization) Total time: 2.29 seconds
[2019.10.21-19.28.38:317][  0]LogContentStreaming: Texture pool size now 1000 MB
[2019.10.21-19.28.38:336][  0]LogSlate: Slate font cache was flushed
[2019.10.21-19.29.07:042][779]LogWindowsDesktop: Alt-F4 pressed!
[2019.10.21-19.29.07:043][779]LogSlate: Request Window 'ProjectCritality (32-bit Development PCD3D_SM5) ' being destroyed
[2019.10.21-19.29.07:068][779]LogSlate: Window 'ProjectCritality (32-bit Development PCD3D_SM5) ' being destroyed
[2019.10.21-19.29.07:068][779]LogWindowsTextInputMethodSystem: Display: IME system now deactivated.
[2019.10.21-19.29.07:080][779]LogSlate: Updating window title bar state: overlay mode, drag disabled, window buttons hidden, title bar hidden
[2019.10.21-19.29.07:081][779]LogEngine: All Windows Closed
[2019.10.21-19.29.07:081][779]LogWindows: FPlatformMisc::RequestExit(0)
[2019.10.21-19.29.07:951][780]LogSlate: Slate User Destroyed.  User Index 0, Is Virtual User: 0
[2019.10.21-19.29.07:951][780]LogExit: Preparing to exit.
[2019.10.21-19.29.07:951][780]LogMoviePlayer: Shutting down movie player
[2019.10.21-19.29.07:954][780]LogSlate: Updating window title bar state: overlay mode, drag disabled, window buttons hidden, title bar hidden
[2019.10.21-19.29.07:956][780]LogExit: Game engine shut down
[2019.10.21-19.29.07:986][780]LogExit: Object subsystem successfully closed.
[2019.10.21-19.29.07:993][780]LogD3D11RHI: Shutdown
[2019.10.21-19.29.07:993][780]LogD3D11RHI: CleanupD3DDevice
[2019.10.21-19.29.07:994][780]LogRendererCore: FGlobalReadBuffer::ReleaseRHI
[2019.10.21-19.29.07:994][780]LogRendererCore: FGlobalDynamicReadBuffer::Cleanup()
[2019.10.21-19.29.07:994][780]LogRendererCore: FGlobalReadBuffer::ReleaseRHI
[2019.10.21-19.29.07:994][780]LogRendererCore: FGlobalDynamicReadBuffer::Cleanup()
[2019.10.21-19.29.07:994][780]LogRendererCore: FGlobalReadBuffer::ReleaseRHI
[2019.10.21-19.29.07:994][780]LogRendererCore: FGlobalDynamicReadBuffer::Cleanup()
[2019.10.21-19.29.08:030][780]LogD3D11RHI: ~FD3D11DynamicRHI
[2019.10.21-19.29.08:032][780]LogModuleManager: Shutting down and abandoning module AutomationController (198)
[2019.10.21-19.29.08:032][780]LogModuleManager: Shutting down and abandoning module AutomationWorker (196)
[2019.10.21-19.29.08:032][780]LogModuleManager: Shutting down and abandoning module Voice (194)
[2019.10.21-19.29.08:032][780]LogModuleManager: Shutting down and abandoning module AIModule (192)
[2019.10.21-19.29.08:032][780]LogModuleManager: Shutting down and abandoning module GameplayDebugger (191)
[2019.10.21-19.29.08:032][780]LogModuleManager: Shutting down and abandoning module NavigationSystem (189)
[2019.10.21-19.29.08:032][780]LogModuleManager: Shutting down and abandoning module OculusMR (186)
[2019.10.21-19.29.08:032][780]LogModuleManager: Shutting down and abandoning module WmfMediaFactory (184)
[2019.10.21-19.29.08:032][780]LogModuleManager: Shutting down and abandoning module OpenExrWrapper (182)
[2019.10.21-19.29.08:032][780]LogModuleManager: Shutting down and abandoning module ImgMediaFactory (180)
[2019.10.21-19.29.08:032][780]LogModuleManager: Shutting down and abandoning module AvfMediaFactory (178)
[2019.10.21-19.29.08:032][780]LogModuleManager: Shutting down and abandoning module CharacterAI (176)
[2019.10.21-19.29.08:032][780]LogModuleManager: Shutting down and abandoning module SessionServices (174)
[2019.10.21-19.29.08:032][780]LogModuleManager: Shutting down and abandoning module LiveCoding (172)
[2019.10.21-19.29.08:032][780]LogModuleManager: Shutting down and abandoning module LevelSequence (170)
[2019.10.21-19.29.08:032][780]LogModuleManager: Shutting down and abandoning module MovieSceneTracks (168)
[2019.10.21-19.29.08:032][780]LogModuleManager: Shutting down and abandoning module MovieScene (166)
[2019.10.21-19.29.08:032][780]LogModuleManager: Shutting down and abandoning module StreamingPauseRendering (164)
[2019.10.21-19.29.08:032][780]LogModuleManager: Shutting down and abandoning module ImageWriteQueue (162)
[2019.10.21-19.29.08:033][780]LogModuleManager: Shutting down and abandoning module ProfilerService (160)
[2019.10.21-19.29.08:086][780]LogModuleManager: Shutting down and abandoning module TaskGraph (158)
[2019.10.21-19.29.08:086][780]LogModuleManager: Shutting down and abandoning module SteamVRController (156)
[2019.10.21-19.29.08:086][780]LogModuleManager: Shutting down and abandoning module ProceduralMeshComponent (154)
[2019.10.21-19.29.08:086][780]LogModuleManager: Shutting down and abandoning module OculusInput (152)
[2019.10.21-19.29.08:087][780]LogModuleManager: Shutting down and abandoning module MobilePatchingUtils (150)
[2019.10.21-19.29.08:087][780]LogModuleManager: Shutting down and abandoning module EditableMesh (148)
[2019.10.21-19.29.08:087][780]LogModuleManager: Shutting down and abandoning module CustomMeshComponent (146)
[2019.10.21-19.29.08:087][780]LogModuleManager: Shutting down and abandoning module CableComponent (144)
[2019.10.21-19.29.08:087][780]LogModuleManager: Shutting down and abandoning module AudioCapture (142)
[2019.10.21-19.29.08:087][780]LogModuleManager: Shutting down and abandoning module ArchVisCharacter (140)
[2019.10.21-19.29.08:087][780]LogModuleManager: Shutting down and abandoning module AndroidPermission (138)
[2019.10.21-19.29.08:087][780]LogModuleManager: Shutting down and abandoning module MediaCompositing (136)
[2019.10.21-19.29.08:087][780]LogModuleManager: Shutting down and abandoning module LinearTimecode (134)
[2019.10.21-19.29.08:087][780]LogModuleManager: Shutting down and abandoning module ImgMedia (132)
[2019.10.21-19.29.08:087][780]LogModuleManager: Shutting down and abandoning module HTML5Networking (130)
[2019.10.21-19.29.08:087][780]LogModuleManager: Shutting down and abandoning module BackChannel (128)
[2019.10.21-19.29.08:087][780]LogModuleManager: Shutting down and abandoning module AppleVision (126)
[2019.10.21-19.29.08:087][780]LogModuleManager: Shutting down and abandoning module AppleImageUtils (124)
[2019.10.21-19.29.08:087][780]LogModuleManager: Shutting down and abandoning module GeometryCacheTracks (122)
[2019.10.21-19.29.08:087][780]LogModuleManager: Shutting down and abandoning module GeometryCache (120)
[2019.10.21-19.29.08:087][780]LogModuleManager: Shutting down and abandoning module VariantManagerContent (118)
[2019.10.21-19.29.08:087][780]LogModuleManager: Shutting down and abandoning module RuntimePhysXCooking (116)
[2019.10.21-19.29.08:087][780]LogModuleManager: Shutting down and abandoning module PhysXVehicles (114)
[2019.10.21-19.29.08:087][780]LogModuleManager: Shutting down and abandoning module LocationServicesBPLibrary (112)
[2019.10.21-19.29.08:087][780]LogModuleManager: Shutting down and abandoning module ActorSequence (110)
[2019.10.21-19.29.08:087][780]LogModuleManager: Shutting down and abandoning module UdpMessaging (108)
[2019.10.21-19.29.08:087][780]LogModuleManager: Shutting down and abandoning module TcpMessaging (106)
[2019.10.21-19.29.08:087][780]LogModuleManager: Shutting down and abandoning module FacialAnimation (104)
[2019.10.21-19.29.08:087][780]LogModuleManager: Shutting down and abandoning module SignificanceManager (102)
[2019.10.21-19.29.08:087][780]LogModuleManager: Shutting down and abandoning module AnimationSharing (100)
[2019.10.21-19.29.08:087][780]LogModuleManager: Shutting down and abandoning module LightPropagationVolumeRuntime (98)
[2019.10.21-19.29.08:087][780]LogModuleManager: Shutting down and abandoning module AISupportModule (96)
[2019.10.21-19.29.08:087][780]LogModuleManager: Shutting down and abandoning module Paper2D (94)
[2019.10.21-19.29.08:087][780]LogModuleManager: Shutting down and abandoning module WindowsMoviePlayer (92)
[2019.10.21-19.29.08:087][780]LogModuleManager: Shutting down and abandoning module PacketHandler (90)
[2019.10.21-19.29.08:087][780]LogModuleManager: Shutting down and abandoning module ClothingSystemRuntime (88)
[2019.10.21-19.29.08:087][780]LogModuleManager: Shutting down and abandoning module MediaAssets (86)
[2019.10.21-19.29.08:088][780]LogModuleManager: Shutting down and abandoning module Overlay (84)
[2019.10.21-19.29.08:088][780]LogModuleManager: Shutting down and abandoning module UMG (82)
[2019.10.21-19.29.08:088][780]LogModuleManager: Shutting down and abandoning module SlateReflector (80)
[2019.10.21-19.29.08:088][780]LogModuleManager: Shutting down and abandoning module Slate (78)
[2019.10.21-19.29.08:088][780]LogModuleManager: Shutting down and abandoning module MRMesh (76)
[2019.10.21-19.29.08:088][780]LogModuleManager: Shutting down and abandoning module Messaging (74)
[2019.10.21-19.29.08:088][780]LogModuleManager: Shutting down and abandoning module HeadMountedDisplay (72)
[2019.10.21-19.29.08:088][780]LogModuleManager: Shutting down and abandoning module XAudio2 (70)
[2019.10.21-19.29.08:088][780]LogModuleManager: Shutting down and abandoning module Networking (68)
[2019.10.21-19.29.08:088][780]LogModuleManager: Shutting down and abandoning module Core (66)
[2019.10.21-19.29.08:088][780]LogModuleManager: Shutting down and abandoning module ImageWrapper (62)
[2019.10.21-19.29.08:088][780]LogModuleManager: Shutting down and abandoning module InputCore (60)
[2019.10.21-19.29.08:088][780]LogModuleManager: Shutting down and abandoning module PhysXCooking (58)
[2019.10.21-19.29.08:088][780]LogModuleManager: Shutting down and abandoning module SteamVR (56)
[2019.10.21-19.29.08:088][780]LogHMD: Freeing OpenVRDLLHandle.
[2019.10.21-19.29.08:088][780]LogModuleManager: Shutting down and abandoning module OculusHMD (54)
[2019.10.21-19.29.08:088][780]LogModuleManager: Shutting down and abandoning module ExampleDeviceProfileSelector (52)
[2019.10.21-19.29.08:088][780]LogModuleManager: Shutting down and abandoning module LauncherChunkInstaller (50)
[2019.10.21-19.29.08:088][780]LogModuleManager: Shutting down and abandoning module OnlineSubsystem (46)
[2019.10.21-19.29.08:088][780]LogModuleManager: Shutting down and abandoning module HTTP (41)
[2019.10.21-19.29.08:118][780]LogModuleManager: Shutting down and abandoning module SSL (40)
[2019.10.21-19.29.08:118][780]LogModuleManager: Shutting down and abandoning module WmfMedia (36)
[2019.10.21-19.29.08:119][780]LogModuleManager: Shutting down and abandoning module Media (35)
[2019.10.21-19.29.08:124][780]LogModuleManager: Shutting down and abandoning module DatasmithContent (32)
[2019.10.21-19.29.08:124][780]LogModuleManager: Shutting down and abandoning module RenderCore (30)
[2019.10.21-19.29.08:124][780]LogModuleManager: Shutting down and abandoning module Landscape (28)
[2019.10.21-19.29.08:124][780]LogModuleManager: Shutting down and abandoning module SlateRHIRenderer (26)
[2019.10.21-19.29.08:124][780]LogModuleManager: Shutting down and abandoning module OpenGLDrv (24)
[2019.10.21-19.29.08:125][780]LogModuleManager: Shutting down and abandoning module D3D11RHI (22)
[2019.10.21-19.29.08:125][780]LogModuleManager: Shutting down and abandoning module AnimGraphRuntime (20)
[2019.10.21-19.29.08:125][780]LogModuleManager: Shutting down and abandoning module Renderer (18)
[2019.10.21-19.29.08:125][780]LogModuleManager: Shutting down and abandoning module Engine (16)
[2019.10.21-19.29.08:125][780]LogModuleManager: Shutting down and abandoning module CoreUObject (14)
[2019.10.21-19.29.08:125][780]LogModuleManager: Shutting down and abandoning module NetworkFile (12)
[2019.10.21-19.29.08:125][780]LogModuleManager: Shutting down and abandoning module CookedIterativeFile (10)
[2019.10.21-19.29.08:125][780]LogModuleManager: Shutting down and abandoning module StreamingFile (8)
[2019.10.21-19.29.08:125][780]LogModuleManager: Shutting down and abandoning module SandboxFile (6)
[2019.10.21-19.29.08:125][780]LogModuleManager: Shutting down and abandoning module PakFile (4)
[2019.10.21-19.29.08:126][780]LogModuleManager: Shutting down and abandoning module RSA (3)
[2019.10.21-19.29.08:128][780]LogExit: Exiting.
[2019.10.21-19.29.08:146][780]Log file closed, 10/21/19 20:29:08
