Log file open, 10/22/19 03:18:52
LogWindows: Failed to load 'aqProf.dll' (GetLastError=126)
LogWindows: File 'aqProf.dll' does not exist
LogWindows: Failed to load 'VtuneApi.dll' (GetLastError=126)
LogWindows: File 'VtuneApi.dll' does not exist
LogWindows: Failed to load 'VtuneApi32e.dll' (GetLastError=126)
LogWindows: File 'VtuneApi32e.dll' does not exist
LogConsoleResponse: Display: Failed to find resolution value strings in scalability ini. Falling back to default.
LogInit: Display: Running engine for game: ProjectCritality
LogPakFile: Registered encryption key '00000000000000000000000000000000': 0 pak files mounted, 0 remain pending
LogPlatformFile: Not using cached read wrapper
LogTaskGraph: Started task graph with 5 named threads and 20 total threads with 3 sets of task threads.
LogStats: Stats thread started at 1.010929
LogD3D11RHI: Loaded GFSDK_Aftermath_Lib.x64.dll
LogICUInternationalization: ICU TimeZone Detection - Raw Offset: +0:00, Platform Override: ''
LogPluginManager: Mounting plugin Paper2D
LogPluginManager: Mounting plugin AISupport
LogPluginManager: Mounting plugin LightPropagationVolume
LogPluginManager: Mounting plugin ActorLayerUtilities
LogPluginManager: Mounting plugin AnimationSharing
LogPluginManager: Mounting plugin CLionSourceCodeAccess
LogPluginManager: Mounting plugin CodeLiteSourceCodeAccess
LogPluginManager: Mounting plugin GitSourceControl
LogPluginManager: Mounting plugin KDevelopSourceCodeAccess
LogPluginManager: Mounting plugin NullSourceCodeAccess
LogPluginManager: Mounting plugin PerforceSourceControl
LogPluginManager: Mounting plugin SubversionSourceControl
LogPluginManager: Mounting plugin UObjectPlugin
LogPluginManager: Mounting plugin VisualStudioCodeSourceCodeAccess
LogPluginManager: Mounting plugin VisualStudioSourceCodeAccess
LogPluginManager: Mounting plugin XCodeSourceCodeAccess
LogPluginManager: Mounting plugin AssetManagerEditor
LogPluginManager: Mounting plugin CryptoKeys
LogPluginManager: Mounting plugin DataValidation
LogPluginManager: Mounting plugin FacialAnimation
LogPluginManager: Mounting plugin GameplayTagsEditor
LogPluginManager: Mounting plugin MacGraphicsSwitching
LogPluginManager: Mounting plugin MaterialAnalyzer
LogPluginManager: Mounting plugin MobileLauncherProfileWizard
LogPluginManager: Mounting plugin PluginBrowser
LogPluginManager: Mounting plugin SpeedTreeImporter
LogPluginManager: Mounting plugin DatasmithContent
LogPluginManager: Mounting plugin VariantManagerContent
LogPluginManager: Mounting plugin AlembicImporter
LogPluginManager: Mounting plugin AppleImageUtils
LogPluginManager: Mounting plugin AppleVision
LogPluginManager: Mounting plugin BackChannel
LogPluginManager: Mounting plugin CharacterAI
LogPluginManager: Mounting plugin GeometryCache
LogPluginManager: Mounting plugin HTML5Networking
LogPluginManager: Mounting plugin ProxyLODPlugin
LogPluginManager: Mounting plugin SkeletalReduction
LogPluginManager: Mounting plugin MagicLeap
LogPluginManager: Mounting plugin MagicLeapMedia
LogPluginManager: Mounting plugin AndroidMedia
LogPluginManager: Mounting plugin AvfMedia
LogPluginManager: Mounting plugin ImgMedia
LogPluginManager: Mounting plugin LinearTimecode
LogPluginManager: Mounting plugin MediaCompositing
LogPluginManager: Mounting plugin MediaPlayerEditor
LogPluginManager: Mounting plugin WebMMedia
LogPluginManager: Mounting plugin WmfMedia
LogPluginManager: Mounting plugin TcpMessaging
LogPluginManager: Mounting plugin UdpMessaging
LogPluginManager: Mounting plugin ActorSequence
LogPluginManager: Mounting plugin LevelSequenceEditor
LogPluginManager: Mounting plugin MatineeToLevelSequence
LogPluginManager: Mounting plugin NetcodeUnitTest
LogPluginManager: Mounting plugin NUTUnrealEngine4
LogPluginManager: Mounting plugin OnlineSubsystemGooglePlay
LogPluginManager: Mounting plugin OnlineSubsystemIOS
LogPluginManager: Mounting plugin OnlineSubsystem
LogPluginManager: Mounting plugin OnlineSubsystemNull
LogPluginManager: Mounting plugin OnlineSubsystemUtils
LogPluginManager: Mounting plugin LauncherChunkInstaller
LogPluginManager: Mounting plugin AndroidDeviceProfileSelector
LogPluginManager: Mounting plugin AndroidMoviePlayer
LogPluginManager: Mounting plugin AndroidPermission
LogPluginManager: Mounting plugin AppleMoviePlayer
LogPluginManager: Mounting plugin ArchVisCharacter
LogPluginManager: Mounting plugin AudioCapture
LogPluginManager: Mounting plugin CableComponent
LogPluginManager: Mounting plugin CustomMeshComponent
LogPluginManager: Mounting plugin EditableMesh
LogPluginManager: Mounting plugin ExampleDeviceProfileSelector
LogPluginManager: Mounting plugin Firebase
LogPluginManager: Mounting plugin GoogleCloudMessaging
LogPluginManager: Mounting plugin IOSDeviceProfileSelector
LogPluginManager: Mounting plugin LinuxDeviceProfileSelector
LogPluginManager: Mounting plugin LocationServicesBPLibrary
LogPluginManager: Mounting plugin MobilePatchingUtils
LogPluginManager: Mounting plugin OculusVR
LogPluginManager: Mounting plugin PhysXVehicles
LogPluginManager: Mounting plugin ProceduralMeshComponent
LogPluginManager: Mounting plugin RuntimePhysXCooking
LogPluginManager: Mounting plugin SignificanceManager
LogPluginManager: Mounting plugin SteamVR
LogPluginManager: Mounting plugin WebMMoviePlayer
LogPluginManager: Mounting plugin WindowsMoviePlayer
LogPluginManager: Mounting plugin SocketIOClient
LogInit: Using libcurl 7.55.1-DEV
LogInit:  - built for x86_64-pc-win32
LogInit:  - supports SSL with OpenSSL/1.1.1
LogInit:  - supports HTTP deflate (compression) using libz 1.2.8
LogInit:  - other features:
LogInit:      CURL_VERSION_SSL
LogInit:      CURL_VERSION_LIBZ
LogInit:      CURL_VERSION_IPV6
LogInit:      CURL_VERSION_ASYNCHDNS
LogInit:      CURL_VERSION_LARGEFILE
LogInit:      CURL_VERSION_IDN
LogInit:  CurlRequestOptions (configurable via config and command line):
LogInit:  - bVerifyPeer = true  - Libcurl will verify peer certificate
LogInit:  - bUseHttpProxy = false  - Libcurl will NOT use HTTP proxy
LogInit:  - bDontReuseConnections = false  - Libcurl will reuse connections
LogInit:  - MaxHostConnections = 16  - Libcurl will limit the number of connections to a host
LogInit:  - LocalHostAddr = Default
LogInit:  - BufferSize = 65536
LogInit: WinSock: version 1.1 (2.2), MaxSocks=32767, MaxUdp=65467
LogInit: Build: ++UE4+Release-4.22-CL-7053642
LogInit: Engine Version: 4.22.3-7053642+++UE4+Release-4.22
LogInit: Compatible Engine Version: 4.22.0-5660361+++UE4+Release-4.22
LogInit: Net CL: 5660361
LogInit: OS: Windows 10 (Release 1903) (), CPU: Intel(R) Core(TM) i5-8400 CPU @ 2.80GHz, GPU: NVIDIA GeForce GTX 1060 6GB
LogInit: Compiled (64-bit): Jun 18 2019 03:09:11
LogInit: Compiled with Visual C++: 19.16.27025.01
LogInit: Build Configuration: Development
LogInit: Branch Name: ++UE4+Release-4.22
LogInit: Command Line:  /Game/CritalityLevel -game -PIEVIACONSOLE -ResX=1280 -ResY=720 -Multiprocess -messaging -SessionName="Play in Standalone Game" -windowed
LogInit: Base Directory: C:/Program Files/Epic Games/UE_4.22/Engine/Binaries/Win64/
LogInit: Installed Engine Build: 1
LogDevObjectVersion: Number of dev versions registered: 23
LogDevObjectVersion:   Dev-Blueprints (B0D832E4-1F89-4F0D-ACCF-7EB736FD4AA2): 10
LogDevObjectVersion:   Dev-Build (E1C64328-A22C-4D53-A36C-8E866417BD8C): 0
LogDevObjectVersion:   Dev-Core (375EC13C-06E4-48FB-B500-84F0262A717E): 3
LogDevObjectVersion:   Dev-Editor (E4B068ED-F494-42E9-A231-DA0B2E46BB41): 30
LogDevObjectVersion:   Dev-Framework (CFFC743F-43B0-4480-9391-14DF171D2073): 35
LogDevObjectVersion:   Dev-Mobile (B02B49B5-BB20-44E9-A304-32B752E40360): 2
LogDevObjectVersion:   Dev-Networking (A4E4105C-59A1-49B5-A7C5-40C4547EDFEE): 0
LogDevObjectVersion:   Dev-Online (39C831C9-5AE6-47DC-9A44-9C173E1C8E7C): 0
LogDevObjectVersion:   Dev-Physics (78F01B33-EBEA-4F98-B9B4-84EACCB95AA2): 0
LogDevObjectVersion:   Dev-Platform (6631380F-2D4D-43E0-8009-CF276956A95A): 0
LogDevObjectVersion:   Dev-Rendering (12F88B9F-8875-4AFC-A67C-D90C383ABD29): 28
LogDevObjectVersion:   Dev-Sequencer (7B5AE74C-D270-4C10-A958-57980B212A5A): 11
LogDevObjectVersion:   Dev-VR (D7296918-1DD6-4BDD-9DE2-64A83CC13884): 2
LogDevObjectVersion:   Dev-LoadTimes (C2A15278-BFE7-4AFE-6C17-90FF531DF755): 1
LogDevObjectVersion:   Private-Geometry (6EACA3D4-40EC-4CC1-B786-8BED09428FC5): 3
LogDevObjectVersion:   Dev-AnimPhys (29E575DD-E0A3-4627-9D10-D276232CDCEA): 17
LogDevObjectVersion:   Dev-Anim (AF43A65D-7FD3-4947-9873-3E8ED9C1BB05): 2
LogDevObjectVersion:   Dev-ReflectionCapture (6B266CEC-1EC7-4B8F-A30B-E4D90942FC07): 1
LogDevObjectVersion:   Dev-Automation (0DF73D61-A23F-47EA-B727-89E90C41499A): 1
LogDevObjectVersion:   FortniteMain (601D1886-AC64-4F84-AA16-D3DE0DEAC7D6): 25
LogDevObjectVersion:   Dev-Enterprise (9DFFBCD6-494F-0158-E221-12823C92A888): 6
LogDevObjectVersion:   Dev-Niagara (F2AED0AC-9AFE-416F-8664-AA7FFA26D6FC): 1
LogDevObjectVersion:   Dev-Destruction (174F1F0B-B4C6-45A5-B13F-2EE8D0FB917D): 2
LogInit: Presizing for max 16777216 objects, including 0 objects not considered by GC, pre-allocating 0 bytes for permanent pool.
LogInit: Object subsystem initialized
LogConfig: Setting CVar [[con.DebugEarlyDefault:1]]
LogConfig: Setting CVar [[r.setres:1280x720]]
[2019.10.22-02.18.53:454][  0]LogConfig: Setting CVar [[con.DebugEarlyDefault:1]]
[2019.10.22-02.18.53:454][  0]LogConfig: Setting CVar [[r.setres:1280x720]]
[2019.10.22-02.18.53:454][  0]LogConfig: Applying CVar settings from Section [/Script/Engine.RendererSettings] File [E:/Users/Tumble/Documents/GitHub/Project-Critality/ProjectCritality/Saved/Config/Windows/Engine.ini]
[2019.10.22-02.18.53:454][  0]LogConfig: Setting CVar [[r.GPUCrashDebugging:0]]
[2019.10.22-02.18.53:454][  0]LogConfig: Setting CVar [[r.MobileHDR:1]]
[2019.10.22-02.18.53:454][  0]LogConfig: Setting CVar [[r.Mobile.DisableVertexFog:1]]
[2019.10.22-02.18.53:454][  0]LogConfig: Setting CVar [[r.Shadow.CSM.MaxMobileCascades:2]]
[2019.10.22-02.18.53:454][  0]LogConfig: Setting CVar [[r.MobileMSAA:1]]
[2019.10.22-02.18.53:454][  0]LogConfig: Setting CVar [[r.Mobile.UseLegacyShadingModel:0]]
[2019.10.22-02.18.53:454][  0]LogConfig: Setting CVar [[r.Mobile.UseHWsRGBEncoding:0]]
[2019.10.22-02.18.53:454][  0]LogConfig: Setting CVar [[r.Mobile.AllowDitheredLODTransition:0]]
[2019.10.22-02.18.53:454][  0]LogConfig: Setting CVar [[r.Mobile.AllowSoftwareOcclusion:0]]
[2019.10.22-02.18.53:454][  0]LogConfig: Setting CVar [[r.DiscardUnusedQuality:0]]
[2019.10.22-02.18.53:454][  0]LogConfig: Setting CVar [[r.AllowOcclusionQueries:1]]
[2019.10.22-02.18.53:454][  0]LogConfig: Setting CVar [[r.MinScreenRadiusForLights:0.030000]]
[2019.10.22-02.18.53:455][  0]LogConfig: Setting CVar [[r.MinScreenRadiusForDepthPrepass:0.030000]]
[2019.10.22-02.18.53:455][  0]LogConfig: Setting CVar [[r.MinScreenRadiusForCSMDepth:0.010000]]
[2019.10.22-02.18.53:455][  0]LogConfig: Setting CVar [[r.PrecomputedVisibilityWarning:0]]
[2019.10.22-02.18.53:455][  0]LogConfig: Setting CVar [[r.TextureStreaming:1]]
[2019.10.22-02.18.53:455][  0]LogConfig: Setting CVar [[Compat.UseDXT5NormalMaps:0]]
[2019.10.22-02.18.53:455][  0]LogConfig: Setting CVar [[r.ClearCoatNormal:0]]
[2019.10.22-02.18.53:455][  0]LogConfig: Setting CVar [[r.ReflectionCaptureResolution:128]]
[2019.10.22-02.18.53:455][  0]LogConfig: Setting CVar [[r.ReflectionEnvironmentLightmapMixBasedOnRoughness:1]]
[2019.10.22-02.18.53:455][  0]LogConfig: Setting CVar [[r.ForwardShading:0]]
[2019.10.22-02.18.53:455][  0]LogConfig: Setting CVar [[r.VertexFoggingForOpaque:1]]
[2019.10.22-02.18.53:455][  0]LogConfig: Setting CVar [[r.AllowStaticLighting:1]]
[2019.10.22-02.18.53:455][  0]LogConfig: Setting CVar [[r.NormalMapsForStaticLighting:0]]
[2019.10.22-02.18.53:455][  0]LogConfig: Setting CVar [[r.GenerateMeshDistanceFields:0]]
[2019.10.22-02.18.53:455][  0]LogConfig: Setting CVar [[r.DistanceFieldBuild.EightBit:0]]
[2019.10.22-02.18.53:455][  0]LogConfig: Setting CVar [[r.GenerateLandscapeGIData:0]]
[2019.10.22-02.18.53:455][  0]LogConfig: Setting CVar [[r.DistanceFieldBuild.Compress:0]]
[2019.10.22-02.18.53:455][  0]LogConfig: Setting CVar [[r.TessellationAdaptivePixelsPerTriangle:48.000000]]
[2019.10.22-02.18.53:455][  0]LogConfig: Setting CVar [[r.SeparateTranslucency:1]]
[2019.10.22-02.18.53:455][  0]LogConfig: Setting CVar [[r.TranslucentSortPolicy:0]]
[2019.10.22-02.18.53:455][  0]LogConfig: Setting CVar [[r.CustomDepth:1]]
[2019.10.22-02.18.53:455][  0]LogConfig: Setting CVar [[r.CustomDepthTemporalAAJitter:1]]
[2019.10.22-02.18.53:455][  0]LogConfig: Setting CVar [[r.PostProcessing.PropagateAlpha:0]]
[2019.10.22-02.18.53:455][  0]LogConfig: Setting CVar [[r.DOF.Algorithm:1]]
[2019.10.22-02.18.53:455][  0]LogConfig: Setting CVar [[r.DefaultFeature.Bloom:1]]
[2019.10.22-02.18.53:455][  0]LogConfig: Setting CVar [[r.DefaultFeature.AmbientOcclusion:1]]
[2019.10.22-02.18.53:455][  0]LogConfig: Setting CVar [[r.DefaultFeature.AmbientOcclusionStaticFraction:1]]
[2019.10.22-02.18.53:455][  0]LogConfig: Setting CVar [[r.DefaultFeature.AutoExposure:0]]
[2019.10.22-02.18.53:455][  0]LogConfig: Setting CVar [[r.DefaultFeature.AutoExposure.Method:0]]
[2019.10.22-02.18.53:455][  0]LogConfig: Setting CVar [[r.DefaultFeature.AutoExposure.ExtendDefaultLuminanceRange:1]]
[2019.10.22-02.18.53:455][  0]LogConfig: Setting CVar [[r.UsePreExposure:0]]
[2019.10.22-02.18.53:455][  0]LogConfig: Setting CVar [[r.DefaultFeature.MotionBlur:0]]
[2019.10.22-02.18.53:455][  0]LogConfig: Setting CVar [[r.DefaultFeature.LensFlare:0]]
[2019.10.22-02.18.53:455][  0]LogConfig: Setting CVar [[r.TemporalAA.Upsampling:0]]
[2019.10.22-02.18.53:455][  0]LogConfig: Setting CVar [[r.DefaultFeature.AntiAliasing:0]]
[2019.10.22-02.18.53:455][  0]LogConfig: Setting CVar [[r.DefaultFeature.LightUnits:1]]
[2019.10.22-02.18.53:455][  0]LogConfig: Setting CVar [[r.DefaultBackBufferPixelFormat:4]]
[2019.10.22-02.18.53:455][  0]LogConfig: Setting CVar [[r.Shadow.UnbuiltPreviewInGame:1]]
[2019.10.22-02.18.53:455][  0]LogConfig: Setting CVar [[r.StencilForLODDither:0]]
[2019.10.22-02.18.53:455][  0]LogConfig: Setting CVar [[r.EarlyZPass:3]]
[2019.10.22-02.18.53:455][  0]LogConfig: Setting CVar [[r.EarlyZPassOnlyMaterialMasking:0]]
[2019.10.22-02.18.53:455][  0]LogConfig: Setting CVar [[r.DBuffer:1]]
[2019.10.22-02.18.53:455][  0]LogConfig: Setting CVar [[r.ClearSceneMethod:1]]
[2019.10.22-02.18.53:455][  0]LogConfig: Setting CVar [[r.BasePassOutputsVelocity:0]]
[2019.10.22-02.18.53:455][  0]LogConfig: Setting CVar [[r.SelectiveBasePassOutputs:0]]
[2019.10.22-02.18.53:455][  0]LogConfig: Setting CVar [[fx.GPUSimulationTextureSizeX:1024]]
[2019.10.22-02.18.53:455][  0]LogConfig: Setting CVar [[fx.GPUSimulationTextureSizeY:1024]]
[2019.10.22-02.18.53:455][  0]LogConfig: Setting CVar [[r.AllowGlobalClipPlane:0]]
[2019.10.22-02.18.53:455][  0]LogConfig: Setting CVar [[r.GBufferFormat:1]]
[2019.10.22-02.18.53:455][  0]LogConfig: Setting CVar [[r.MorphTarget.Mode:1]]
[2019.10.22-02.18.53:455][  0]LogConfig: Setting CVar [[vr.InstancedStereo:0]]
[2019.10.22-02.18.53:455][  0]LogConfig: Setting CVar [[vr.MultiView:0]]
[2019.10.22-02.18.53:455][  0]LogConfig: Setting CVar [[vr.MobileMultiView:0]]
[2019.10.22-02.18.53:455][  0]LogConfig: Setting CVar [[vr.MobileMultiView.Direct:0]]
[2019.10.22-02.18.53:455][  0]LogConfig: Setting CVar [[vr.RoundRobinOcclusion:0]]
[2019.10.22-02.18.53:455][  0]LogConfig: Setting CVar [[vr.ODSCapture:0]]
[2019.10.22-02.18.53:455][  0]LogConfig: Setting CVar [[r.WireframeCullThreshold:5.000000]]
[2019.10.22-02.18.53:455][  0]LogConfig: Setting CVar [[r.RayTracing:0]]
[2019.10.22-02.18.53:455][  0]LogConfig: Setting CVar [[r.SupportStationarySkylight:1]]
[2019.10.22-02.18.53:455][  0]LogConfig: Setting CVar [[r.SupportLowQualityLightmaps:1]]
[2019.10.22-02.18.53:455][  0]LogConfig: Setting CVar [[r.SupportPointLightWholeSceneShadows:1]]
[2019.10.22-02.18.53:455][  0]LogConfig: Setting CVar [[r.SupportAtmosphericFog:1]]
[2019.10.22-02.18.53:455][  0]LogConfig: Setting CVar [[r.SkinCache.CompileShaders:0]]
[2019.10.22-02.18.53:455][  0]LogConfig: Setting CVar [[r.Mobile.EnableStaticAndCSMShadowReceivers:1]]
[2019.10.22-02.18.53:455][  0]LogConfig: Setting CVar [[r.Mobile.EnableMovableLightCSMShaderCulling:1]]
[2019.10.22-02.18.53:455][  0]LogConfig: Setting CVar [[r.Mobile.AllowDistanceFieldShadows:1]]
[2019.10.22-02.18.53:455][  0]LogConfig: Setting CVar [[r.Mobile.AllowMovableDirectionalLights:1]]
[2019.10.22-02.18.53:455][  0]LogConfig: Setting CVar [[r.MobileNumDynamicPointLights:4]]
[2019.10.22-02.18.53:455][  0]LogConfig: Setting CVar [[r.MobileDynamicPointLightsUseStaticBranch:1]]
[2019.10.22-02.18.53:455][  0]LogConfig: Setting CVar [[r.Mobile.EnableMovableSpotlights:0]]
[2019.10.22-02.18.53:455][  0]LogConfig: Setting CVar [[r.SkinCache.SceneMemoryLimitInMB:128.000000]]
[2019.10.22-02.18.53:456][  0]LogConfig: Setting CVar [[r.GPUSkin.Limit2BoneInfluences:0]]
[2019.10.22-02.18.53:456][  0]LogConfig: Setting CVar [[r.SupportDepthOnlyIndexBuffers:1]]
[2019.10.22-02.18.53:456][  0]LogConfig: Setting CVar [[r.SupportReversedIndexBuffers:1]]
[2019.10.22-02.18.53:456][  0]LogConfig: Setting CVar [[r.SupportMaterialLayers:0]]
[2019.10.22-02.18.53:456][  0]LogConfig: Applying CVar settings from Section [/Script/Engine.RendererOverrideSettings] File [E:/Users/Tumble/Documents/GitHub/Project-Critality/ProjectCritality/Saved/Config/Windows/Engine.ini]
[2019.10.22-02.18.53:456][  0]LogConfig: Applying CVar settings from Section [/Script/Engine.StreamingSettings] File [E:/Users/Tumble/Documents/GitHub/Project-Critality/ProjectCritality/Saved/Config/Windows/Engine.ini]
[2019.10.22-02.18.53:456][  0]LogConfig: Setting CVar [[s.MinBulkDataSizeForAsyncLoading:131072]]
[2019.10.22-02.18.53:456][  0]LogConfig: Setting CVar [[s.AsyncLoadingThreadEnabled:0]]
[2019.10.22-02.18.53:456][  0]LogConfig: Setting CVar [[s.EventDrivenLoaderEnabled:1]]
[2019.10.22-02.18.53:456][  0]LogConfig: Setting CVar [[s.WarnIfTimeLimitExceeded:0]]
[2019.10.22-02.18.53:456][  0]LogConfig: Setting CVar [[s.TimeLimitExceededMultiplier:1.5]]
[2019.10.22-02.18.53:456][  0]LogConfig: Setting CVar [[s.TimeLimitExceededMinTime:0.005]]
[2019.10.22-02.18.53:456][  0]LogConfig: Setting CVar [[s.UseBackgroundLevelStreaming:1]]
[2019.10.22-02.18.53:456][  0]LogConfig: Setting CVar [[s.PriorityAsyncLoadingExtraTime:15.0]]
[2019.10.22-02.18.53:456][  0]LogConfig: Setting CVar [[s.LevelStreamingActorsUpdateTimeLimit:5.0]]
[2019.10.22-02.18.53:456][  0]LogConfig: Setting CVar [[s.PriorityLevelStreamingActorsUpdateExtraTime:5.0]]
[2019.10.22-02.18.53:456][  0]LogConfig: Setting CVar [[s.LevelStreamingComponentsRegistrationGranularity:10]]
[2019.10.22-02.18.53:456][  0]LogConfig: Setting CVar [[s.UnregisterComponentsTimeLimit:1.0]]
[2019.10.22-02.18.53:456][  0]LogConfig: Setting CVar [[s.LevelStreamingComponentsUnregistrationGranularity:5]]
[2019.10.22-02.18.53:456][  0]LogConfig: Applying CVar settings from Section [/Script/Engine.GarbageCollectionSettings] File [E:/Users/Tumble/Documents/GitHub/Project-Critality/ProjectCritality/Saved/Config/Windows/Engine.ini]
[2019.10.22-02.18.53:456][  0]LogConfig: Setting CVar [[gc.MaxObjectsNotConsideredByGC:1]]
[2019.10.22-02.18.53:456][  0]LogConfig: Setting CVar [[gc.SizeOfPermanentObjectPool:0]]
[2019.10.22-02.18.53:456][  0]LogConfig: Setting CVar [[gc.FlushStreamingOnGC:0]]
[2019.10.22-02.18.53:456][  0]LogConfig: Setting CVar [[gc.NumRetriesBeforeForcingGC:10]]
[2019.10.22-02.18.53:456][  0]LogConfig: Setting CVar [[gc.AllowParallelGC:1]]
[2019.10.22-02.18.53:456][  0]LogConfig: Setting CVar [[gc.TimeBetweenPurgingPendingKillObjects:61.1]]
[2019.10.22-02.18.53:456][  0]LogConfig: Setting CVar [[gc.MaxObjectsInEditor:16777216]]
[2019.10.22-02.18.53:456][  0]LogConfig: Setting CVar [[gc.IncrementalBeginDestroyEnabled:1]]
[2019.10.22-02.18.53:456][  0]LogConfig: Setting CVar [[gc.CreateGCClusters:1]]
[2019.10.22-02.18.53:456][  0]LogConfig: Setting CVar [[gc.MinGCClusterSize:5]]
[2019.10.22-02.18.53:456][  0]LogConfig: Setting CVar [[gc.ActorClusteringEnabled:0]]
[2019.10.22-02.18.53:456][  0]LogConfig: Setting CVar [[gc.BlueprintClusteringEnabled:0]]
[2019.10.22-02.18.53:456][  0]LogConfig: Setting CVar [[gc.UseDisregardForGCOnDedicatedServers:0]]
[2019.10.22-02.18.53:456][  0]LogConfig: Applying CVar settings from Section [/Script/Engine.NetworkSettings] File [E:/Users/Tumble/Documents/GitHub/Project-Critality/ProjectCritality/Saved/Config/Windows/Engine.ini]
[2019.10.22-02.18.53:456][  0]LogConfig: Applying CVar settings from Section [/Script/UnrealEd.CookerSettings] File [E:/Users/Tumble/Documents/GitHub/Project-Critality/ProjectCritality/Saved/Config/Windows/Engine.ini]
[2019.10.22-02.18.53:466][  0]LogConfig: Applying CVar settings from Section [ViewDistanceQuality@3] File [E:/Users/Tumble/Documents/GitHub/Project-Critality/ProjectCritality/Saved/Config/Windows/Scalability.ini]
[2019.10.22-02.18.53:466][  0]LogConfig: Setting CVar [[r.SkeletalMeshLODBias:0]]
[2019.10.22-02.18.53:466][  0]LogConfig: Setting CVar [[r.ViewDistanceScale:1.0]]
[2019.10.22-02.18.53:466][  0]LogConfig: Applying CVar settings from Section [AntiAliasingQuality@3] File [E:/Users/Tumble/Documents/GitHub/Project-Critality/ProjectCritality/Saved/Config/Windows/Scalability.ini]
[2019.10.22-02.18.53:466][  0]LogConfig: Setting CVar [[r.PostProcessAAQuality:4]]
[2019.10.22-02.18.53:466][  0]LogConfig: Applying CVar settings from Section [ShadowQuality@3] File [E:/Users/Tumble/Documents/GitHub/Project-Critality/ProjectCritality/Saved/Config/Windows/Scalability.ini]
[2019.10.22-02.18.53:466][  0]LogConfig: Setting CVar [[r.LightFunctionQuality:1]]
[2019.10.22-02.18.53:466][  0]LogConfig: Setting CVar [[r.ShadowQuality:5]]
[2019.10.22-02.18.53:466][  0]LogConfig: Setting CVar [[r.Shadow.CSM.MaxCascades:10]]
[2019.10.22-02.18.53:466][  0]LogConfig: Setting CVar [[r.Shadow.MaxResolution:2048]]
[2019.10.22-02.18.53:466][  0]LogConfig: Setting CVar [[r.Shadow.MaxCSMResolution:2048]]
[2019.10.22-02.18.53:466][  0]LogConfig: Setting CVar [[r.Shadow.RadiusThreshold:0.01]]
[2019.10.22-02.18.53:466][  0]LogConfig: Setting CVar [[r.Shadow.DistanceScale:1.0]]
[2019.10.22-02.18.53:466][  0]LogConfig: Setting CVar [[r.Shadow.CSM.TransitionScale:1.0]]
[2019.10.22-02.18.53:466][  0]LogConfig: Setting CVar [[r.Shadow.PreShadowResolutionFactor:1.0]]
[2019.10.22-02.18.53:466][  0]LogConfig: Setting CVar [[r.DistanceFieldShadowing:1]]
[2019.10.22-02.18.53:466][  0]LogConfig: Setting CVar [[r.DistanceFieldAO:1]]
[2019.10.22-02.18.53:466][  0]LogConfig: Setting CVar [[r.AOQuality:2]]
[2019.10.22-02.18.53:466][  0]LogConfig: Setting CVar [[r.VolumetricFog:1]]
[2019.10.22-02.18.53:466][  0]LogConfig: Setting CVar [[r.VolumetricFog.GridPixelSize:8]]
[2019.10.22-02.18.53:466][  0]LogConfig: Setting CVar [[r.VolumetricFog.GridSizeZ:128]]
[2019.10.22-02.18.53:466][  0]LogConfig: Setting CVar [[r.VolumetricFog.HistoryMissSupersampleCount:4]]
[2019.10.22-02.18.53:466][  0]LogConfig: Setting CVar [[r.LightMaxDrawDistanceScale:1]]
[2019.10.22-02.18.53:466][  0]LogConfig: Setting CVar [[r.CapsuleShadows:1]]
[2019.10.22-02.18.53:466][  0]LogConfig: Applying CVar settings from Section [PostProcessQuality@3] File [E:/Users/Tumble/Documents/GitHub/Project-Critality/ProjectCritality/Saved/Config/Windows/Scalability.ini]
[2019.10.22-02.18.53:466][  0]LogConfig: Setting CVar [[r.MotionBlurQuality:4]]
[2019.10.22-02.18.53:466][  0]LogConfig: Setting CVar [[r.AmbientOcclusionMipLevelFactor:0.4]]
[2019.10.22-02.18.53:466][  0]LogConfig: Setting CVar [[r.AmbientOcclusionMaxQuality:100]]
[2019.10.22-02.18.53:466][  0]LogConfig: Setting CVar [[r.AmbientOcclusionLevels:-1]]
[2019.10.22-02.18.53:466][  0]LogConfig: Setting CVar [[r.AmbientOcclusionRadiusScale:1.0]]
[2019.10.22-02.18.53:466][  0]LogConfig: Setting CVar [[r.DepthOfFieldQuality:2]]
[2019.10.22-02.18.53:466][  0]LogConfig: Setting CVar [[r.RenderTargetPoolMin:400]]
[2019.10.22-02.18.53:466][  0]LogConfig: Setting CVar [[r.LensFlareQuality:2]]
[2019.10.22-02.18.53:466][  0]LogConfig: Setting CVar [[r.SceneColorFringeQuality:1]]
[2019.10.22-02.18.53:466][  0]LogConfig: Setting CVar [[r.EyeAdaptationQuality:2]]
[2019.10.22-02.18.53:466][  0]LogConfig: Setting CVar [[r.BloomQuality:5]]
[2019.10.22-02.18.53:466][  0]LogConfig: Setting CVar [[r.FastBlurThreshold:100]]
[2019.10.22-02.18.53:466][  0]LogConfig: Setting CVar [[r.Upscale.Quality:3]]
[2019.10.22-02.18.53:466][  0]LogConfig: Setting CVar [[r.Tonemapper.GrainQuantization:1]]
[2019.10.22-02.18.53:466][  0]LogConfig: Setting CVar [[r.LightShaftQuality:1]]
[2019.10.22-02.18.53:466][  0]LogConfig: Setting CVar [[r.Filter.SizeScale:1]]
[2019.10.22-02.18.53:466][  0]LogConfig: Setting CVar [[r.Tonemapper.Quality:5]]
[2019.10.22-02.18.53:466][  0]LogConfig: Setting CVar [[r.DOF.Gather.AccumulatorQuality:1        ; higher gathering accumulator quality]]
[2019.10.22-02.18.53:466][  0]LogConfig: Setting CVar [[r.DOF.Gather.PostfilterMethod:1          ; Median3x3 postfilering method]]
[2019.10.22-02.18.53:466][  0]LogConfig: Setting CVar [[r.DOF.Gather.EnableBokehSettings:0       ; no bokeh simulation when gathering]]
[2019.10.22-02.18.53:466][  0]LogConfig: Setting CVar [[r.DOF.Gather.RingCount:4                 ; medium number of samples when gathering]]
[2019.10.22-02.18.53:466][  0]LogConfig: Setting CVar [[r.DOF.Scatter.ForegroundCompositing:1    ; additive foreground scattering]]
[2019.10.22-02.18.53:466][  0]LogConfig: Setting CVar [[r.DOF.Scatter.BackgroundCompositing:2    ; additive background scattering]]
[2019.10.22-02.18.53:466][  0]LogConfig: Setting CVar [[r.DOF.Scatter.EnableBokehSettings:1      ; bokeh simulation when scattering]]
[2019.10.22-02.18.53:466][  0]LogConfig: Setting CVar [[r.DOF.Scatter.MaxSpriteRatio:0.1         ; only a maximum of 10% of scattered bokeh]]
[2019.10.22-02.18.53:466][  0]LogConfig: Setting CVar [[r.DOF.Recombine.Quality:1                ; cheap slight out of focus]]
[2019.10.22-02.18.53:466][  0]LogConfig: Setting CVar [[r.DOF.Recombine.EnableBokehSettings:0    ; no bokeh simulation on slight out of focus]]
[2019.10.22-02.18.53:466][  0]LogConfig: Setting CVar [[r.DOF.TemporalAAQuality:1                ; more stable temporal accumulation]]
[2019.10.22-02.18.53:466][  0]LogConfig: Setting CVar [[r.DOF.Kernel.MaxForegroundRadius:0.025]]
[2019.10.22-02.18.53:466][  0]LogConfig: Setting CVar [[r.DOF.Kernel.MaxBackgroundRadius:0.025]]
[2019.10.22-02.18.53:466][  0]LogConfig: Applying CVar settings from Section [TextureQuality@3] File [E:/Users/Tumble/Documents/GitHub/Project-Critality/ProjectCritality/Saved/Config/Windows/Scalability.ini]
[2019.10.22-02.18.53:466][  0]LogConfig: Setting CVar [[r.Streaming.MipBias:0]]
[2019.10.22-02.18.53:466][  0]LogConfig: Setting CVar [[r.Streaming.AmortizeCPUToGPUCopy:0]]
[2019.10.22-02.18.53:466][  0]LogConfig: Setting CVar [[r.Streaming.MaxNumTexturesToStreamPerFrame:0]]
[2019.10.22-02.18.53:467][  0]LogConfig: Setting CVar [[r.Streaming.Boost:1]]
[2019.10.22-02.18.53:467][  0]LogConfig: Setting CVar [[r.MaxAnisotropy:8]]
[2019.10.22-02.18.53:467][  0]LogConfig: Setting CVar [[r.Streaming.LimitPoolSizeToVRAM:0]]
[2019.10.22-02.18.53:467][  0]LogConfig: Setting CVar [[r.Streaming.PoolSize:1000]]
[2019.10.22-02.18.53:467][  0]LogConfig: Setting CVar [[r.Streaming.MaxEffectiveScreenSize:0]]
[2019.10.22-02.18.53:467][  0]LogConfig: Applying CVar settings from Section [EffectsQuality@3] File [E:/Users/Tumble/Documents/GitHub/Project-Critality/ProjectCritality/Saved/Config/Windows/Scalability.ini]
[2019.10.22-02.18.53:467][  0]LogConfig: Setting CVar [[r.TranslucencyLightingVolumeDim:64]]
[2019.10.22-02.18.53:467][  0]LogConfig: Setting CVar [[r.RefractionQuality:2]]
[2019.10.22-02.18.53:467][  0]LogConfig: Setting CVar [[r.SSR.Quality:3]]
[2019.10.22-02.18.53:467][  0]LogConfig: Setting CVar [[r.SceneColorFormat:4]]
[2019.10.22-02.18.53:467][  0]LogConfig: Setting CVar [[r.DetailMode:2]]
[2019.10.22-02.18.53:467][  0]LogConfig: Setting CVar [[r.TranslucencyVolumeBlur:1]]
[2019.10.22-02.18.53:467][  0]LogConfig: Setting CVar [[r.MaterialQualityLevel:1 ; High quality]]
[2019.10.22-02.18.53:467][  0]LogConfig: Setting CVar [[r.SSS.Scale:1]]
[2019.10.22-02.18.53:467][  0]LogConfig: Setting CVar [[r.SSS.SampleSet:2]]
[2019.10.22-02.18.53:467][  0]LogConfig: Setting CVar [[r.SSS.Quality:1]]
[2019.10.22-02.18.53:467][  0]LogConfig: Setting CVar [[r.SSS.HalfRes:1]]
[2019.10.22-02.18.53:467][  0]LogConfig: Setting CVar [[r.EmitterSpawnRateScale:1.0]]
[2019.10.22-02.18.53:467][  0]LogConfig: Setting CVar [[r.ParticleLightQuality:2]]
[2019.10.22-02.18.53:467][  0]LogConfig: Applying CVar settings from Section [FoliageQuality@3] File [E:/Users/Tumble/Documents/GitHub/Project-Critality/ProjectCritality/Saved/Config/Windows/Scalability.ini]
[2019.10.22-02.18.53:467][  0]LogConfig: Setting CVar [[foliage.DensityScale:1.0]]
[2019.10.22-02.18.53:467][  0]LogConfig: Setting CVar [[grass.DensityScale:1.0]]
[2019.10.22-02.18.53:467][  0]LogInit: Selected Device Profile: [Windows]
[2019.10.22-02.18.53:467][  0]LogInit: Applying CVar settings loaded from the selected device profile: [Windows]
[2019.10.22-02.18.53:485][  0]LogHAL: Display: Platform has ~ 16 GB [17123278848 / 17179869184 / 16], which maps to Larger [LargestMinGB=32, LargerMinGB=12, DefaultMinGB=8, SmallerMinGB=6, SmallestMinGB=0)
[2019.10.22-02.18.53:485][  0]LogConfig: Setting CVar [[r.Vulkan.UseRealUBs:0		; Required until we fix HLR fall-out]]
[2019.10.22-02.18.53:485][  0]LogInit: Going up to parent DeviceProfile []
[2019.10.22-02.18.53:485][  0]LogConfig: Applying CVar settings from Section [ViewDistanceQuality@3] File [E:/Users/Tumble/Documents/GitHub/Project-Critality/ProjectCritality/Saved/Config/Windows/Scalability.ini]
[2019.10.22-02.18.53:485][  0]LogConfig: Setting CVar [[r.SkeletalMeshLODBias:0]]
[2019.10.22-02.18.53:485][  0]LogConfig: Setting CVar [[r.ViewDistanceScale:1.0]]
[2019.10.22-02.18.53:485][  0]LogConfig: Applying CVar settings from Section [AntiAliasingQuality@3] File [E:/Users/Tumble/Documents/GitHub/Project-Critality/ProjectCritality/Saved/Config/Windows/Scalability.ini]
[2019.10.22-02.18.53:485][  0]LogConfig: Setting CVar [[r.PostProcessAAQuality:4]]
[2019.10.22-02.18.53:485][  0]LogConfig: Applying CVar settings from Section [ShadowQuality@3] File [E:/Users/Tumble/Documents/GitHub/Project-Critality/ProjectCritality/Saved/Config/Windows/Scalability.ini]
[2019.10.22-02.18.53:485][  0]LogConfig: Setting CVar [[r.LightFunctionQuality:1]]
[2019.10.22-02.18.53:485][  0]LogConfig: Setting CVar [[r.ShadowQuality:5]]
[2019.10.22-02.18.53:485][  0]LogConfig: Setting CVar [[r.Shadow.CSM.MaxCascades:10]]
[2019.10.22-02.18.53:486][  0]LogConfig: Setting CVar [[r.Shadow.MaxResolution:2048]]
[2019.10.22-02.18.53:486][  0]LogConfig: Setting CVar [[r.Shadow.MaxCSMResolution:2048]]
[2019.10.22-02.18.53:486][  0]LogConfig: Setting CVar [[r.Shadow.RadiusThreshold:0.01]]
[2019.10.22-02.18.53:486][  0]LogConfig: Setting CVar [[r.Shadow.DistanceScale:1.0]]
[2019.10.22-02.18.53:486][  0]LogConfig: Setting CVar [[r.Shadow.CSM.TransitionScale:1.0]]
[2019.10.22-02.18.53:486][  0]LogConfig: Setting CVar [[r.Shadow.PreShadowResolutionFactor:1.0]]
[2019.10.22-02.18.53:486][  0]LogConfig: Setting CVar [[r.DistanceFieldShadowing:1]]
[2019.10.22-02.18.53:486][  0]LogConfig: Setting CVar [[r.DistanceFieldAO:1]]
[2019.10.22-02.18.53:486][  0]LogConfig: Setting CVar [[r.AOQuality:2]]
[2019.10.22-02.18.53:486][  0]LogConfig: Setting CVar [[r.VolumetricFog:1]]
[2019.10.22-02.18.53:486][  0]LogConfig: Setting CVar [[r.VolumetricFog.GridPixelSize:8]]
[2019.10.22-02.18.53:486][  0]LogConfig: Setting CVar [[r.VolumetricFog.GridSizeZ:128]]
[2019.10.22-02.18.53:486][  0]LogConfig: Setting CVar [[r.VolumetricFog.HistoryMissSupersampleCount:4]]
[2019.10.22-02.18.53:486][  0]LogConfig: Setting CVar [[r.LightMaxDrawDistanceScale:1]]
[2019.10.22-02.18.53:486][  0]LogConfig: Setting CVar [[r.CapsuleShadows:1]]
[2019.10.22-02.18.53:486][  0]LogConfig: Applying CVar settings from Section [PostProcessQuality@3] File [E:/Users/Tumble/Documents/GitHub/Project-Critality/ProjectCritality/Saved/Config/Windows/Scalability.ini]
[2019.10.22-02.18.53:486][  0]LogConfig: Setting CVar [[r.MotionBlurQuality:4]]
[2019.10.22-02.18.53:486][  0]LogConfig: Setting CVar [[r.AmbientOcclusionMipLevelFactor:0.4]]
[2019.10.22-02.18.53:486][  0]LogConfig: Setting CVar [[r.AmbientOcclusionMaxQuality:100]]
[2019.10.22-02.18.53:486][  0]LogConfig: Setting CVar [[r.AmbientOcclusionLevels:-1]]
[2019.10.22-02.18.53:486][  0]LogConfig: Setting CVar [[r.AmbientOcclusionRadiusScale:1.0]]
[2019.10.22-02.18.53:486][  0]LogConfig: Setting CVar [[r.DepthOfFieldQuality:2]]
[2019.10.22-02.18.53:486][  0]LogConfig: Setting CVar [[r.RenderTargetPoolMin:400]]
[2019.10.22-02.18.53:486][  0]LogConfig: Setting CVar [[r.LensFlareQuality:2]]
[2019.10.22-02.18.53:486][  0]LogConfig: Setting CVar [[r.SceneColorFringeQuality:1]]
[2019.10.22-02.18.53:486][  0]LogConfig: Setting CVar [[r.EyeAdaptationQuality:2]]
[2019.10.22-02.18.53:486][  0]LogConfig: Setting CVar [[r.BloomQuality:5]]
[2019.10.22-02.18.53:486][  0]LogConfig: Setting CVar [[r.FastBlurThreshold:100]]
[2019.10.22-02.18.53:486][  0]LogConfig: Setting CVar [[r.Upscale.Quality:3]]
[2019.10.22-02.18.53:486][  0]LogConfig: Setting CVar [[r.Tonemapper.GrainQuantization:1]]
[2019.10.22-02.18.53:486][  0]LogConfig: Setting CVar [[r.LightShaftQuality:1]]
[2019.10.22-02.18.53:486][  0]LogConfig: Setting CVar [[r.Filter.SizeScale:1]]
[2019.10.22-02.18.53:486][  0]LogConfig: Setting CVar [[r.Tonemapper.Quality:5]]
[2019.10.22-02.18.53:486][  0]LogConfig: Setting CVar [[r.DOF.Gather.AccumulatorQuality:1        ; higher gathering accumulator quality]]
[2019.10.22-02.18.53:486][  0]LogConfig: Setting CVar [[r.DOF.Gather.PostfilterMethod:1          ; Median3x3 postfilering method]]
[2019.10.22-02.18.53:486][  0]LogConfig: Setting CVar [[r.DOF.Gather.EnableBokehSettings:0       ; no bokeh simulation when gathering]]
[2019.10.22-02.18.53:486][  0]LogConfig: Setting CVar [[r.DOF.Gather.RingCount:4                 ; medium number of samples when gathering]]
[2019.10.22-02.18.53:486][  0]LogConfig: Setting CVar [[r.DOF.Scatter.ForegroundCompositing:1    ; additive foreground scattering]]
[2019.10.22-02.18.53:486][  0]LogConfig: Setting CVar [[r.DOF.Scatter.BackgroundCompositing:2    ; additive background scattering]]
[2019.10.22-02.18.53:486][  0]LogConfig: Setting CVar [[r.DOF.Scatter.EnableBokehSettings:1      ; bokeh simulation when scattering]]
[2019.10.22-02.18.53:486][  0]LogConfig: Setting CVar [[r.DOF.Scatter.MaxSpriteRatio:0.1         ; only a maximum of 10% of scattered bokeh]]
[2019.10.22-02.18.53:486][  0]LogConfig: Setting CVar [[r.DOF.Recombine.Quality:1                ; cheap slight out of focus]]
[2019.10.22-02.18.53:486][  0]LogConfig: Setting CVar [[r.DOF.Recombine.EnableBokehSettings:0    ; no bokeh simulation on slight out of focus]]
[2019.10.22-02.18.53:486][  0]LogConfig: Setting CVar [[r.DOF.TemporalAAQuality:1                ; more stable temporal accumulation]]
[2019.10.22-02.18.53:486][  0]LogConfig: Setting CVar [[r.DOF.Kernel.MaxForegroundRadius:0.025]]
[2019.10.22-02.18.53:486][  0]LogConfig: Setting CVar [[r.DOF.Kernel.MaxBackgroundRadius:0.025]]
[2019.10.22-02.18.53:486][  0]LogConfig: Applying CVar settings from Section [TextureQuality@3] File [E:/Users/Tumble/Documents/GitHub/Project-Critality/ProjectCritality/Saved/Config/Windows/Scalability.ini]
[2019.10.22-02.18.53:486][  0]LogConfig: Setting CVar [[r.Streaming.MipBias:0]]
[2019.10.22-02.18.53:486][  0]LogConfig: Setting CVar [[r.Streaming.AmortizeCPUToGPUCopy:0]]
[2019.10.22-02.18.53:486][  0]LogConfig: Setting CVar [[r.Streaming.MaxNumTexturesToStreamPerFrame:0]]
[2019.10.22-02.18.53:486][  0]LogConfig: Setting CVar [[r.Streaming.Boost:1]]
[2019.10.22-02.18.53:486][  0]LogConfig: Setting CVar [[r.MaxAnisotropy:8]]
[2019.10.22-02.18.53:486][  0]LogConfig: Setting CVar [[r.Streaming.LimitPoolSizeToVRAM:0]]
[2019.10.22-02.18.53:486][  0]LogConfig: Setting CVar [[r.Streaming.PoolSize:1000]]
[2019.10.22-02.18.53:486][  0]LogConfig: Setting CVar [[r.Streaming.MaxEffectiveScreenSize:0]]
[2019.10.22-02.18.53:486][  0]LogConfig: Applying CVar settings from Section [EffectsQuality@3] File [E:/Users/Tumble/Documents/GitHub/Project-Critality/ProjectCritality/Saved/Config/Windows/Scalability.ini]
[2019.10.22-02.18.53:486][  0]LogConfig: Setting CVar [[r.TranslucencyLightingVolumeDim:64]]
[2019.10.22-02.18.53:486][  0]LogConfig: Setting CVar [[r.RefractionQuality:2]]
[2019.10.22-02.18.53:486][  0]LogConfig: Setting CVar [[r.SSR.Quality:3]]
[2019.10.22-02.18.53:486][  0]LogConfig: Setting CVar [[r.SceneColorFormat:4]]
[2019.10.22-02.18.53:486][  0]LogConfig: Setting CVar [[r.DetailMode:2]]
[2019.10.22-02.18.53:486][  0]LogConfig: Setting CVar [[r.TranslucencyVolumeBlur:1]]
[2019.10.22-02.18.53:486][  0]LogConfig: Setting CVar [[r.MaterialQualityLevel:1 ; High quality]]
[2019.10.22-02.18.53:486][  0]LogConfig: Setting CVar [[r.SSS.Scale:1]]
[2019.10.22-02.18.53:486][  0]LogConfig: Setting CVar [[r.SSS.SampleSet:2]]
[2019.10.22-02.18.53:486][  0]LogConfig: Setting CVar [[r.SSS.Quality:1]]
[2019.10.22-02.18.53:486][  0]LogConfig: Setting CVar [[r.SSS.HalfRes:1]]
[2019.10.22-02.18.53:486][  0]LogConfig: Setting CVar [[r.EmitterSpawnRateScale:1.0]]
[2019.10.22-02.18.53:486][  0]LogConfig: Setting CVar [[r.ParticleLightQuality:2]]
[2019.10.22-02.18.53:486][  0]LogConfig: Applying CVar settings from Section [FoliageQuality@3] File [E:/Users/Tumble/Documents/GitHub/Project-Critality/ProjectCritality/Saved/Config/Windows/Scalability.ini]
[2019.10.22-02.18.53:486][  0]LogConfig: Setting CVar [[foliage.DensityScale:1.0]]
[2019.10.22-02.18.53:487][  0]LogConfig: Setting CVar [[grass.DensityScale:1.0]]
[2019.10.22-02.18.53:487][  0]LogConfig: Applying CVar settings from Section [Startup] File [../../../Engine/Config/ConsoleVariables.ini]
[2019.10.22-02.18.53:487][  0]LogConfig: Setting CVar [[net.UseAdaptiveNetUpdateFrequency:0]]
[2019.10.22-02.18.53:487][  0]LogConfig: Setting CVar [[p.chaos.AllowCreatePhysxBodies:1]]
[2019.10.22-02.18.53:487][  0]LogConfig: Applying CVar settings from Section [ConsoleVariables] File [E:/Users/Tumble/Documents/GitHub/Project-Critality/ProjectCritality/Saved/Config/Windows/Engine.ini]
[2019.10.22-02.18.53:488][  0]LogInit: Computer: TUMBLE-PC
[2019.10.22-02.18.53:488][  0]LogInit: User: Tumble
[2019.10.22-02.18.53:488][  0]LogInit: CPU Page size=4096, Cores=6
[2019.10.22-02.18.53:488][  0]LogInit: High frequency timer resolution =10.000000 MHz
[2019.10.22-02.18.53:489][  0]LogMemory: Memory total: Physical=15.9GB (16GB approx)
[2019.10.22-02.18.53:489][  0]LogMemory: Platform Memory Stats for Windows
[2019.10.22-02.18.53:489][  0]LogMemory: Process Physical Memory: 106.88 MB used, 106.88 MB peak
[2019.10.22-02.18.53:489][  0]LogMemory: Process Virtual Memory: 92.54 MB used, 92.54 MB peak
[2019.10.22-02.18.53:489][  0]LogMemory: Physical Memory: 9960.62 MB used,  6369.41 MB free, 16330.03 MB total
[2019.10.22-02.18.53:489][  0]LogMemory: Virtual Memory: 4642.58 MB used,  134213088.00 MB free, 134217728.00 MB total
[2019.10.22-02.18.53:658][  0]LogInit: Using OS detected language (en-GB).
[2019.10.22-02.18.53:658][  0]LogInit: Using OS detected locale (en-GB).
[2019.10.22-02.18.53:660][  0]LogTextLocalizationManager: No specific localization for 'en-GB' exists, so the 'en' localization will be used.
[2019.10.22-02.18.54:179][  0]LogSlate: New Slate User Created.  User Index 0, Is Virtual User: 0
[2019.10.22-02.18.54:179][  0]LogSlate: Slate User Registered.  User Index 0, Is Virtual User: 0
[2019.10.22-02.18.54:258][  0]LogHMD: Failed to initialize OpenVR with code 108
[2019.10.22-02.18.54:258][  0]LogD3D11RHI: D3D11 adapters:
[2019.10.22-02.18.54:368][  0]LogD3D11RHI:    0. 'NVIDIA GeForce GTX 1060 6GB' (Feature Level 11_0)
[2019.10.22-02.18.54:368][  0]LogD3D11RHI:       6052/0/8165 MB DedicatedVideo/DedicatedSystem/SharedSystem, Outputs:2, VendorId:0x10de
[2019.10.22-02.18.54:372][  0]LogD3D11RHI:    1. 'Microsoft Basic Render Driver' (Feature Level 11_0)
[2019.10.22-02.18.54:372][  0]LogD3D11RHI:       0/0/8165 MB DedicatedVideo/DedicatedSystem/SharedSystem, Outputs:0, VendorId:0x1414
[2019.10.22-02.18.54:372][  0]LogD3D11RHI: Chosen D3D11 Adapter: 0
[2019.10.22-02.18.54:383][  0]LogD3D11RHI: Creating new Direct3DDevice
[2019.10.22-02.18.54:383][  0]LogD3D11RHI:     GPU DeviceId: 0x1c03 (for the marketing name, search the web for "GPU Device Id")
[2019.10.22-02.18.54:384][  0]LogWindows: EnumDisplayDevices:
[2019.10.22-02.18.54:384][  0]LogWindows:    0. 'NVIDIA GeForce GTX 1060 6GB' (P:0 D:1)
[2019.10.22-02.18.54:384][  0]LogWindows:    1. 'NVIDIA GeForce GTX 1060 6GB' (P:1 D:1)
[2019.10.22-02.18.54:385][  0]LogWindows:    2. 'NVIDIA GeForce GTX 1060 6GB' (P:0 D:0)
[2019.10.22-02.18.54:385][  0]LogWindows:    3. 'NVIDIA GeForce GTX 1060 6GB' (P:0 D:0)
[2019.10.22-02.18.54:386][  0]LogWindows: DebugString: FoundDriverCount:4 
[2019.10.22-02.18.54:386][  0]LogD3D11RHI:     Adapter Name: NVIDIA GeForce GTX 1060 6GB
[2019.10.22-02.18.54:386][  0]LogD3D11RHI:   Driver Version: 436.48 (internal:26.21.14.3648, unified:436.48)
[2019.10.22-02.18.54:386][  0]LogD3D11RHI:      Driver Date: 9-26-2019
[2019.10.22-02.18.54:386][  0]LogRHI: Texture pool is 4236 MB (70% of 6052 MB)
[2019.10.22-02.18.54:447][  0]LogD3D11RHI: Async texture creation enabled
[2019.10.22-02.18.54:564][  0]LogRendererCore: FGlobalReadBuffer::InitRHI
[2019.10.22-02.18.54:565][  0]LogRendererCore: FGlobalReadBuffer::InitRHI
[2019.10.22-02.18.54:566][  0]LogRendererCore: FGlobalReadBuffer::InitRHI
[2019.10.22-02.18.54:577][  0]LogD3D11RHI: GPU Timing Frequency: 1000.000000 (Debug: 2 1)
[2019.10.22-02.18.55:390][  0]LogTemp: Display: Module 'WindowsClientTargetPlatform' loaded TargetPlatform 'WindowsClient'
[2019.10.22-02.18.55:404][  0]LogTemp: Display: Module 'WindowsNoEditorTargetPlatform' loaded TargetPlatform 'WindowsNoEditor'
[2019.10.22-02.18.55:419][  0]LogTemp: Display: Module 'WindowsServerTargetPlatform' loaded TargetPlatform 'WindowsServer'
[2019.10.22-02.18.55:426][  0]LogTemp: Display: Module 'WindowsTargetPlatform' loaded TargetPlatform 'Windows'
[2019.10.22-02.18.55:427][  0]LogTargetPlatformManager: Display: Building Assets For Windows
[2019.10.22-02.18.55:439][  0]LogAudioDebug: Display: Lib vorbis DLL was dynamically loaded.
[2019.10.22-02.18.55:696][  0]LogShaderCompilers: Guid format shader working directory is -21 characters bigger than the processId version (E:/Users/Tumble/Documents/GitHub/Project-Critality/ProjectCritality/Intermediate/Shaders/WorkingDirectory/17164/).
[2019.10.22-02.18.55:712][  0]LogShaderCompilers: Cleaned the shader compiler working directory 'E:/Users/Tumble/AppData/Local/Temp/UnrealShaderWorkingDir/723E6B3D42511E64F2CD15B2D3C214E3/'.
[2019.10.22-02.18.55:716][  0]LogXGEController: Cannot use XGE Controller as Incredibuild is not installed on this machine.
[2019.10.22-02.18.55:716][  0]LogShaderCompilers: Cannot use XGE Shader Compiler as Incredibuild is not installed on this machine.
[2019.10.22-02.18.55:716][  0]LogShaderCompilers: Display: Using Local Shader Compiler.
[2019.10.22-02.18.56:458][  0]LogDerivedDataCache: Display: Max Cache Size: 512 MB
[2019.10.22-02.18.57:197][  0]LogDerivedDataCache: Loaded boot cache 0.74s 71MB E:/Users/Tumble/AppData/Local/UnrealEngine/4.22/DerivedDataCache/Boot.ddc.
[2019.10.22-02.18.57:197][  0]LogDerivedDataCache: Display: Loaded Boot cache: E:/Users/Tumble/AppData/Local/UnrealEngine/4.22/DerivedDataCache/Boot.ddc
[2019.10.22-02.18.57:197][  0]LogDerivedDataCache: FDerivedDataBackendGraph:  Pak pak cache file E:/Users/Tumble/Documents/GitHub/Project-Critality/ProjectCritality/DerivedDataCache/DDC.ddp not found, will not use a pak cache.
[2019.10.22-02.18.57:197][  0]LogDerivedDataCache: Unable to find inner node Pak for hierarchical cache Hierarchy.
[2019.10.22-02.18.57:197][  0]LogDerivedDataCache: FDerivedDataBackendGraph:  CompressedPak pak cache file E:/Users/Tumble/Documents/GitHub/Project-Critality/ProjectCritality/DerivedDataCache/Compressed.ddp not found, will not use a pak cache.
[2019.10.22-02.18.57:197][  0]LogDerivedDataCache: Unable to find inner node CompressedPak for hierarchical cache Hierarchy.
[2019.10.22-02.18.57:217][  0]LogDerivedDataCache: Display: Pak cache opened for reading ../../../Engine/DerivedDataCache/Compressed.ddp.
[2019.10.22-02.18.57:218][  0]LogDerivedDataCache: FDerivedDataBackendGraph:  EnterprisePak pak cache file ../../../Enterprise/DerivedDataCache/Compressed.ddp not found, will not use a pak cache.
[2019.10.22-02.18.57:218][  0]LogDerivedDataCache: Unable to find inner node EnterprisePak for hierarchical cache Hierarchy.
[2019.10.22-02.18.57:255][  0]LogDerivedDataCache: Using Local data cache path E:/Users/Tumble/AppData/Local/UnrealEngine/Common/DerivedDataCache: Writable
[2019.10.22-02.18.57:255][  0]LogDerivedDataCache: Shared data cache path not found in *engine.ini, will not use an Shared cache.
[2019.10.22-02.18.57:255][  0]LogDerivedDataCache: Unable to find inner node Shared for hierarchical cache Hierarchy.
[2019.10.22-02.18.57:299][  0]LogMaterial: Verifying Global Shaders for PCD3D_SM5
[2019.10.22-02.18.57:304][  0]LogSlate: Using FreeType 2.6.0
[2019.10.22-02.18.57:307][  0]LogSlate: SlateFontServices - WITH_FREETYPE: 1, WITH_HARFBUZZ: 1
[2019.10.22-02.18.57:490][  0]LogInit: Using OS detected language (en-GB).
[2019.10.22-02.18.57:490][  0]LogInit: Using OS detected locale (en-GB).
[2019.10.22-02.18.57:490][  0]LogTextLocalizationManager: No localization for 'en-GB' exists, so 'en' will be used for the language.
[2019.10.22-02.18.57:490][  0]LogTextLocalizationManager: No localization for 'en-GB' exists, so 'en' will be used for the locale.
[2019.10.22-02.18.57:490][  0]LogSlate: FontCache flush requested. Reason: Culture for localization was changed
[2019.10.22-02.18.57:490][  0]LogSlate: FontCache flush requested. Reason: Culture for localization was changed
[2019.10.22-02.18.57:492][  0]LogTextLocalizationManager: Compacting localization data took   0.01ms
[2019.10.22-02.18.57:500][  0]LogAssetRegistry: FAssetRegistry took 0.0045 seconds to start up
[2019.10.22-02.18.57:890][  0]LogPackageLocalizationCache: Processed 10 localized package path(s) for 1 prioritized culture(s) in 0.025037 seconds
[2019.10.22-02.18.58:074][  0]LogInit: Selected Device Profile: [Windows]
[2019.10.22-02.18.58:333][  0]LogMeshReduction: Using QuadricMeshReduction for automatic static mesh reduction
[2019.10.22-02.18.58:333][  0]LogMeshReduction: Using SimplygonMeshReduction for automatic skeletal mesh reduction
[2019.10.22-02.18.58:333][  0]LogMeshReduction: Using ProxyLODMeshReduction for automatic mesh merging
[2019.10.22-02.18.58:333][  0]LogMeshReduction: No distributed automatic mesh merging module available
[2019.10.22-02.18.58:334][  0]LogMeshMerging: No distributed automatic mesh merging module available
[2019.10.22-02.18.58:433][  0]LogNetVersion: ProjectCritality 1.0.0, NetCL: 5660361, EngineNetVer: 10, GameNetVer: 0 (Checksum: 2224699783)
[2019.10.22-02.18.59:700][  0]LogMoviePlayer: Initializing movie player
[2019.10.22-02.19.00:056][  0]LogTcpMessaging: Initializing TcpMessaging bridge
[2019.10.22-02.19.00:070][  0]LogUdpMessaging: Initializing bridge on interface 0.0.0.0:0 to multicast group 230.0.0.1:6666.
[2019.10.22-02.19.00:358][  0]SourceControl: Source control is disabled
[2019.10.22-02.19.00:358][  0]SourceControl: Source control is disabled
[2019.10.22-02.19.00:363][  0]SourceControl: Source control is disabled
[2019.10.22-02.19.00:484][  0]LogAndroidPermission: UAndroidPermissionCallbackProxy::GetInstance
[2019.10.22-02.19.01:068][  0]LogOcInput: OculusInput pre-init called
[2019.10.22-02.19.01:114][  0]LogUObjectArray: 46968 objects as part of root set at end of initial load.
[2019.10.22-02.19.01:114][  0]LogUObjectAllocator: 8246768 out of 0 bytes used by permanent object pool.
[2019.10.22-02.19.01:114][  0]LogUObjectArray: CloseDisregardForGC: 0/0 objects in disregard for GC pool
[2019.10.22-02.19.01:321][  0]LogEngine: Initializing Engine...
[2019.10.22-02.19.01:388][  0]LogHMD: Failed to initialize OpenVR with code 108
[2019.10.22-02.19.01:401][  0]LogStats: UGameplayTagsManager::InitializeManager -  0.002 s
[2019.10.22-02.19.01:713][  0]LogInit: Initializing FReadOnlyCVARCache
[2019.10.22-02.19.01:905][  0]LogInit: XAudio2 using 'Speakers Buffer (Virtual Audio Cable)' : 2 channels at 48 kHz using 16 bits per sample (channel mask 0x3)
[2019.10.22-02.19.01:937][  0]LogInit: FAudioDevice initialized.
[2019.10.22-02.19.01:949][  0]LogNetVersion: Set ProjectVersion to 1.0.0.0. Version Checksum will be recalculated on next use.
[2019.10.22-02.19.01:949][  0]LogInit: Texture streaming: Enabled
[2019.10.22-02.19.02:257][  0]LogSlate: Updating window title bar state: overlay mode, drag disabled, window buttons hidden, title bar hidden
[2019.10.22-02.19.02:258][  0]LogInit: Display: Game Engine Initialized.
[2019.10.22-02.19.02:327][  0]LogInit: Display: Starting Game.
[2019.10.22-02.19.02:327][  0]LogNet: Browse: /Game/CritalityLevel?Name=Player
[2019.10.22-02.19.02:327][  0]LogLoad: LoadMap: /Game/CritalityLevel?Name=Player
[2019.10.22-02.19.02:354][  0]LogUObjectHash: Compacting FUObjectHashTables data took   1.35ms
[2019.10.22-02.19.02:751][  0]LogAIModule: Creating AISystem for world CritalityLevel
[2019.10.22-02.19.02:754][  0]LogLoad: Game class is 'CritalityGameMode_C'
[2019.10.22-02.19.02:756][  0]LogWorld: Bringing World /Game/CritalityLevel.CritalityLevel up for play (max tick rate 0) at 2019.10.22-03.19.02
[2019.10.22-02.19.02:756][  0]LogWorld: Bringing up level for play took: 0.000847
[2019.10.22-02.19.02:757][  0]LogGameMode: FindPlayerStart: PATHS NOT DEFINED or NO PLAYERSTART with positive rating
[2019.10.22-02.19.02:779][  0]LogLoad: Took 0.452367 seconds to LoadMap(/Game/CritalityLevel)
[2019.10.22-02.19.02:864][  0]LogRenderer: Reallocating scene render targets to support 1280x720 Format 10 NumSamples 1 (Frame:1).
[2019.10.22-02.19.02:864][  0]LogLoad: (Engine Initialization) Total time: 15.00 seconds
[2019.10.22-02.19.02:864][  0]LogLoad: (Engine Initialization) Total Blueprint compile time: 0.00 seconds
[2019.10.22-02.19.02:886][  0]LogContentStreaming: Texture pool size now 1000 MB
[2019.10.22-02.19.02:941][  0]LogRenderer: Reallocating scene render targets to support 128x128 Format 10 NumSamples 1 (Frame:1).
[2019.10.22-02.19.02:973][  0]LogRenderer: Reallocating scene render targets to support 1280x720 Format 10 NumSamples 1 (Frame:2).
[2019.10.22-02.19.03:016][  3]SocketIOLog: SocketIO Connected with session: mLJP_pMfkmbGIjp5AAAl
[2019.10.22-02.19.03:016][  3]SocketIOLog: SocketIO mLJP_pMfkmbGIjp5AAAl connected to namespace: /
[2019.10.22-02.19.03:016][  3]LogBlueprintUserMessages: [CritalityWorld_BP_4] Connected
[2019.10.22-02.19.03:146][ 11]LogBlueprintUserMessages: [CritalityWorld_BP_4] login {"inventory":[],"nickname":"ProjectCritality","playerId":"2"}
[2019.10.22-02.19.03:274][ 19]LogBlueprintUserMessages: [CritalityWorld_BP_4] joinRoom {"artwork":{"background":"HalloweenTavern_BG.png","foreground":"HalloweenTavern_FG.png","props":[[0,455,180],[1,314,201],[2,301,341],[3,259,434],[4,670,245],[5,665,274],[6,592,252],[7,548,208],[8,830,245],[9,837,279],[10,484,307],[11,339,320],[12,409,336],[13,563,380],[14,430,415],[15,411,442],[16,496,399],[17,812,309],[18,722,357],[19,28,213],[20,12,292],[21,9,331],[22,162,246],[23,85,250],[24,127,204],[25,205,221]],"sprites":{"frames":[[577,161,170,61,0,85,42],[221,0,147,240,0,74,118],[625,0,181,161,0,90,52],[806,0,127,118,0,64,103],[0,0,221,174,0,110,133],[235,240,42,38,0,21,1],[353,242,37,35,0,18,2],[316,240,37,35,0,18,2],[933,0,83,151,0,31,122],[719,222,68,63,0,24,29],[195,240,40,40,0,20,2],[277,240,39,40,0,20,2],[0,174,103,78,0,52,49],[103,174,68,88,0,34,38],[965,239,53,33,0,26,4],[171,174,24,68,0,12,59],[906,151,118,88,0,59,37],[368,137,128,105,0,64,19],[368,0,257,137,0,129,48],[496,137,81,138,0,40,94],[806,118,100,147,0,70,111],[577,222,65,84,0,32,44],[779,161,22,34,0,11,23],[747,161,32,57,0,16,15],[642,222,77,64,0,39,45],[906,239,59,68,0,29,13]],"images":["HalloweenTavern_SS.png"]}},"height":480,"margin":0,"minDistance":20,"name":"Tavern","playerlist":[{"i":"2","n":"ProjectCritality","r":0,"s":5,"x":433,"y":195}],"roomId":"tavern","tileMap":[[0,0,0,0,0,0,0,0],[0,0,0,0,0,0,0,0],[0,0,0,0,0,0,0,0],[0,0,0,0,0,0,0,0],[0,0,0,0,0,0,0,0],[0,0,0,0,0,0,0,0]],"tileSize":100,"width":850}
[2019.10.22-02.19.03:275][ 19]LogBlueprintUserMessages: [CritalityWorld_BP_4] createRoom {"artwork":{"background":"HalloweenTavern_BG.png","foreground":"HalloweenTavern_FG.png","props":[[0,455,180],[1,314,201],[2,301,341],[3,259,434],[4,670,245],[5,665,274],[6,592,252],[7,548,208],[8,830,245],[9,837,279],[10,484,307],[11,339,320],[12,409,336],[13,563,380],[14,430,415],[15,411,442],[16,496,399],[17,812,309],[18,722,357],[19,28,213],[20,12,292],[21,9,331],[22,162,246],[23,85,250],[24,127,204],[25,205,221]],"sprites":{"frames":[[577,161,170,61,0,85,42],[221,0,147,240,0,74,118],[625,0,181,161,0,90,52],[806,0,127,118,0,64,103],[0,0,221,174,0,110,133],[235,240,42,38,0,21,1],[353,242,37,35,0,18,2],[316,240,37,35,0,18,2],[933,0,83,151,0,31,122],[719,222,68,63,0,24,29],[195,240,40,40,0,20,2],[277,240,39,40,0,20,2],[0,174,103,78,0,52,49],[103,174,68,88,0,34,38],[965,239,53,33,0,26,4],[171,174,24,68,0,12,59],[906,151,118,88,0,59,37],[368,137,128,105,0,64,19],[368,0,257,137,0,129,48],[496,137,81,138,0,40,94],[806,118,100,147,0,70,111],[577,222,65,84,0,32,44],[779,161,22,34,0,11,23],[747,161,32,57,0,16,15],[642,222,77,64,0,39,45],[906,239,59,68,0,29,13]],"images":["HalloweenTavern_SS.png"]}},"name_16_501E0D1C458868432B696CAF9950C298":"Tavern","margin":0,"minDistance":20,"playerlist_18_C6DFF8694FBE098EEEF3D58EA7B1E714":[{"n_13_80C65B7E44ACFC7AA375259E1A7D2C48":"ProjectCritality","r_17_AED09C9545AD531ECBD788862F6B4E65":0,"s_19_8E9F85D149C9C6BEE1EBAF9FCD795E24":5,"x_15_1C925932432793E8403F209D7EFBE45C":433,"y_16_E083B1294155A36ADB94EEBAFBC0F59E":195,"i_12_94C25E4E4805FE429981E493A3AD71F4":"2"}],"roomId_15_C9A3E2544FEB3A95875167848E693105":"tavern","width_20_D8633608472E9C0B203FAE97E40B3DCF":850,"tileMap":[[0,0,0,0,0,0,0,0],[0,0,0,0,0,0,0,0],[0,0,0,0,0,0,0,0],[0,0,0,0,0,0,0,0],[0,0,0,0,0,0,0,0],[0,0,0,0,0,0,0,0]],"tileSize":100,"height_19_DC20D2AE4590FF2691E44A82909231D5":480}
[2019.10.22-02.19.03:276][ 19]LogBlueprintUserMessages: [Room_BP_C_0] 2 ProjectCritality
[2019.10.22-02.19.03:276][ 19]LogSpawn: Warning: SpawnActor failed because of collision at the spawn location [X=0.000 Y=0.000 Z=10.000] for [Critter_BP_C]
[2019.10.22-02.19.03:276][ 19]LogScript: Warning: Attempted to access Critter_BP_C_0 via property newplayer, but Critter_BP_C_0 is pending kill
	Room_BP_C /Game/CritalityLevel.CritalityLevel:PersistentLevel.Room_BP_C_0
	Function /Game/Room_BP.Room_BP_C:addPlayer:0253
[2019.10.22-02.19.03:276][ 19]LogScript: Warning: Script call stack:
	Function /Game/CritalityWorld_BP.CritalityWorld_BP_C:BndEvt__SocketIOClient_K2Node_ComponentBoundEvent_1_SIOCEventJsonSignature__DelegateSignature
	Function /Game/CritalityWorld_BP.CritalityWorld_BP_C:ExecuteUbergraph_CritalityWorld_BP
	Function /Game/CritalityWorld_BP.CritalityWorld_BP_C:createRoom
	Function /Game/Room_BP.Room_BP_C:setupProperties
	Function /Game/Room_BP.Room_BP_C:addPlayer

[2019.10.22-02.19.03:276][ 19]LogScript: Warning: Script Msg: Attempted to access index -1 from array 'playerlist' of length 1 in '/Game/Room_BP.Room_BP_C'!
[2019.10.22-02.19.25:487][394]Set new viewmode: Lit_DetailLighting
[2019.10.22-02.19.27:213][501]LogWindowsDesktop: Alt-F4 pressed!
[2019.10.22-02.19.27:241][501]LogSlate: Window 'ProjectCritality (64-bit Development PCD3D_SM5) ' being destroyed
[2019.10.22-02.19.27:243][501]LogWindowsTextInputMethodSystem: Display: IME system now deactivated.
[2019.10.22-02.19.27:250][501]LogWindowsTextInputMethodSystem: Display: IME system now deactivated.
[2019.10.22-02.19.27:251][501]LogSlate: Updating window title bar state: overlay mode, drag disabled, window buttons hidden, title bar hidden
[2019.10.22-02.19.27:251][501]LogEngine: All Windows Closed
[2019.10.22-02.19.27:251][501]LogWindows: FPlatformMisc::RequestExit(0)
[2019.10.22-02.19.27:402][502]LogExit: Preparing to exit.
[2019.10.22-02.19.27:402][502]LogMoviePlayer: Shutting down movie player
[2019.10.22-02.19.28:112][502]LogSlate: Updating window title bar state: overlay mode, drag disabled, window buttons hidden, title bar hidden
[2019.10.22-02.19.28:124][502]LogExit: Game engine shut down
[2019.10.22-02.19.28:201][502]LogExit: Object subsystem successfully closed.
[2019.10.22-02.19.28:218][502]LogShaderCompilers: Display: Shaders left to compile 0
[2019.10.22-02.19.28:221][502]LogD3D11RHI: Shutdown
[2019.10.22-02.19.28:221][502]LogD3D11RHI: CleanupD3DDevice
[2019.10.22-02.19.28:221][502]LogRendererCore: FGlobalReadBuffer::ReleaseRHI
[2019.10.22-02.19.28:221][502]LogRendererCore: FGlobalDynamicReadBuffer::Cleanup()
[2019.10.22-02.19.28:221][502]LogRendererCore: FGlobalReadBuffer::ReleaseRHI
[2019.10.22-02.19.28:221][502]LogRendererCore: FGlobalDynamicReadBuffer::Cleanup()
[2019.10.22-02.19.28:221][502]LogRendererCore: FGlobalReadBuffer::ReleaseRHI
[2019.10.22-02.19.28:221][502]LogRendererCore: FGlobalDynamicReadBuffer::Cleanup()
[2019.10.22-02.19.28:265][502]LogD3D11RHI: ~FD3D11DynamicRHI
[2019.10.22-02.19.28:295][502]LogModuleManager: Shutting down and abandoning module SequenceRecorderSections (408)
[2019.10.22-02.19.28:295][502]LogModuleManager: Shutting down and abandoning module SequenceRecorder (406)
[2019.10.22-02.19.28:295][502]LogModuleManager: Shutting down and abandoning module AutomationController (404)
[2019.10.22-02.19.28:295][502]LogModuleManager: Shutting down and abandoning module AutomationWorker (402)
[2019.10.22-02.19.28:295][502]LogModuleManager: Shutting down and abandoning module Voice (400)
[2019.10.22-02.19.28:295][502]LogModuleManager: Shutting down and abandoning module AIModule (398)
[2019.10.22-02.19.28:296][502]LogModuleManager: Shutting down and abandoning module GameplayDebugger (397)
[2019.10.22-02.19.28:296][502]LogModuleManager: Shutting down and abandoning module AITestSuite (395)
[2019.10.22-02.19.28:296][502]LogModuleManager: Shutting down and abandoning module NavigationSystem (393)
[2019.10.22-02.19.28:296][502]LogModuleManager: Shutting down and abandoning module OculusMR (390)
[2019.10.22-02.19.28:296][502]LogModuleManager: Shutting down and abandoning module WmfMediaFactory (388)
[2019.10.22-02.19.28:296][502]LogModuleManager: Shutting down and abandoning module WebMMediaFactory (386)
[2019.10.22-02.19.28:296][502]LogModuleManager: Shutting down and abandoning module WebMMedia (384)
[2019.10.22-02.19.28:296][502]LogModuleManager: Shutting down and abandoning module OpenExrWrapper (382)
[2019.10.22-02.19.28:296][502]LogModuleManager: Shutting down and abandoning module ImgMediaFactory (380)
[2019.10.22-02.19.28:296][502]LogModuleManager: Shutting down and abandoning module AvfMediaFactory (378)
[2019.10.22-02.19.28:296][502]LogModuleManager: Shutting down and abandoning module MagicLeapCameraPreviewFactory (376)
[2019.10.22-02.19.28:296][502]LogModuleManager: Shutting down and abandoning module MagicLeapMediaCodecFactory (374)
[2019.10.22-02.19.28:296][502]LogModuleManager: Shutting down and abandoning module MagicLeapMediaFactory (372)
[2019.10.22-02.19.28:296][502]LogModuleManager: Shutting down and abandoning module CharacterAI (370)
[2019.10.22-02.19.28:296][502]LogModuleManager: Shutting down and abandoning module SessionServices (368)
[2019.10.22-02.19.28:296][502]LogModuleManager: Shutting down and abandoning module MovieSceneCapture (366)
[2019.10.22-02.19.28:296][502]LogModuleManager: Shutting down and abandoning module LiveCoding (364)
[2019.10.22-02.19.28:296][502]LogModuleManager: Shutting down and abandoning module LevelSequence (362)
[2019.10.22-02.19.28:296][502]LogModuleManager: Shutting down and abandoning module MovieSceneTracks (360)
[2019.10.22-02.19.28:296][502]LogModuleManager: Shutting down and abandoning module MovieScene (358)
[2019.10.22-02.19.28:296][502]LogModuleManager: Shutting down and abandoning module StreamingPauseRendering (356)
[2019.10.22-02.19.28:296][502]LogModuleManager: Shutting down and abandoning module PortalServices (354)
[2019.10.22-02.19.28:296][502]LogModuleManager: Shutting down and abandoning module PortalRpc (352)
[2019.10.22-02.19.28:296][502]LogModuleManager: Shutting down and abandoning module MessagingRpc (350)
[2019.10.22-02.19.28:296][502]LogModuleManager: Shutting down and abandoning module ImageWriteQueue (348)
[2019.10.22-02.19.28:298][502]LogModuleManager: Shutting down and abandoning module ProfilerService (346)
[2019.10.22-02.19.28:475][502]LogModuleManager: Shutting down and abandoning module TaskGraph (344)
[2019.10.22-02.19.28:476][502]LogModuleManager: Shutting down and abandoning module SIOJEditorPlugin (342)
[2019.10.22-02.19.28:476][502]LogModuleManager: Shutting down and abandoning module SocketIOClient (340)
[2019.10.22-02.19.28:476][502]LogModuleManager: Shutting down and abandoning module SteamVRController (338)
[2019.10.22-02.19.28:476][502]LogModuleManager: Shutting down and abandoning module ProceduralMeshComponent (336)
[2019.10.22-02.19.28:476][502]LogModuleManager: Shutting down and abandoning module OculusInput (334)
[2019.10.22-02.19.28:476][502]LogModuleManager: Shutting down and abandoning module MobilePatchingUtils (332)
[2019.10.22-02.19.28:476][502]LogModuleManager: Shutting down and abandoning module EditableMesh (330)
[2019.10.22-02.19.28:476][502]LogModuleManager: Shutting down and abandoning module CustomMeshComponent (328)
[2019.10.22-02.19.28:476][502]LogModuleManager: Shutting down and abandoning module CableComponent (326)
[2019.10.22-02.19.28:477][502]LogModuleManager: Shutting down and abandoning module AudioCapture (324)
[2019.10.22-02.19.28:477][502]LogModuleManager: Shutting down and abandoning module ArchVisCharacter (322)
[2019.10.22-02.19.28:477][502]LogModuleManager: Shutting down and abandoning module AndroidPermission (320)
[2019.10.22-02.19.28:477][502]LogModuleManager: Shutting down and abandoning module NUTUnrealEngine4 (318)
[2019.10.22-02.19.28:477][502]LogModuleManager: Shutting down and abandoning module NetcodeUnitTest (316)
[2019.10.22-02.19.28:477][502]LogModuleManager: Shutting down and abandoning module MediaCompositing (314)
[2019.10.22-02.19.28:477][502]LogModuleManager: Shutting down and abandoning module LinearTimecode (312)
[2019.10.22-02.19.28:477][502]LogModuleManager: Shutting down and abandoning module ImgMedia (310)
[2019.10.22-02.19.28:477][502]LogModuleManager: Shutting down and abandoning module MagicLeapHelperVulkan (308)
[2019.10.22-02.19.28:477][502]LogModuleManager: Shutting down and abandoning module MagicLeapHelperOpenGL (306)
[2019.10.22-02.19.28:477][502]LogModuleManager: Shutting down and abandoning module MagicLeapAudio (304)
[2019.10.22-02.19.28:477][502]LogModuleManager: Shutting down and abandoning module HTML5Networking (302)
[2019.10.22-02.19.28:477][502]LogModuleManager: Shutting down and abandoning module GeometryCacheTracks (300)
[2019.10.22-02.19.28:477][502]LogModuleManager: Shutting down and abandoning module GeometryCacheSequencer (299)
[2019.10.22-02.19.28:477][502]LogModuleManager: Shutting down and abandoning module GeometryCache (296)
[2019.10.22-02.19.28:477][502]LogModuleManager: Shutting down and abandoning module GeometryCacheEd (295)
[2019.10.22-02.19.28:477][502]LogModuleManager: Shutting down and abandoning module BackChannel (292)
[2019.10.22-02.19.28:477][502]LogModuleManager: Shutting down and abandoning module AppleVision (290)
[2019.10.22-02.19.28:477][502]LogModuleManager: Shutting down and abandoning module AppleImageUtilsBlueprintSupport (288)
[2019.10.22-02.19.28:477][502]LogModuleManager: Shutting down and abandoning module AppleImageUtils (286)
[2019.10.22-02.19.28:477][502]LogModuleManager: Shutting down and abandoning module VariantManagerContent (284)
[2019.10.22-02.19.28:477][502]LogModuleManager: Shutting down and abandoning module CryptoKeysOpenSSL (282)
[2019.10.22-02.19.28:477][502]LogModuleManager: Shutting down and abandoning module CryptoKeys (280)
[2019.10.22-02.19.28:477][502]LogModuleManager: Shutting down and abandoning module VisualStudioSourceCodeAccess (278)
[2019.10.22-02.19.28:477][502]LogModuleManager: Shutting down and abandoning module HotReload (277)
[2019.10.22-02.19.28:478][502]LogModuleManager: Shutting down and abandoning module DirectoryWatcher (276)
[2019.10.22-02.19.28:478][502]LogModuleManager: Shutting down and abandoning module VisualStudioCodeSourceCodeAccess (272)
[2019.10.22-02.19.28:478][502]LogModuleManager: Shutting down and abandoning module UObjectPlugin (270)
[2019.10.22-02.19.28:478][502]LogModuleManager: Shutting down and abandoning module SubversionSourceControl (268)
[2019.10.22-02.19.28:478][502]LogModuleManager: Shutting down and abandoning module PerforceSourceControl (266)
[2019.10.22-02.19.28:491][502]LogModuleManager: Shutting down and abandoning module SourceControl (265)
[2019.10.22-02.19.28:491][502]LogModuleManager: Shutting down and abandoning module CLionSourceCodeAccess (262)
[2019.10.22-02.19.28:491][502]LogModuleManager: Shutting down and abandoning module ActorLayerUtilities (260)
[2019.10.22-02.19.28:491][502]LogModuleManager: Shutting down and abandoning module CoreUtility (258)
[2019.10.22-02.19.28:491][502]LogModuleManager: Shutting down and abandoning module SocketIOLib (256)
[2019.10.22-02.19.28:491][502]LogModuleManager: Shutting down and abandoning module SIOJson (254)
[2019.10.22-02.19.28:491][502]LogModuleManager: Shutting down and abandoning module SignificanceManager (252)
[2019.10.22-02.19.28:491][502]LogModuleManager: Shutting down and abandoning module RuntimePhysXCooking (250)
[2019.10.22-02.19.28:491][502]LogModuleManager: Shutting down and abandoning module PhysXVehiclesEditor (248)
[2019.10.22-02.19.28:491][502]LogModuleManager: Shutting down and abandoning module PhysXVehicles (246)
[2019.10.22-02.19.28:491][502]LogModuleManager: Shutting down and abandoning module LocationServicesBPLibrary (244)
[2019.10.22-02.19.28:491][502]LogModuleManager: Shutting down and abandoning module ActorSequence (242)
[2019.10.22-02.19.28:491][502]LogModuleManager: Shutting down and abandoning module UdpMessaging (240)
[2019.10.22-02.19.28:592][502]LogModuleManager: Shutting down and abandoning module TcpMessaging (238)
[2019.10.22-02.19.29:072][502]LogModuleManager: Shutting down and abandoning module MagicLeapIdentity (236)
[2019.10.22-02.19.29:072][502]LogModuleManager: Shutting down and abandoning module MagicLeapSecureStorage (234)
[2019.10.22-02.19.29:072][502]LogModuleManager: Shutting down and abandoning module MagicLeapHandTracking (232)
[2019.10.22-02.19.29:072][502]LogModuleManager: Shutting down and abandoning module MagicLeapEyeTracker (230)
[2019.10.22-02.19.29:072][502]LogModuleManager: Shutting down and abandoning module MagicLeapController (228)
[2019.10.22-02.19.29:077][502]LogSlate: Slate User Destroyed.  User Index 0, Is Virtual User: 0
[2019.10.22-02.19.29:077][502]LogModuleManager: Shutting down and abandoning module MagicLeapAR (226)
[2019.10.22-02.19.29:077][502]LogModuleManager: Shutting down and abandoning module AugmentedReality (225)
[2019.10.22-02.19.29:077][502]LogModuleManager: Shutting down and abandoning module GameplayTagsEditor (222)
[2019.10.22-02.19.29:078][502]LogModuleManager: Shutting down and abandoning module FacialAnimation (220)
[2019.10.22-02.19.29:078][502]LogModuleManager: Shutting down and abandoning module DataValidation (218)
[2019.10.22-02.19.29:078][502]LogModuleManager: Shutting down and abandoning module AssetManagerEditor (216)
[2019.10.22-02.19.29:078][502]LogModuleManager: Shutting down and abandoning module TreeMap (215)
[2019.10.22-02.19.29:078][502]LogModuleManager: Shutting down and abandoning module AnimationSharing (212)
[2019.10.22-02.19.29:078][502]LogModuleManager: Shutting down and abandoning module LightPropagationVolumeRuntime (210)
[2019.10.22-02.19.29:078][502]LogModuleManager: Shutting down and abandoning module AISupportModule (208)
[2019.10.22-02.19.29:078][502]LogModuleManager: Shutting down and abandoning module Paper2D (206)
[2019.10.22-02.19.29:079][502]LogModuleManager: Shutting down and abandoning module WindowsMoviePlayer (204)
[2019.10.22-02.19.29:079][502]LogModuleManager: Shutting down and abandoning module WebMMoviePlayer (202)
[2019.10.22-02.19.29:079][502]LogModuleManager: Shutting down and abandoning module PacketHandler (200)
[2019.10.22-02.19.29:079][502]LogModuleManager: Shutting down and abandoning module ClothingSystemEditor (198)
[2019.10.22-02.19.29:079][502]LogModuleManager: Shutting down and abandoning module ClothingSystemRuntime (196)
[2019.10.22-02.19.29:079][502]LogModuleManager: Shutting down and abandoning module MediaAssets (194)
[2019.10.22-02.19.29:079][502]LogModuleManager: Shutting down and abandoning module Overlay (192)
[2019.10.22-02.19.29:079][502]LogModuleManager: Shutting down and abandoning module OverlayEditor (191)
[2019.10.22-02.19.29:079][502]LogModuleManager: Shutting down and abandoning module VREditor (188)
[2019.10.22-02.19.29:080][502]LogModuleManager: Shutting down and abandoning module StringTableEditor (186)
[2019.10.22-02.19.29:080][502]LogModuleManager: Shutting down and abandoning module GameplayTasksEditor (184)
[2019.10.22-02.19.29:080][502]LogModuleManager: Shutting down and abandoning module BehaviorTreeEditor (182)
[2019.10.22-02.19.29:081][502]LogModuleManager: Shutting down and abandoning module FunctionalTesting (180)
[2019.10.22-02.19.29:081][502]LogModuleManager: Shutting down and abandoning module CollisionAnalyzer (178)
[2019.10.22-02.19.29:081][502]LogModuleManager: Shutting down and abandoning module WorkspaceMenuStructure (177)
[2019.10.22-02.19.29:081][502]LogModuleManager: Shutting down and abandoning module UMG (174)
[2019.10.22-02.19.29:082][502]LogModuleManager: Shutting down and abandoning module UMGEditor (173)
[2019.10.22-02.19.29:082][502]LogModuleManager: Shutting down and abandoning module Sequencer (172)
[2019.10.22-02.19.29:084][502]LogModuleManager: Shutting down and abandoning module MessageLog (169)
[2019.10.22-02.19.29:085][502]LogModuleManager: Shutting down and abandoning module SlateReflector (164)
[2019.10.22-02.19.29:086][502]LogModuleManager: Shutting down and abandoning module Slate (162)
[2019.10.22-02.19.29:086][502]LogModuleManager: Shutting down and abandoning module EditorStyle (160)
[2019.10.22-02.19.29:087][502]LogModuleManager: Shutting down and abandoning module UnrealEd (158)
[2019.10.22-02.19.29:088][502]LogModuleManager: Shutting down and abandoning module MRMesh (156)
[2019.10.22-02.19.29:088][502]LogModuleManager: Shutting down and abandoning module Messaging (154)
[2019.10.22-02.19.29:088][502]LogModuleManager: Shutting down and abandoning module SourceCodeAccess (152)
[2019.10.22-02.19.29:088][502]LogModuleManager: Shutting down and abandoning module HeadMountedDisplay (150)
[2019.10.22-02.19.29:088][502]LogModuleManager: Shutting down and abandoning module XAudio2 (148)
[2019.10.22-02.19.29:088][502]LogModuleManager: Shutting down and abandoning module Networking (146)
[2019.10.22-02.19.29:088][502]LogModuleManager: Shutting down and abandoning module Core (144)
[2019.10.22-02.19.29:088][502]LogModuleManager: Shutting down and abandoning module KismetCompiler (142)
[2019.10.22-02.19.29:088][502]LogModuleManager: Shutting down and abandoning module MeshUtilities (140)
[2019.10.22-02.19.29:088][502]LogModuleManager: Shutting down and abandoning module MeshMergeUtilities (139)
[2019.10.22-02.19.29:088][502]LogModuleManager: Shutting down and abandoning module MeshReductionInterface (138)
[2019.10.22-02.19.29:088][502]LogModuleManager: Shutting down and abandoning module SkeletalMeshReduction (137)
[2019.10.22-02.19.29:089][502]LogModuleManager: Shutting down and abandoning module ProxyLODMeshReduction (135)
[2019.10.22-02.19.29:090][502]LogModuleManager: Shutting down and abandoning module QuadricMeshReduction (133)
[2019.10.22-02.19.29:090][502]LogModuleManager: Shutting down and abandoning module MaterialBaking (129)
[2019.10.22-02.19.29:090][502]LogModuleManager: Shutting down and abandoning module PIEPreviewDeviceProfileSelector (124)
[2019.10.22-02.19.29:090][502]LogModuleManager: Shutting down and abandoning module DerivedDataCache (122)
[2019.10.22-02.19.29:307][502]LogDerivedDataCache: Shutdown
[2019.10.22-02.19.29:307][502]LogModuleManager: Shutting down and abandoning module XGEController (120)
[2019.10.22-02.19.29:307][502]LogModuleManager: Shutting down and abandoning module TargetPlatform (118)
[2019.10.22-02.19.29:307][502]LogModuleManager: Shutting down and abandoning module VulkanShaderFormat (117)
[2019.10.22-02.19.29:307][502]LogModuleManager: Shutting down and abandoning module ShaderFormatVectorVM (115)
[2019.10.22-02.19.29:307][502]LogModuleManager: Shutting down and abandoning module ShaderFormatOpenGL (113)
[2019.10.22-02.19.29:312][502]LogModuleManager: Shutting down and abandoning module ShaderFormatD3D (111)
[2019.10.22-02.19.29:312][502]LogModuleManager: Shutting down and abandoning module MetalShaderFormat (109)
[2019.10.22-02.19.29:312][502]LogModuleManager: Shutting down and abandoning module TextureFormatUncompressed (107)
[2019.10.22-02.19.29:312][502]LogModuleManager: Shutting down and abandoning module TextureFormatPVR (105)
[2019.10.22-02.19.29:312][502]LogModuleManager: Shutting down and abandoning module TextureFormatDXT (103)
[2019.10.22-02.19.29:312][502]LogModuleManager: Shutting down and abandoning module TextureFormatIntelISPCTexComp (101)
[2019.10.22-02.19.29:312][502]LogModuleManager: Shutting down and abandoning module TextureFormatASTC (99)
[2019.10.22-02.19.29:312][502]LogModuleManager: Shutting down and abandoning module ImageWrapper (98)
[2019.10.22-02.19.29:312][502]LogModuleManager: Shutting down and abandoning module TextureFormatAndroid (95)
[2019.10.22-02.19.29:312][502]LogModuleManager: Shutting down and abandoning module AudioFormatOpus (93)
[2019.10.22-02.19.29:312][502]LogModuleManager: Shutting down and abandoning module AudioFormatOgg (91)
[2019.10.22-02.19.29:312][502]LogModuleManager: Shutting down and abandoning module AudioFormatADPCM (89)
[2019.10.22-02.19.29:312][502]LogModuleManager: Shutting down and abandoning module WindowsTargetPlatform (87)
[2019.10.22-02.19.29:312][502]LogModuleManager: Shutting down and abandoning module WindowsServerTargetPlatform (85)
[2019.10.22-02.19.29:312][502]LogModuleManager: Shutting down and abandoning module WindowsNoEditorTargetPlatform (83)
[2019.10.22-02.19.29:313][502]LogModuleManager: Shutting down and abandoning module WindowsClientTargetPlatform (81)
[2019.10.22-02.19.29:313][502]LogModuleManager: Shutting down and abandoning module InputCore (78)
[2019.10.22-02.19.29:313][502]LogModuleManager: Shutting down and abandoning module Settings (76)
[2019.10.22-02.19.29:313][502]LogModuleManager: Shutting down and abandoning module PhysXCooking (74)
[2019.10.22-02.19.29:313][502]LogModuleManager: Shutting down and abandoning module SteamVR (72)
[2019.10.22-02.19.29:313][502]LogHMD: Freeing OpenVRDLLHandle.
[2019.10.22-02.19.29:313][502]LogModuleManager: Shutting down and abandoning module OculusHMD (70)
[2019.10.22-02.19.29:313][502]LogModuleManager: Shutting down and abandoning module ExampleDeviceProfileSelector (68)
[2019.10.22-02.19.29:313][502]LogModuleManager: Shutting down and abandoning module LauncherChunkInstaller (66)
[2019.10.22-02.19.29:313][502]LogModuleManager: Shutting down and abandoning module OnlineBlueprintSupport (64)
[2019.10.22-02.19.29:313][502]LogModuleManager: Shutting down and abandoning module OnlineSubsystem (60)
[2019.10.22-02.19.29:313][502]LogModuleManager: Shutting down and abandoning module XMPP (55)
[2019.10.22-02.19.29:314][502]LogModuleManager: Shutting down and abandoning module WebSockets (54)
[2019.10.22-02.19.29:327][502]LogModuleManager: Shutting down and abandoning module HTTP (51)
[2019.10.22-02.19.29:331][502]LogModuleManager: Shutting down and abandoning module SSL (50)
[2019.10.22-02.19.29:332][502]LogModuleManager: Shutting down and abandoning module WmfMedia (46)
[2019.10.22-02.19.29:334][502]LogModuleManager: Shutting down and abandoning module Media (45)
[2019.10.22-02.19.29:340][502]LogModuleManager: Shutting down and abandoning module MagicLeap (42)
[2019.10.22-02.19.29:340][502]LogModuleManager: Shutting down and abandoning module DatasmithContent (40)
[2019.10.22-02.19.29:341][502]LogModuleManager: Shutting down and abandoning module AnimationModifiers (38)
[2019.10.22-02.19.29:342][502]LogModuleManager: Shutting down and abandoning module PropertyEditor (37)
[2019.10.22-02.19.29:342][502]LogModuleManager: Shutting down and abandoning module AudioEditor (34)
[2019.10.22-02.19.29:343][502]LogModuleManager: Shutting down and abandoning module TextureCompressor (32)
[2019.10.22-02.19.29:344][502]LogModuleManager: Shutting down and abandoning module RenderCore (30)
[2019.10.22-02.19.29:344][502]LogModuleManager: Shutting down and abandoning module Landscape (28)
[2019.10.22-02.19.29:344][502]LogModuleManager: Shutting down and abandoning module SlateRHIRenderer (26)
[2019.10.22-02.19.29:344][502]LogModuleManager: Shutting down and abandoning module OpenGLDrv (24)
[2019.10.22-02.19.29:345][502]LogModuleManager: Shutting down and abandoning module D3D11RHI (22)
[2019.10.22-02.19.29:345][502]LogModuleManager: Shutting down and abandoning module AnimGraphRuntime (20)
[2019.10.22-02.19.29:345][502]LogModuleManager: Shutting down and abandoning module Renderer (18)
[2019.10.22-02.19.29:345][502]LogModuleManager: Shutting down and abandoning module Engine (16)
[2019.10.22-02.19.29:345][502]LogModuleManager: Shutting down and abandoning module CoreUObject (14)
[2019.10.22-02.19.29:345][502]LogModuleManager: Shutting down and abandoning module NetworkFile (12)
[2019.10.22-02.19.29:345][502]LogModuleManager: Shutting down and abandoning module CookedIterativeFile (10)
[2019.10.22-02.19.29:345][502]LogModuleManager: Shutting down and abandoning module StreamingFile (8)
[2019.10.22-02.19.29:345][502]LogModuleManager: Shutting down and abandoning module SandboxFile (6)
[2019.10.22-02.19.29:345][502]LogModuleManager: Shutting down and abandoning module PakFile (4)
[2019.10.22-02.19.29:345][502]LogModuleManager: Shutting down and abandoning module RSA (3)
[2019.10.22-02.19.29:351][502]LogExit: Exiting.
[2019.10.22-02.19.29:359][502]Log file closed, 10/22/19 03:19:29
