Log file open, 10/21/19 20:31:14
LogWindows: Failed to load 'aqProf.dll' (GetLastError=126)
LogWindows: File 'aqProf.dll' does not exist
LogWindows: Failed to load 'VtuneApi.dll' (GetLastError=126)
LogWindows: File 'VtuneApi.dll' does not exist
LogWindows: Failed to load 'VtuneApi32e.dll' (GetLastError=126)
LogWindows: File 'VtuneApi32e.dll' does not exist
LogConsoleResponse: Display: Failed to find resolution value strings in scalability ini. Falling back to default.
LogInit: Display: Running engine for game: ProjectCritality
LogPakFile: Registered encryption key '00000000000000000000000000000000': 0 pak files mounted, 0 remain pending
LogPlatformFile: Not using cached read wrapper
LogTaskGraph: Started task graph with 5 named threads and 20 total threads with 3 sets of task threads.
LogStats: Stats thread started at 0.248549
LogD3D11RHI: Loaded GFSDK_Aftermath_Lib.x64.dll
LogICUInternationalization: ICU TimeZone Detection - Raw Offset: +0:00, Platform Override: ''
LogPluginManager: Mounting plugin Paper2D
LogPluginManager: Mounting plugin AISupport
LogPluginManager: Mounting plugin LightPropagationVolume
LogPluginManager: Mounting plugin ActorLayerUtilities
LogPluginManager: Mounting plugin AnimationSharing
LogPluginManager: Mounting plugin CLionSourceCodeAccess
LogPluginManager: Mounting plugin CodeLiteSourceCodeAccess
LogPluginManager: Mounting plugin GitSourceControl
LogPluginManager: Mounting plugin KDevelopSourceCodeAccess
LogPluginManager: Mounting plugin NullSourceCodeAccess
LogPluginManager: Mounting plugin PerforceSourceControl
LogPluginManager: Mounting plugin SubversionSourceControl
LogPluginManager: Mounting plugin UObjectPlugin
LogPluginManager: Mounting plugin VisualStudioCodeSourceCodeAccess
LogPluginManager: Mounting plugin VisualStudioSourceCodeAccess
LogPluginManager: Mounting plugin XCodeSourceCodeAccess
LogPluginManager: Mounting plugin AssetManagerEditor
LogPluginManager: Mounting plugin CryptoKeys
LogPluginManager: Mounting plugin DataValidation
LogPluginManager: Mounting plugin FacialAnimation
LogPluginManager: Mounting plugin GameplayTagsEditor
LogPluginManager: Mounting plugin MacGraphicsSwitching
LogPluginManager: Mounting plugin MaterialAnalyzer
LogPluginManager: Mounting plugin MobileLauncherProfileWizard
LogPluginManager: Mounting plugin PluginBrowser
LogPluginManager: Mounting plugin SpeedTreeImporter
LogPluginManager: Mounting plugin DatasmithContent
LogPluginManager: Mounting plugin VariantManagerContent
LogPluginManager: Mounting plugin AlembicImporter
LogPluginManager: Mounting plugin AppleImageUtils
LogPluginManager: Mounting plugin AppleVision
LogPluginManager: Mounting plugin BackChannel
LogPluginManager: Mounting plugin CharacterAI
LogPluginManager: Mounting plugin GeometryCache
LogPluginManager: Mounting plugin HTML5Networking
LogPluginManager: Mounting plugin ProxyLODPlugin
LogPluginManager: Mounting plugin SkeletalReduction
LogPluginManager: Mounting plugin MagicLeap
LogPluginManager: Mounting plugin MagicLeapMedia
LogPluginManager: Mounting plugin AndroidMedia
LogPluginManager: Mounting plugin AvfMedia
LogPluginManager: Mounting plugin ImgMedia
LogPluginManager: Mounting plugin LinearTimecode
LogPluginManager: Mounting plugin MediaCompositing
LogPluginManager: Mounting plugin MediaPlayerEditor
LogPluginManager: Mounting plugin WebMMedia
LogPluginManager: Mounting plugin WmfMedia
LogPluginManager: Mounting plugin TcpMessaging
LogPluginManager: Mounting plugin UdpMessaging
LogPluginManager: Mounting plugin ActorSequence
LogPluginManager: Mounting plugin LevelSequenceEditor
LogPluginManager: Mounting plugin MatineeToLevelSequence
LogPluginManager: Mounting plugin NetcodeUnitTest
LogPluginManager: Mounting plugin NUTUnrealEngine4
LogPluginManager: Mounting plugin OnlineSubsystemGooglePlay
LogPluginManager: Mounting plugin OnlineSubsystemIOS
LogPluginManager: Mounting plugin OnlineSubsystem
LogPluginManager: Mounting plugin OnlineSubsystemNull
LogPluginManager: Mounting plugin OnlineSubsystemUtils
LogPluginManager: Mounting plugin LauncherChunkInstaller
LogPluginManager: Mounting plugin AndroidDeviceProfileSelector
LogPluginManager: Mounting plugin AndroidMoviePlayer
LogPluginManager: Mounting plugin AndroidPermission
LogPluginManager: Mounting plugin AppleMoviePlayer
LogPluginManager: Mounting plugin ArchVisCharacter
LogPluginManager: Mounting plugin AudioCapture
LogPluginManager: Mounting plugin CableComponent
LogPluginManager: Mounting plugin CustomMeshComponent
LogPluginManager: Mounting plugin EditableMesh
LogPluginManager: Mounting plugin ExampleDeviceProfileSelector
LogPluginManager: Mounting plugin Firebase
LogPluginManager: Mounting plugin GoogleCloudMessaging
LogPluginManager: Mounting plugin IOSDeviceProfileSelector
LogPluginManager: Mounting plugin LinuxDeviceProfileSelector
LogPluginManager: Mounting plugin LocationServicesBPLibrary
LogPluginManager: Mounting plugin MobilePatchingUtils
LogPluginManager: Mounting plugin OculusVR
LogPluginManager: Mounting plugin PhysXVehicles
LogPluginManager: Mounting plugin ProceduralMeshComponent
LogPluginManager: Mounting plugin RuntimePhysXCooking
LogPluginManager: Mounting plugin SignificanceManager
LogPluginManager: Mounting plugin SteamVR
LogPluginManager: Mounting plugin WebMMoviePlayer
LogPluginManager: Mounting plugin WindowsMoviePlayer
LogPluginManager: Mounting plugin SocketIOClient
LogInit: Using libcurl 7.55.1-DEV
LogInit:  - built for x86_64-pc-win32
LogInit:  - supports SSL with OpenSSL/1.1.1
LogInit:  - supports HTTP deflate (compression) using libz 1.2.8
LogInit:  - other features:
LogInit:      CURL_VERSION_SSL
LogInit:      CURL_VERSION_LIBZ
LogInit:      CURL_VERSION_IPV6
LogInit:      CURL_VERSION_ASYNCHDNS
LogInit:      CURL_VERSION_LARGEFILE
LogInit:      CURL_VERSION_IDN
LogInit:  CurlRequestOptions (configurable via config and command line):
LogInit:  - bVerifyPeer = true  - Libcurl will verify peer certificate
LogInit:  - bUseHttpProxy = false  - Libcurl will NOT use HTTP proxy
LogInit:  - bDontReuseConnections = false  - Libcurl will reuse connections
LogInit:  - MaxHostConnections = 16  - Libcurl will limit the number of connections to a host
LogInit:  - LocalHostAddr = Default
LogInit:  - BufferSize = 65536
LogInit: WinSock: version 1.1 (2.2), MaxSocks=32767, MaxUdp=65467
LogInit: Build: ++UE4+Release-4.22-CL-7053642
LogInit: Engine Version: 4.22.3-7053642+++UE4+Release-4.22
LogInit: Compatible Engine Version: 4.22.0-5660361+++UE4+Release-4.22
LogInit: Net CL: 5660361
LogInit: OS: Windows 10 (Release 1903) (), CPU: Intel(R) Core(TM) i5-8400 CPU @ 2.80GHz, GPU: NVIDIA GeForce GTX 1060 6GB
LogInit: Compiled (64-bit): Jun 18 2019 03:09:11
LogInit: Compiled with Visual C++: 19.16.27025.01
LogInit: Build Configuration: Development
LogInit: Branch Name: ++UE4+Release-4.22
LogInit: Command Line:  /Game/CritalityLevel -game -PIEVIACONSOLE -ResX=1280 -ResY=720 -Multiprocess -messaging -SessionName="Play in Standalone Game" -windowed
LogInit: Base Directory: C:/Program Files/Epic Games/UE_4.22/Engine/Binaries/Win64/
LogInit: Installed Engine Build: 1
LogDevObjectVersion: Number of dev versions registered: 23
LogDevObjectVersion:   Dev-Blueprints (B0D832E4-1F89-4F0D-ACCF-7EB736FD4AA2): 10
LogDevObjectVersion:   Dev-Build (E1C64328-A22C-4D53-A36C-8E866417BD8C): 0
LogDevObjectVersion:   Dev-Core (375EC13C-06E4-48FB-B500-84F0262A717E): 3
LogDevObjectVersion:   Dev-Editor (E4B068ED-F494-42E9-A231-DA0B2E46BB41): 30
LogDevObjectVersion:   Dev-Framework (CFFC743F-43B0-4480-9391-14DF171D2073): 35
LogDevObjectVersion:   Dev-Mobile (B02B49B5-BB20-44E9-A304-32B752E40360): 2
LogDevObjectVersion:   Dev-Networking (A4E4105C-59A1-49B5-A7C5-40C4547EDFEE): 0
LogDevObjectVersion:   Dev-Online (39C831C9-5AE6-47DC-9A44-9C173E1C8E7C): 0
LogDevObjectVersion:   Dev-Physics (78F01B33-EBEA-4F98-B9B4-84EACCB95AA2): 0
LogDevObjectVersion:   Dev-Platform (6631380F-2D4D-43E0-8009-CF276956A95A): 0
LogDevObjectVersion:   Dev-Rendering (12F88B9F-8875-4AFC-A67C-D90C383ABD29): 28
LogDevObjectVersion:   Dev-Sequencer (7B5AE74C-D270-4C10-A958-57980B212A5A): 11
LogDevObjectVersion:   Dev-VR (D7296918-1DD6-4BDD-9DE2-64A83CC13884): 2
LogDevObjectVersion:   Dev-LoadTimes (C2A15278-BFE7-4AFE-6C17-90FF531DF755): 1
LogDevObjectVersion:   Private-Geometry (6EACA3D4-40EC-4CC1-B786-8BED09428FC5): 3
LogDevObjectVersion:   Dev-AnimPhys (29E575DD-E0A3-4627-9D10-D276232CDCEA): 17
LogDevObjectVersion:   Dev-Anim (AF43A65D-7FD3-4947-9873-3E8ED9C1BB05): 2
LogDevObjectVersion:   Dev-ReflectionCapture (6B266CEC-1EC7-4B8F-A30B-E4D90942FC07): 1
LogDevObjectVersion:   Dev-Automation (0DF73D61-A23F-47EA-B727-89E90C41499A): 1
LogDevObjectVersion:   FortniteMain (601D1886-AC64-4F84-AA16-D3DE0DEAC7D6): 25
LogDevObjectVersion:   Dev-Enterprise (9DFFBCD6-494F-0158-E221-12823C92A888): 6
LogDevObjectVersion:   Dev-Niagara (F2AED0AC-9AFE-416F-8664-AA7FFA26D6FC): 1
LogDevObjectVersion:   Dev-Destruction (174F1F0B-B4C6-45A5-B13F-2EE8D0FB917D): 2
LogInit: Presizing for max 16777216 objects, including 0 objects not considered by GC, pre-allocating 0 bytes for permanent pool.
LogInit: Object subsystem initialized
LogConfig: Setting CVar [[con.DebugEarlyDefault:1]]
LogConfig: Setting CVar [[r.setres:1280x720]]
[2019.10.21-19.31.14:998][  0]LogConfig: Setting CVar [[con.DebugEarlyDefault:1]]
[2019.10.21-19.31.14:998][  0]LogConfig: Setting CVar [[r.setres:1280x720]]
[2019.10.21-19.31.14:998][  0]LogConfig: Applying CVar settings from Section [/Script/Engine.RendererSettings] File [E:/Users/Tumble/Documents/GitHub/Project-Critality/ProjectCritality/Saved/Config/Windows/Engine.ini]
[2019.10.21-19.31.14:998][  0]LogConfig: Setting CVar [[r.GPUCrashDebugging:0]]
[2019.10.21-19.31.14:998][  0]LogConfig: Setting CVar [[r.MobileHDR:1]]
[2019.10.21-19.31.14:998][  0]LogConfig: Setting CVar [[r.Mobile.DisableVertexFog:1]]
[2019.10.21-19.31.14:998][  0]LogConfig: Setting CVar [[r.Shadow.CSM.MaxMobileCascades:2]]
[2019.10.21-19.31.14:998][  0]LogConfig: Setting CVar [[r.MobileMSAA:1]]
[2019.10.21-19.31.14:998][  0]LogConfig: Setting CVar [[r.Mobile.UseLegacyShadingModel:0]]
[2019.10.21-19.31.14:998][  0]LogConfig: Setting CVar [[r.Mobile.UseHWsRGBEncoding:0]]
[2019.10.21-19.31.14:998][  0]LogConfig: Setting CVar [[r.Mobile.AllowDitheredLODTransition:0]]
[2019.10.21-19.31.14:999][  0]LogConfig: Setting CVar [[r.Mobile.AllowSoftwareOcclusion:0]]
[2019.10.21-19.31.14:999][  0]LogConfig: Setting CVar [[r.DiscardUnusedQuality:0]]
[2019.10.21-19.31.14:999][  0]LogConfig: Setting CVar [[r.AllowOcclusionQueries:1]]
[2019.10.21-19.31.14:999][  0]LogConfig: Setting CVar [[r.MinScreenRadiusForLights:0.030000]]
[2019.10.21-19.31.14:999][  0]LogConfig: Setting CVar [[r.MinScreenRadiusForDepthPrepass:0.030000]]
[2019.10.21-19.31.14:999][  0]LogConfig: Setting CVar [[r.MinScreenRadiusForCSMDepth:0.010000]]
[2019.10.21-19.31.14:999][  0]LogConfig: Setting CVar [[r.PrecomputedVisibilityWarning:0]]
[2019.10.21-19.31.14:999][  0]LogConfig: Setting CVar [[r.TextureStreaming:1]]
[2019.10.21-19.31.14:999][  0]LogConfig: Setting CVar [[Compat.UseDXT5NormalMaps:0]]
[2019.10.21-19.31.14:999][  0]LogConfig: Setting CVar [[r.ClearCoatNormal:0]]
[2019.10.21-19.31.14:999][  0]LogConfig: Setting CVar [[r.ReflectionCaptureResolution:128]]
[2019.10.21-19.31.14:999][  0]LogConfig: Setting CVar [[r.ReflectionEnvironmentLightmapMixBasedOnRoughness:1]]
[2019.10.21-19.31.14:999][  0]LogConfig: Setting CVar [[r.ForwardShading:0]]
[2019.10.21-19.31.14:999][  0]LogConfig: Setting CVar [[r.VertexFoggingForOpaque:1]]
[2019.10.21-19.31.14:999][  0]LogConfig: Setting CVar [[r.AllowStaticLighting:1]]
[2019.10.21-19.31.14:999][  0]LogConfig: Setting CVar [[r.NormalMapsForStaticLighting:0]]
[2019.10.21-19.31.14:999][  0]LogConfig: Setting CVar [[r.GenerateMeshDistanceFields:0]]
[2019.10.21-19.31.14:999][  0]LogConfig: Setting CVar [[r.DistanceFieldBuild.EightBit:0]]
[2019.10.21-19.31.14:999][  0]LogConfig: Setting CVar [[r.GenerateLandscapeGIData:0]]
[2019.10.21-19.31.14:999][  0]LogConfig: Setting CVar [[r.DistanceFieldBuild.Compress:0]]
[2019.10.21-19.31.14:999][  0]LogConfig: Setting CVar [[r.TessellationAdaptivePixelsPerTriangle:48.000000]]
[2019.10.21-19.31.14:999][  0]LogConfig: Setting CVar [[r.SeparateTranslucency:1]]
[2019.10.21-19.31.14:999][  0]LogConfig: Setting CVar [[r.TranslucentSortPolicy:0]]
[2019.10.21-19.31.14:999][  0]LogConfig: Setting CVar [[r.CustomDepth:1]]
[2019.10.21-19.31.14:999][  0]LogConfig: Setting CVar [[r.CustomDepthTemporalAAJitter:1]]
[2019.10.21-19.31.14:999][  0]LogConfig: Setting CVar [[r.PostProcessing.PropagateAlpha:0]]
[2019.10.21-19.31.14:999][  0]LogConfig: Setting CVar [[r.DOF.Algorithm:1]]
[2019.10.21-19.31.14:999][  0]LogConfig: Setting CVar [[r.DefaultFeature.Bloom:1]]
[2019.10.21-19.31.14:999][  0]LogConfig: Setting CVar [[r.DefaultFeature.AmbientOcclusion:1]]
[2019.10.21-19.31.14:999][  0]LogConfig: Setting CVar [[r.DefaultFeature.AmbientOcclusionStaticFraction:1]]
[2019.10.21-19.31.14:999][  0]LogConfig: Setting CVar [[r.DefaultFeature.AutoExposure:0]]
[2019.10.21-19.31.14:999][  0]LogConfig: Setting CVar [[r.DefaultFeature.AutoExposure.Method:0]]
[2019.10.21-19.31.14:999][  0]LogConfig: Setting CVar [[r.DefaultFeature.AutoExposure.ExtendDefaultLuminanceRange:1]]
[2019.10.21-19.31.14:999][  0]LogConfig: Setting CVar [[r.UsePreExposure:0]]
[2019.10.21-19.31.14:999][  0]LogConfig: Setting CVar [[r.DefaultFeature.MotionBlur:0]]
[2019.10.21-19.31.14:999][  0]LogConfig: Setting CVar [[r.DefaultFeature.LensFlare:0]]
[2019.10.21-19.31.14:999][  0]LogConfig: Setting CVar [[r.TemporalAA.Upsampling:0]]
[2019.10.21-19.31.14:999][  0]LogConfig: Setting CVar [[r.DefaultFeature.AntiAliasing:0]]
[2019.10.21-19.31.14:999][  0]LogConfig: Setting CVar [[r.DefaultFeature.LightUnits:1]]
[2019.10.21-19.31.14:999][  0]LogConfig: Setting CVar [[r.DefaultBackBufferPixelFormat:4]]
[2019.10.21-19.31.14:999][  0]LogConfig: Setting CVar [[r.Shadow.UnbuiltPreviewInGame:1]]
[2019.10.21-19.31.14:999][  0]LogConfig: Setting CVar [[r.StencilForLODDither:0]]
[2019.10.21-19.31.14:999][  0]LogConfig: Setting CVar [[r.EarlyZPass:3]]
[2019.10.21-19.31.14:999][  0]LogConfig: Setting CVar [[r.EarlyZPassOnlyMaterialMasking:0]]
[2019.10.21-19.31.14:999][  0]LogConfig: Setting CVar [[r.DBuffer:1]]
[2019.10.21-19.31.14:999][  0]LogConfig: Setting CVar [[r.ClearSceneMethod:1]]
[2019.10.21-19.31.14:999][  0]LogConfig: Setting CVar [[r.BasePassOutputsVelocity:0]]
[2019.10.21-19.31.14:999][  0]LogConfig: Setting CVar [[r.SelectiveBasePassOutputs:0]]
[2019.10.21-19.31.14:999][  0]LogConfig: Setting CVar [[fx.GPUSimulationTextureSizeX:1024]]
[2019.10.21-19.31.14:999][  0]LogConfig: Setting CVar [[fx.GPUSimulationTextureSizeY:1024]]
[2019.10.21-19.31.14:999][  0]LogConfig: Setting CVar [[r.AllowGlobalClipPlane:0]]
[2019.10.21-19.31.14:999][  0]LogConfig: Setting CVar [[r.GBufferFormat:1]]
[2019.10.21-19.31.14:999][  0]LogConfig: Setting CVar [[r.MorphTarget.Mode:1]]
[2019.10.21-19.31.14:999][  0]LogConfig: Setting CVar [[vr.InstancedStereo:0]]
[2019.10.21-19.31.14:999][  0]LogConfig: Setting CVar [[vr.MultiView:0]]
[2019.10.21-19.31.14:999][  0]LogConfig: Setting CVar [[vr.MobileMultiView:0]]
[2019.10.21-19.31.14:999][  0]LogConfig: Setting CVar [[vr.MobileMultiView.Direct:0]]
[2019.10.21-19.31.14:999][  0]LogConfig: Setting CVar [[vr.RoundRobinOcclusion:0]]
[2019.10.21-19.31.14:999][  0]LogConfig: Setting CVar [[vr.ODSCapture:0]]
[2019.10.21-19.31.14:999][  0]LogConfig: Setting CVar [[r.WireframeCullThreshold:5.000000]]
[2019.10.21-19.31.14:999][  0]LogConfig: Setting CVar [[r.RayTracing:0]]
[2019.10.21-19.31.14:999][  0]LogConfig: Setting CVar [[r.SupportStationarySkylight:1]]
[2019.10.21-19.31.14:999][  0]LogConfig: Setting CVar [[r.SupportLowQualityLightmaps:1]]
[2019.10.21-19.31.14:999][  0]LogConfig: Setting CVar [[r.SupportPointLightWholeSceneShadows:1]]
[2019.10.21-19.31.14:999][  0]LogConfig: Setting CVar [[r.SupportAtmosphericFog:1]]
[2019.10.21-19.31.14:999][  0]LogConfig: Setting CVar [[r.SkinCache.CompileShaders:0]]
[2019.10.21-19.31.14:999][  0]LogConfig: Setting CVar [[r.Mobile.EnableStaticAndCSMShadowReceivers:1]]
[2019.10.21-19.31.14:999][  0]LogConfig: Setting CVar [[r.Mobile.EnableMovableLightCSMShaderCulling:1]]
[2019.10.21-19.31.14:999][  0]LogConfig: Setting CVar [[r.Mobile.AllowDistanceFieldShadows:1]]
[2019.10.21-19.31.15:000][  0]LogConfig: Setting CVar [[r.Mobile.AllowMovableDirectionalLights:1]]
[2019.10.21-19.31.15:000][  0]LogConfig: Setting CVar [[r.MobileNumDynamicPointLights:4]]
[2019.10.21-19.31.15:000][  0]LogConfig: Setting CVar [[r.MobileDynamicPointLightsUseStaticBranch:1]]
[2019.10.21-19.31.15:000][  0]LogConfig: Setting CVar [[r.Mobile.EnableMovableSpotlights:0]]
[2019.10.21-19.31.15:000][  0]LogConfig: Setting CVar [[r.SkinCache.SceneMemoryLimitInMB:128.000000]]
[2019.10.21-19.31.15:000][  0]LogConfig: Setting CVar [[r.GPUSkin.Limit2BoneInfluences:0]]
[2019.10.21-19.31.15:000][  0]LogConfig: Setting CVar [[r.SupportDepthOnlyIndexBuffers:1]]
[2019.10.21-19.31.15:000][  0]LogConfig: Setting CVar [[r.SupportReversedIndexBuffers:1]]
[2019.10.21-19.31.15:000][  0]LogConfig: Setting CVar [[r.SupportMaterialLayers:0]]
[2019.10.21-19.31.15:000][  0]LogConfig: Applying CVar settings from Section [/Script/Engine.RendererOverrideSettings] File [E:/Users/Tumble/Documents/GitHub/Project-Critality/ProjectCritality/Saved/Config/Windows/Engine.ini]
[2019.10.21-19.31.15:000][  0]LogConfig: Applying CVar settings from Section [/Script/Engine.StreamingSettings] File [E:/Users/Tumble/Documents/GitHub/Project-Critality/ProjectCritality/Saved/Config/Windows/Engine.ini]
[2019.10.21-19.31.15:000][  0]LogConfig: Setting CVar [[s.MinBulkDataSizeForAsyncLoading:131072]]
[2019.10.21-19.31.15:000][  0]LogConfig: Setting CVar [[s.AsyncLoadingThreadEnabled:0]]
[2019.10.21-19.31.15:000][  0]LogConfig: Setting CVar [[s.EventDrivenLoaderEnabled:1]]
[2019.10.21-19.31.15:000][  0]LogConfig: Setting CVar [[s.WarnIfTimeLimitExceeded:0]]
[2019.10.21-19.31.15:000][  0]LogConfig: Setting CVar [[s.TimeLimitExceededMultiplier:1.5]]
[2019.10.21-19.31.15:000][  0]LogConfig: Setting CVar [[s.TimeLimitExceededMinTime:0.005]]
[2019.10.21-19.31.15:000][  0]LogConfig: Setting CVar [[s.UseBackgroundLevelStreaming:1]]
[2019.10.21-19.31.15:000][  0]LogConfig: Setting CVar [[s.PriorityAsyncLoadingExtraTime:15.0]]
[2019.10.21-19.31.15:000][  0]LogConfig: Setting CVar [[s.LevelStreamingActorsUpdateTimeLimit:5.0]]
[2019.10.21-19.31.15:000][  0]LogConfig: Setting CVar [[s.PriorityLevelStreamingActorsUpdateExtraTime:5.0]]
[2019.10.21-19.31.15:000][  0]LogConfig: Setting CVar [[s.LevelStreamingComponentsRegistrationGranularity:10]]
[2019.10.21-19.31.15:000][  0]LogConfig: Setting CVar [[s.UnregisterComponentsTimeLimit:1.0]]
[2019.10.21-19.31.15:000][  0]LogConfig: Setting CVar [[s.LevelStreamingComponentsUnregistrationGranularity:5]]
[2019.10.21-19.31.15:000][  0]LogConfig: Applying CVar settings from Section [/Script/Engine.GarbageCollectionSettings] File [E:/Users/Tumble/Documents/GitHub/Project-Critality/ProjectCritality/Saved/Config/Windows/Engine.ini]
[2019.10.21-19.31.15:000][  0]LogConfig: Setting CVar [[gc.MaxObjectsNotConsideredByGC:1]]
[2019.10.21-19.31.15:000][  0]LogConfig: Setting CVar [[gc.SizeOfPermanentObjectPool:0]]
[2019.10.21-19.31.15:000][  0]LogConfig: Setting CVar [[gc.FlushStreamingOnGC:0]]
[2019.10.21-19.31.15:000][  0]LogConfig: Setting CVar [[gc.NumRetriesBeforeForcingGC:10]]
[2019.10.21-19.31.15:000][  0]LogConfig: Setting CVar [[gc.AllowParallelGC:1]]
[2019.10.21-19.31.15:000][  0]LogConfig: Setting CVar [[gc.TimeBetweenPurgingPendingKillObjects:61.1]]
[2019.10.21-19.31.15:000][  0]LogConfig: Setting CVar [[gc.MaxObjectsInEditor:16777216]]
[2019.10.21-19.31.15:000][  0]LogConfig: Setting CVar [[gc.IncrementalBeginDestroyEnabled:1]]
[2019.10.21-19.31.15:000][  0]LogConfig: Setting CVar [[gc.CreateGCClusters:1]]
[2019.10.21-19.31.15:000][  0]LogConfig: Setting CVar [[gc.MinGCClusterSize:5]]
[2019.10.21-19.31.15:000][  0]LogConfig: Setting CVar [[gc.ActorClusteringEnabled:0]]
[2019.10.21-19.31.15:000][  0]LogConfig: Setting CVar [[gc.BlueprintClusteringEnabled:0]]
[2019.10.21-19.31.15:000][  0]LogConfig: Setting CVar [[gc.UseDisregardForGCOnDedicatedServers:0]]
[2019.10.21-19.31.15:000][  0]LogConfig: Applying CVar settings from Section [/Script/Engine.NetworkSettings] File [E:/Users/Tumble/Documents/GitHub/Project-Critality/ProjectCritality/Saved/Config/Windows/Engine.ini]
[2019.10.21-19.31.15:000][  0]LogConfig: Applying CVar settings from Section [/Script/UnrealEd.CookerSettings] File [E:/Users/Tumble/Documents/GitHub/Project-Critality/ProjectCritality/Saved/Config/Windows/Engine.ini]
[2019.10.21-19.31.15:007][  0]LogConfig: Applying CVar settings from Section [ViewDistanceQuality@3] File [E:/Users/Tumble/Documents/GitHub/Project-Critality/ProjectCritality/Saved/Config/Windows/Scalability.ini]
[2019.10.21-19.31.15:007][  0]LogConfig: Setting CVar [[r.SkeletalMeshLODBias:0]]
[2019.10.21-19.31.15:007][  0]LogConfig: Setting CVar [[r.ViewDistanceScale:1.0]]
[2019.10.21-19.31.15:007][  0]LogConfig: Applying CVar settings from Section [AntiAliasingQuality@3] File [E:/Users/Tumble/Documents/GitHub/Project-Critality/ProjectCritality/Saved/Config/Windows/Scalability.ini]
[2019.10.21-19.31.15:007][  0]LogConfig: Setting CVar [[r.PostProcessAAQuality:4]]
[2019.10.21-19.31.15:007][  0]LogConfig: Applying CVar settings from Section [ShadowQuality@3] File [E:/Users/Tumble/Documents/GitHub/Project-Critality/ProjectCritality/Saved/Config/Windows/Scalability.ini]
[2019.10.21-19.31.15:007][  0]LogConfig: Setting CVar [[r.LightFunctionQuality:1]]
[2019.10.21-19.31.15:007][  0]LogConfig: Setting CVar [[r.ShadowQuality:5]]
[2019.10.21-19.31.15:007][  0]LogConfig: Setting CVar [[r.Shadow.CSM.MaxCascades:10]]
[2019.10.21-19.31.15:007][  0]LogConfig: Setting CVar [[r.Shadow.MaxResolution:2048]]
[2019.10.21-19.31.15:007][  0]LogConfig: Setting CVar [[r.Shadow.MaxCSMResolution:2048]]
[2019.10.21-19.31.15:007][  0]LogConfig: Setting CVar [[r.Shadow.RadiusThreshold:0.01]]
[2019.10.21-19.31.15:007][  0]LogConfig: Setting CVar [[r.Shadow.DistanceScale:1.0]]
[2019.10.21-19.31.15:007][  0]LogConfig: Setting CVar [[r.Shadow.CSM.TransitionScale:1.0]]
[2019.10.21-19.31.15:007][  0]LogConfig: Setting CVar [[r.Shadow.PreShadowResolutionFactor:1.0]]
[2019.10.21-19.31.15:007][  0]LogConfig: Setting CVar [[r.DistanceFieldShadowing:1]]
[2019.10.21-19.31.15:007][  0]LogConfig: Setting CVar [[r.DistanceFieldAO:1]]
[2019.10.21-19.31.15:007][  0]LogConfig: Setting CVar [[r.AOQuality:2]]
[2019.10.21-19.31.15:007][  0]LogConfig: Setting CVar [[r.VolumetricFog:1]]
[2019.10.21-19.31.15:007][  0]LogConfig: Setting CVar [[r.VolumetricFog.GridPixelSize:8]]
[2019.10.21-19.31.15:007][  0]LogConfig: Setting CVar [[r.VolumetricFog.GridSizeZ:128]]
[2019.10.21-19.31.15:007][  0]LogConfig: Setting CVar [[r.VolumetricFog.HistoryMissSupersampleCount:4]]
[2019.10.21-19.31.15:007][  0]LogConfig: Setting CVar [[r.LightMaxDrawDistanceScale:1]]
[2019.10.21-19.31.15:007][  0]LogConfig: Setting CVar [[r.CapsuleShadows:1]]
[2019.10.21-19.31.15:007][  0]LogConfig: Applying CVar settings from Section [PostProcessQuality@3] File [E:/Users/Tumble/Documents/GitHub/Project-Critality/ProjectCritality/Saved/Config/Windows/Scalability.ini]
[2019.10.21-19.31.15:007][  0]LogConfig: Setting CVar [[r.MotionBlurQuality:4]]
[2019.10.21-19.31.15:007][  0]LogConfig: Setting CVar [[r.AmbientOcclusionMipLevelFactor:0.4]]
[2019.10.21-19.31.15:007][  0]LogConfig: Setting CVar [[r.AmbientOcclusionMaxQuality:100]]
[2019.10.21-19.31.15:007][  0]LogConfig: Setting CVar [[r.AmbientOcclusionLevels:-1]]
[2019.10.21-19.31.15:007][  0]LogConfig: Setting CVar [[r.AmbientOcclusionRadiusScale:1.0]]
[2019.10.21-19.31.15:007][  0]LogConfig: Setting CVar [[r.DepthOfFieldQuality:2]]
[2019.10.21-19.31.15:007][  0]LogConfig: Setting CVar [[r.RenderTargetPoolMin:400]]
[2019.10.21-19.31.15:007][  0]LogConfig: Setting CVar [[r.LensFlareQuality:2]]
[2019.10.21-19.31.15:007][  0]LogConfig: Setting CVar [[r.SceneColorFringeQuality:1]]
[2019.10.21-19.31.15:007][  0]LogConfig: Setting CVar [[r.EyeAdaptationQuality:2]]
[2019.10.21-19.31.15:007][  0]LogConfig: Setting CVar [[r.BloomQuality:5]]
[2019.10.21-19.31.15:007][  0]LogConfig: Setting CVar [[r.FastBlurThreshold:100]]
[2019.10.21-19.31.15:007][  0]LogConfig: Setting CVar [[r.Upscale.Quality:3]]
[2019.10.21-19.31.15:007][  0]LogConfig: Setting CVar [[r.Tonemapper.GrainQuantization:1]]
[2019.10.21-19.31.15:007][  0]LogConfig: Setting CVar [[r.LightShaftQuality:1]]
[2019.10.21-19.31.15:007][  0]LogConfig: Setting CVar [[r.Filter.SizeScale:1]]
[2019.10.21-19.31.15:007][  0]LogConfig: Setting CVar [[r.Tonemapper.Quality:5]]
[2019.10.21-19.31.15:007][  0]LogConfig: Setting CVar [[r.DOF.Gather.AccumulatorQuality:1        ; higher gathering accumulator quality]]
[2019.10.21-19.31.15:007][  0]LogConfig: Setting CVar [[r.DOF.Gather.PostfilterMethod:1          ; Median3x3 postfilering method]]
[2019.10.21-19.31.15:007][  0]LogConfig: Setting CVar [[r.DOF.Gather.EnableBokehSettings:0       ; no bokeh simulation when gathering]]
[2019.10.21-19.31.15:007][  0]LogConfig: Setting CVar [[r.DOF.Gather.RingCount:4                 ; medium number of samples when gathering]]
[2019.10.21-19.31.15:007][  0]LogConfig: Setting CVar [[r.DOF.Scatter.ForegroundCompositing:1    ; additive foreground scattering]]
[2019.10.21-19.31.15:007][  0]LogConfig: Setting CVar [[r.DOF.Scatter.BackgroundCompositing:2    ; additive background scattering]]
[2019.10.21-19.31.15:007][  0]LogConfig: Setting CVar [[r.DOF.Scatter.EnableBokehSettings:1      ; bokeh simulation when scattering]]
[2019.10.21-19.31.15:007][  0]LogConfig: Setting CVar [[r.DOF.Scatter.MaxSpriteRatio:0.1         ; only a maximum of 10% of scattered bokeh]]
[2019.10.21-19.31.15:007][  0]LogConfig: Setting CVar [[r.DOF.Recombine.Quality:1                ; cheap slight out of focus]]
[2019.10.21-19.31.15:007][  0]LogConfig: Setting CVar [[r.DOF.Recombine.EnableBokehSettings:0    ; no bokeh simulation on slight out of focus]]
[2019.10.21-19.31.15:007][  0]LogConfig: Setting CVar [[r.DOF.TemporalAAQuality:1                ; more stable temporal accumulation]]
[2019.10.21-19.31.15:007][  0]LogConfig: Setting CVar [[r.DOF.Kernel.MaxForegroundRadius:0.025]]
[2019.10.21-19.31.15:008][  0]LogConfig: Setting CVar [[r.DOF.Kernel.MaxBackgroundRadius:0.025]]
[2019.10.21-19.31.15:008][  0]LogConfig: Applying CVar settings from Section [TextureQuality@3] File [E:/Users/Tumble/Documents/GitHub/Project-Critality/ProjectCritality/Saved/Config/Windows/Scalability.ini]
[2019.10.21-19.31.15:008][  0]LogConfig: Setting CVar [[r.Streaming.MipBias:0]]
[2019.10.21-19.31.15:008][  0]LogConfig: Setting CVar [[r.Streaming.AmortizeCPUToGPUCopy:0]]
[2019.10.21-19.31.15:008][  0]LogConfig: Setting CVar [[r.Streaming.MaxNumTexturesToStreamPerFrame:0]]
[2019.10.21-19.31.15:008][  0]LogConfig: Setting CVar [[r.Streaming.Boost:1]]
[2019.10.21-19.31.15:008][  0]LogConfig: Setting CVar [[r.MaxAnisotropy:8]]
[2019.10.21-19.31.15:008][  0]LogConfig: Setting CVar [[r.Streaming.LimitPoolSizeToVRAM:0]]
[2019.10.21-19.31.15:008][  0]LogConfig: Setting CVar [[r.Streaming.PoolSize:1000]]
[2019.10.21-19.31.15:008][  0]LogConfig: Setting CVar [[r.Streaming.MaxEffectiveScreenSize:0]]
[2019.10.21-19.31.15:008][  0]LogConfig: Applying CVar settings from Section [EffectsQuality@3] File [E:/Users/Tumble/Documents/GitHub/Project-Critality/ProjectCritality/Saved/Config/Windows/Scalability.ini]
[2019.10.21-19.31.15:008][  0]LogConfig: Setting CVar [[r.TranslucencyLightingVolumeDim:64]]
[2019.10.21-19.31.15:008][  0]LogConfig: Setting CVar [[r.RefractionQuality:2]]
[2019.10.21-19.31.15:008][  0]LogConfig: Setting CVar [[r.SSR.Quality:3]]
[2019.10.21-19.31.15:008][  0]LogConfig: Setting CVar [[r.SceneColorFormat:4]]
[2019.10.21-19.31.15:008][  0]LogConfig: Setting CVar [[r.DetailMode:2]]
[2019.10.21-19.31.15:008][  0]LogConfig: Setting CVar [[r.TranslucencyVolumeBlur:1]]
[2019.10.21-19.31.15:008][  0]LogConfig: Setting CVar [[r.MaterialQualityLevel:1 ; High quality]]
[2019.10.21-19.31.15:008][  0]LogConfig: Setting CVar [[r.SSS.Scale:1]]
[2019.10.21-19.31.15:008][  0]LogConfig: Setting CVar [[r.SSS.SampleSet:2]]
[2019.10.21-19.31.15:008][  0]LogConfig: Setting CVar [[r.SSS.Quality:1]]
[2019.10.21-19.31.15:008][  0]LogConfig: Setting CVar [[r.SSS.HalfRes:1]]
[2019.10.21-19.31.15:008][  0]LogConfig: Setting CVar [[r.EmitterSpawnRateScale:1.0]]
[2019.10.21-19.31.15:008][  0]LogConfig: Setting CVar [[r.ParticleLightQuality:2]]
[2019.10.21-19.31.15:008][  0]LogConfig: Applying CVar settings from Section [FoliageQuality@3] File [E:/Users/Tumble/Documents/GitHub/Project-Critality/ProjectCritality/Saved/Config/Windows/Scalability.ini]
[2019.10.21-19.31.15:008][  0]LogConfig: Setting CVar [[foliage.DensityScale:1.0]]
[2019.10.21-19.31.15:008][  0]LogConfig: Setting CVar [[grass.DensityScale:1.0]]
[2019.10.21-19.31.15:008][  0]LogInit: Selected Device Profile: [Windows]
[2019.10.21-19.31.15:008][  0]LogInit: Applying CVar settings loaded from the selected device profile: [Windows]
[2019.10.21-19.31.15:012][  0]LogHAL: Display: Platform has ~ 16 GB [17123278848 / 17179869184 / 16], which maps to Larger [LargestMinGB=32, LargerMinGB=12, DefaultMinGB=8, SmallerMinGB=6, SmallestMinGB=0)
[2019.10.21-19.31.15:012][  0]LogConfig: Setting CVar [[r.Vulkan.UseRealUBs:0		; Required until we fix HLR fall-out]]
[2019.10.21-19.31.15:012][  0]LogInit: Going up to parent DeviceProfile []
[2019.10.21-19.31.15:012][  0]LogConfig: Applying CVar settings from Section [ViewDistanceQuality@3] File [E:/Users/Tumble/Documents/GitHub/Project-Critality/ProjectCritality/Saved/Config/Windows/Scalability.ini]
[2019.10.21-19.31.15:012][  0]LogConfig: Setting CVar [[r.SkeletalMeshLODBias:0]]
[2019.10.21-19.31.15:012][  0]LogConfig: Setting CVar [[r.ViewDistanceScale:1.0]]
[2019.10.21-19.31.15:012][  0]LogConfig: Applying CVar settings from Section [AntiAliasingQuality@3] File [E:/Users/Tumble/Documents/GitHub/Project-Critality/ProjectCritality/Saved/Config/Windows/Scalability.ini]
[2019.10.21-19.31.15:012][  0]LogConfig: Setting CVar [[r.PostProcessAAQuality:4]]
[2019.10.21-19.31.15:012][  0]LogConfig: Applying CVar settings from Section [ShadowQuality@3] File [E:/Users/Tumble/Documents/GitHub/Project-Critality/ProjectCritality/Saved/Config/Windows/Scalability.ini]
[2019.10.21-19.31.15:012][  0]LogConfig: Setting CVar [[r.LightFunctionQuality:1]]
[2019.10.21-19.31.15:012][  0]LogConfig: Setting CVar [[r.ShadowQuality:5]]
[2019.10.21-19.31.15:012][  0]LogConfig: Setting CVar [[r.Shadow.CSM.MaxCascades:10]]
[2019.10.21-19.31.15:012][  0]LogConfig: Setting CVar [[r.Shadow.MaxResolution:2048]]
[2019.10.21-19.31.15:012][  0]LogConfig: Setting CVar [[r.Shadow.MaxCSMResolution:2048]]
[2019.10.21-19.31.15:012][  0]LogConfig: Setting CVar [[r.Shadow.RadiusThreshold:0.01]]
[2019.10.21-19.31.15:012][  0]LogConfig: Setting CVar [[r.Shadow.DistanceScale:1.0]]
[2019.10.21-19.31.15:012][  0]LogConfig: Setting CVar [[r.Shadow.CSM.TransitionScale:1.0]]
[2019.10.21-19.31.15:012][  0]LogConfig: Setting CVar [[r.Shadow.PreShadowResolutionFactor:1.0]]
[2019.10.21-19.31.15:012][  0]LogConfig: Setting CVar [[r.DistanceFieldShadowing:1]]
[2019.10.21-19.31.15:012][  0]LogConfig: Setting CVar [[r.DistanceFieldAO:1]]
[2019.10.21-19.31.15:012][  0]LogConfig: Setting CVar [[r.AOQuality:2]]
[2019.10.21-19.31.15:012][  0]LogConfig: Setting CVar [[r.VolumetricFog:1]]
[2019.10.21-19.31.15:012][  0]LogConfig: Setting CVar [[r.VolumetricFog.GridPixelSize:8]]
[2019.10.21-19.31.15:013][  0]LogConfig: Setting CVar [[r.VolumetricFog.GridSizeZ:128]]
[2019.10.21-19.31.15:013][  0]LogConfig: Setting CVar [[r.VolumetricFog.HistoryMissSupersampleCount:4]]
[2019.10.21-19.31.15:013][  0]LogConfig: Setting CVar [[r.LightMaxDrawDistanceScale:1]]
[2019.10.21-19.31.15:013][  0]LogConfig: Setting CVar [[r.CapsuleShadows:1]]
[2019.10.21-19.31.15:013][  0]LogConfig: Applying CVar settings from Section [PostProcessQuality@3] File [E:/Users/Tumble/Documents/GitHub/Project-Critality/ProjectCritality/Saved/Config/Windows/Scalability.ini]
[2019.10.21-19.31.15:013][  0]LogConfig: Setting CVar [[r.MotionBlurQuality:4]]
[2019.10.21-19.31.15:013][  0]LogConfig: Setting CVar [[r.AmbientOcclusionMipLevelFactor:0.4]]
[2019.10.21-19.31.15:013][  0]LogConfig: Setting CVar [[r.AmbientOcclusionMaxQuality:100]]
[2019.10.21-19.31.15:013][  0]LogConfig: Setting CVar [[r.AmbientOcclusionLevels:-1]]
[2019.10.21-19.31.15:013][  0]LogConfig: Setting CVar [[r.AmbientOcclusionRadiusScale:1.0]]
[2019.10.21-19.31.15:013][  0]LogConfig: Setting CVar [[r.DepthOfFieldQuality:2]]
[2019.10.21-19.31.15:013][  0]LogConfig: Setting CVar [[r.RenderTargetPoolMin:400]]
[2019.10.21-19.31.15:013][  0]LogConfig: Setting CVar [[r.LensFlareQuality:2]]
[2019.10.21-19.31.15:013][  0]LogConfig: Setting CVar [[r.SceneColorFringeQuality:1]]
[2019.10.21-19.31.15:013][  0]LogConfig: Setting CVar [[r.EyeAdaptationQuality:2]]
[2019.10.21-19.31.15:013][  0]LogConfig: Setting CVar [[r.BloomQuality:5]]
[2019.10.21-19.31.15:013][  0]LogConfig: Setting CVar [[r.FastBlurThreshold:100]]
[2019.10.21-19.31.15:013][  0]LogConfig: Setting CVar [[r.Upscale.Quality:3]]
[2019.10.21-19.31.15:013][  0]LogConfig: Setting CVar [[r.Tonemapper.GrainQuantization:1]]
[2019.10.21-19.31.15:013][  0]LogConfig: Setting CVar [[r.LightShaftQuality:1]]
[2019.10.21-19.31.15:013][  0]LogConfig: Setting CVar [[r.Filter.SizeScale:1]]
[2019.10.21-19.31.15:013][  0]LogConfig: Setting CVar [[r.Tonemapper.Quality:5]]
[2019.10.21-19.31.15:013][  0]LogConfig: Setting CVar [[r.DOF.Gather.AccumulatorQuality:1        ; higher gathering accumulator quality]]
[2019.10.21-19.31.15:013][  0]LogConfig: Setting CVar [[r.DOF.Gather.PostfilterMethod:1          ; Median3x3 postfilering method]]
[2019.10.21-19.31.15:013][  0]LogConfig: Setting CVar [[r.DOF.Gather.EnableBokehSettings:0       ; no bokeh simulation when gathering]]
[2019.10.21-19.31.15:013][  0]LogConfig: Setting CVar [[r.DOF.Gather.RingCount:4                 ; medium number of samples when gathering]]
[2019.10.21-19.31.15:013][  0]LogConfig: Setting CVar [[r.DOF.Scatter.ForegroundCompositing:1    ; additive foreground scattering]]
[2019.10.21-19.31.15:013][  0]LogConfig: Setting CVar [[r.DOF.Scatter.BackgroundCompositing:2    ; additive background scattering]]
[2019.10.21-19.31.15:013][  0]LogConfig: Setting CVar [[r.DOF.Scatter.EnableBokehSettings:1      ; bokeh simulation when scattering]]
[2019.10.21-19.31.15:013][  0]LogConfig: Setting CVar [[r.DOF.Scatter.MaxSpriteRatio:0.1         ; only a maximum of 10% of scattered bokeh]]
[2019.10.21-19.31.15:013][  0]LogConfig: Setting CVar [[r.DOF.Recombine.Quality:1                ; cheap slight out of focus]]
[2019.10.21-19.31.15:013][  0]LogConfig: Setting CVar [[r.DOF.Recombine.EnableBokehSettings:0    ; no bokeh simulation on slight out of focus]]
[2019.10.21-19.31.15:013][  0]LogConfig: Setting CVar [[r.DOF.TemporalAAQuality:1                ; more stable temporal accumulation]]
[2019.10.21-19.31.15:013][  0]LogConfig: Setting CVar [[r.DOF.Kernel.MaxForegroundRadius:0.025]]
[2019.10.21-19.31.15:013][  0]LogConfig: Setting CVar [[r.DOF.Kernel.MaxBackgroundRadius:0.025]]
[2019.10.21-19.31.15:013][  0]LogConfig: Applying CVar settings from Section [TextureQuality@3] File [E:/Users/Tumble/Documents/GitHub/Project-Critality/ProjectCritality/Saved/Config/Windows/Scalability.ini]
[2019.10.21-19.31.15:013][  0]LogConfig: Setting CVar [[r.Streaming.MipBias:0]]
[2019.10.21-19.31.15:013][  0]LogConfig: Setting CVar [[r.Streaming.AmortizeCPUToGPUCopy:0]]
[2019.10.21-19.31.15:013][  0]LogConfig: Setting CVar [[r.Streaming.MaxNumTexturesToStreamPerFrame:0]]
[2019.10.21-19.31.15:013][  0]LogConfig: Setting CVar [[r.Streaming.Boost:1]]
[2019.10.21-19.31.15:013][  0]LogConfig: Setting CVar [[r.MaxAnisotropy:8]]
[2019.10.21-19.31.15:013][  0]LogConfig: Setting CVar [[r.Streaming.LimitPoolSizeToVRAM:0]]
[2019.10.21-19.31.15:013][  0]LogConfig: Setting CVar [[r.Streaming.PoolSize:1000]]
[2019.10.21-19.31.15:013][  0]LogConfig: Setting CVar [[r.Streaming.MaxEffectiveScreenSize:0]]
[2019.10.21-19.31.15:013][  0]LogConfig: Applying CVar settings from Section [EffectsQuality@3] File [E:/Users/Tumble/Documents/GitHub/Project-Critality/ProjectCritality/Saved/Config/Windows/Scalability.ini]
[2019.10.21-19.31.15:013][  0]LogConfig: Setting CVar [[r.TranslucencyLightingVolumeDim:64]]
[2019.10.21-19.31.15:013][  0]LogConfig: Setting CVar [[r.RefractionQuality:2]]
[2019.10.21-19.31.15:013][  0]LogConfig: Setting CVar [[r.SSR.Quality:3]]
[2019.10.21-19.31.15:013][  0]LogConfig: Setting CVar [[r.SceneColorFormat:4]]
[2019.10.21-19.31.15:013][  0]LogConfig: Setting CVar [[r.DetailMode:2]]
[2019.10.21-19.31.15:013][  0]LogConfig: Setting CVar [[r.TranslucencyVolumeBlur:1]]
[2019.10.21-19.31.15:013][  0]LogConfig: Setting CVar [[r.MaterialQualityLevel:1 ; High quality]]
[2019.10.21-19.31.15:013][  0]LogConfig: Setting CVar [[r.SSS.Scale:1]]
[2019.10.21-19.31.15:013][  0]LogConfig: Setting CVar [[r.SSS.SampleSet:2]]
[2019.10.21-19.31.15:013][  0]LogConfig: Setting CVar [[r.SSS.Quality:1]]
[2019.10.21-19.31.15:013][  0]LogConfig: Setting CVar [[r.SSS.HalfRes:1]]
[2019.10.21-19.31.15:013][  0]LogConfig: Setting CVar [[r.EmitterSpawnRateScale:1.0]]
[2019.10.21-19.31.15:013][  0]LogConfig: Setting CVar [[r.ParticleLightQuality:2]]
[2019.10.21-19.31.15:013][  0]LogConfig: Applying CVar settings from Section [FoliageQuality@3] File [E:/Users/Tumble/Documents/GitHub/Project-Critality/ProjectCritality/Saved/Config/Windows/Scalability.ini]
[2019.10.21-19.31.15:013][  0]LogConfig: Setting CVar [[foliage.DensityScale:1.0]]
[2019.10.21-19.31.15:013][  0]LogConfig: Setting CVar [[grass.DensityScale:1.0]]
[2019.10.21-19.31.15:013][  0]LogConfig: Applying CVar settings from Section [Startup] File [../../../Engine/Config/ConsoleVariables.ini]
[2019.10.21-19.31.15:013][  0]LogConfig: Setting CVar [[net.UseAdaptiveNetUpdateFrequency:0]]
[2019.10.21-19.31.15:014][  0]LogConfig: Setting CVar [[p.chaos.AllowCreatePhysxBodies:1]]
[2019.10.21-19.31.15:014][  0]LogConfig: Applying CVar settings from Section [ConsoleVariables] File [E:/Users/Tumble/Documents/GitHub/Project-Critality/ProjectCritality/Saved/Config/Windows/Engine.ini]
[2019.10.21-19.31.15:014][  0]LogInit: Computer: TUMBLE-PC
[2019.10.21-19.31.15:014][  0]LogInit: User: Tumble
[2019.10.21-19.31.15:014][  0]LogInit: CPU Page size=4096, Cores=6
[2019.10.21-19.31.15:014][  0]LogInit: High frequency timer resolution =10.000000 MHz
[2019.10.21-19.31.15:014][  0]LogMemory: Memory total: Physical=15.9GB (16GB approx)
[2019.10.21-19.31.15:014][  0]LogMemory: Platform Memory Stats for Windows
[2019.10.21-19.31.15:014][  0]LogMemory: Process Physical Memory: 102.08 MB used, 102.09 MB peak
[2019.10.21-19.31.15:014][  0]LogMemory: Process Virtual Memory: 92.52 MB used, 92.52 MB peak
[2019.10.21-19.31.15:014][  0]LogMemory: Physical Memory: 11773.43 MB used,  4556.61 MB free, 16330.03 MB total
[2019.10.21-19.31.15:014][  0]LogMemory: Virtual Memory: 4642.58 MB used,  134213088.00 MB free, 134217728.00 MB total
[2019.10.21-19.31.15:038][  0]LogInit: Using OS detected language (en-GB).
[2019.10.21-19.31.15:038][  0]LogInit: Using OS detected locale (en-GB).
[2019.10.21-19.31.15:039][  0]LogTextLocalizationManager: No specific localization for 'en-GB' exists, so the 'en' localization will be used.
[2019.10.21-19.31.15:229][  0]LogSlate: New Slate User Created.  User Index 0, Is Virtual User: 0
[2019.10.21-19.31.15:229][  0]LogSlate: Slate User Registered.  User Index 0, Is Virtual User: 0
[2019.10.21-19.31.15:281][  0]LogHMD: Failed to initialize OpenVR with code 117
[2019.10.21-19.31.15:281][  0]LogD3D11RHI: D3D11 adapters:
[2019.10.21-19.31.15:359][  0]LogD3D11RHI:    0. 'NVIDIA GeForce GTX 1060 6GB' (Feature Level 11_0)
[2019.10.21-19.31.15:359][  0]LogD3D11RHI:       6052/0/8165 MB DedicatedVideo/DedicatedSystem/SharedSystem, Outputs:2, VendorId:0x10de
[2019.10.21-19.31.15:362][  0]LogD3D11RHI:    1. 'Microsoft Basic Render Driver' (Feature Level 11_0)
[2019.10.21-19.31.15:362][  0]LogD3D11RHI:       0/0/8165 MB DedicatedVideo/DedicatedSystem/SharedSystem, Outputs:0, VendorId:0x1414
[2019.10.21-19.31.15:362][  0]LogD3D11RHI: Chosen D3D11 Adapter: 0
[2019.10.21-19.31.15:374][  0]LogD3D11RHI: Creating new Direct3DDevice
[2019.10.21-19.31.15:374][  0]LogD3D11RHI:     GPU DeviceId: 0x1c03 (for the marketing name, search the web for "GPU Device Id")
[2019.10.21-19.31.15:374][  0]LogWindows: EnumDisplayDevices:
[2019.10.21-19.31.15:374][  0]LogWindows:    0. 'NVIDIA GeForce GTX 1060 6GB' (P:0 D:1)
[2019.10.21-19.31.15:375][  0]LogWindows:    1. 'NVIDIA GeForce GTX 1060 6GB' (P:1 D:1)
[2019.10.21-19.31.15:375][  0]LogWindows:    2. 'NVIDIA GeForce GTX 1060 6GB' (P:0 D:0)
[2019.10.21-19.31.15:376][  0]LogWindows:    3. 'NVIDIA GeForce GTX 1060 6GB' (P:0 D:0)
[2019.10.21-19.31.15:376][  0]LogWindows: DebugString: FoundDriverCount:4 
[2019.10.21-19.31.15:376][  0]LogD3D11RHI:     Adapter Name: NVIDIA GeForce GTX 1060 6GB
[2019.10.21-19.31.15:376][  0]LogD3D11RHI:   Driver Version: 436.48 (internal:26.21.14.3648, unified:436.48)
[2019.10.21-19.31.15:376][  0]LogD3D11RHI:      Driver Date: 9-26-2019
[2019.10.21-19.31.15:376][  0]LogRHI: Texture pool is 4236 MB (70% of 6052 MB)
[2019.10.21-19.31.15:422][  0]LogD3D11RHI: Async texture creation enabled
[2019.10.21-19.31.15:433][  0]LogRendererCore: FGlobalReadBuffer::InitRHI
[2019.10.21-19.31.15:434][  0]LogRendererCore: FGlobalReadBuffer::InitRHI
[2019.10.21-19.31.15:434][  0]LogRendererCore: FGlobalReadBuffer::InitRHI
[2019.10.21-19.31.15:442][  0]LogD3D11RHI: GPU Timing Frequency: 1000.000000 (Debug: 2 1)
[2019.10.21-19.31.15:888][  0]LogTemp: Display: Module 'WindowsClientTargetPlatform' loaded TargetPlatform 'WindowsClient'
[2019.10.21-19.31.15:901][  0]LogTemp: Display: Module 'WindowsNoEditorTargetPlatform' loaded TargetPlatform 'WindowsNoEditor'
[2019.10.21-19.31.15:916][  0]LogTemp: Display: Module 'WindowsServerTargetPlatform' loaded TargetPlatform 'WindowsServer'
[2019.10.21-19.31.15:922][  0]LogTemp: Display: Module 'WindowsTargetPlatform' loaded TargetPlatform 'Windows'
[2019.10.21-19.31.15:923][  0]LogTargetPlatformManager: Display: Building Assets For Windows
[2019.10.21-19.31.15:931][  0]LogAudioDebug: Display: Lib vorbis DLL was dynamically loaded.
[2019.10.21-19.31.15:981][  0]LogShaderCompilers: Guid format shader working directory is -21 characters bigger than the processId version (E:/Users/Tumble/Documents/GitHub/Project-Critality/ProjectCritality/Intermediate/Shaders/WorkingDirectory/39100/).
[2019.10.21-19.31.15:981][  0]LogShaderCompilers: Cleaned the shader compiler working directory 'E:/Users/Tumble/AppData/Local/Temp/UnrealShaderWorkingDir/46C8ED4E4E049D0488126DA735EA8C59/'.
[2019.10.21-19.31.15:983][  0]LogXGEController: Cannot use XGE Controller as Incredibuild is not installed on this machine.
[2019.10.21-19.31.15:983][  0]LogShaderCompilers: Cannot use XGE Shader Compiler as Incredibuild is not installed on this machine.
[2019.10.21-19.31.15:983][  0]LogShaderCompilers: Display: Using Local Shader Compiler.
[2019.10.21-19.31.16:515][  0]LogDerivedDataCache: Display: Max Cache Size: 512 MB
[2019.10.21-19.31.16:546][  0]LogDerivedDataCache: Loaded boot cache 0.03s 71MB E:/Users/Tumble/AppData/Local/UnrealEngine/4.22/DerivedDataCache/Boot.ddc.
[2019.10.21-19.31.16:546][  0]LogDerivedDataCache: Display: Loaded Boot cache: E:/Users/Tumble/AppData/Local/UnrealEngine/4.22/DerivedDataCache/Boot.ddc
[2019.10.21-19.31.16:546][  0]LogDerivedDataCache: FDerivedDataBackendGraph:  Pak pak cache file E:/Users/Tumble/Documents/GitHub/Project-Critality/ProjectCritality/DerivedDataCache/DDC.ddp not found, will not use a pak cache.
[2019.10.21-19.31.16:546][  0]LogDerivedDataCache: Unable to find inner node Pak for hierarchical cache Hierarchy.
[2019.10.21-19.31.16:546][  0]LogDerivedDataCache: FDerivedDataBackendGraph:  CompressedPak pak cache file E:/Users/Tumble/Documents/GitHub/Project-Critality/ProjectCritality/DerivedDataCache/Compressed.ddp not found, will not use a pak cache.
[2019.10.21-19.31.16:546][  0]LogDerivedDataCache: Unable to find inner node CompressedPak for hierarchical cache Hierarchy.
[2019.10.21-19.31.16:558][  0]LogDerivedDataCache: Display: Pak cache opened for reading ../../../Engine/DerivedDataCache/Compressed.ddp.
[2019.10.21-19.31.16:558][  0]LogDerivedDataCache: FDerivedDataBackendGraph:  EnterprisePak pak cache file ../../../Enterprise/DerivedDataCache/Compressed.ddp not found, will not use a pak cache.
[2019.10.21-19.31.16:558][  0]LogDerivedDataCache: Unable to find inner node EnterprisePak for hierarchical cache Hierarchy.
[2019.10.21-19.31.16:570][  0]LogDerivedDataCache: Using Local data cache path E:/Users/Tumble/AppData/Local/UnrealEngine/Common/DerivedDataCache: Writable
[2019.10.21-19.31.16:570][  0]LogDerivedDataCache: Shared data cache path not found in *engine.ini, will not use an Shared cache.
[2019.10.21-19.31.16:570][  0]LogDerivedDataCache: Unable to find inner node Shared for hierarchical cache Hierarchy.
[2019.10.21-19.31.16:592][  0]LogMaterial: Verifying Global Shaders for PCD3D_SM5
[2019.10.21-19.31.16:600][  0]LogSlate: Using FreeType 2.6.0
[2019.10.21-19.31.16:600][  0]LogSlate: SlateFontServices - WITH_FREETYPE: 1, WITH_HARFBUZZ: 1
[2019.10.21-19.31.16:718][  0]LogInit: Using OS detected language (en-GB).
[2019.10.21-19.31.16:718][  0]LogInit: Using OS detected locale (en-GB).
[2019.10.21-19.31.16:718][  0]LogTextLocalizationManager: No localization for 'en-GB' exists, so 'en' will be used for the language.
[2019.10.21-19.31.16:718][  0]LogTextLocalizationManager: No localization for 'en-GB' exists, so 'en' will be used for the locale.
[2019.10.21-19.31.16:718][  0]LogSlate: FontCache flush requested. Reason: Culture for localization was changed
[2019.10.21-19.31.16:718][  0]LogSlate: FontCache flush requested. Reason: Culture for localization was changed
[2019.10.21-19.31.16:719][  0]LogTextLocalizationManager: Compacting localization data took   0.00ms
[2019.10.21-19.31.16:727][  0]LogAssetRegistry: FAssetRegistry took 0.0044 seconds to start up
[2019.10.21-19.31.16:905][  0]LogPackageLocalizationCache: Processed 10 localized package path(s) for 1 prioritized culture(s) in 0.000702 seconds
[2019.10.21-19.31.17:062][  0]LogInit: Selected Device Profile: [Windows]
[2019.10.21-19.31.17:209][  0]LogMeshReduction: Using QuadricMeshReduction for automatic static mesh reduction
[2019.10.21-19.31.17:209][  0]LogMeshReduction: Using SimplygonMeshReduction for automatic skeletal mesh reduction
[2019.10.21-19.31.17:209][  0]LogMeshReduction: Using ProxyLODMeshReduction for automatic mesh merging
[2019.10.21-19.31.17:209][  0]LogMeshReduction: No distributed automatic mesh merging module available
[2019.10.21-19.31.17:209][  0]LogMeshMerging: No distributed automatic mesh merging module available
[2019.10.21-19.31.17:223][  0]LogNetVersion: ProjectCritality 1.0.0, NetCL: 5660361, EngineNetVer: 10, GameNetVer: 0 (Checksum: 2224699783)
[2019.10.21-19.31.17:834][  0]LogMoviePlayer: Initializing movie player
[2019.10.21-19.31.17:957][  0]LogTcpMessaging: Initializing TcpMessaging bridge
[2019.10.21-19.31.17:969][  0]LogUdpMessaging: Initializing bridge on interface 0.0.0.0:0 to multicast group 230.0.0.1:6666.
[2019.10.21-19.31.18:058][  0]SourceControl: Source control is disabled
[2019.10.21-19.31.18:058][  0]SourceControl: Source control is disabled
[2019.10.21-19.31.18:059][  0]SourceControl: Source control is disabled
[2019.10.21-19.31.18:109][  0]LogAndroidPermission: UAndroidPermissionCallbackProxy::GetInstance
[2019.10.21-19.31.18:482][  0]LogOcInput: OculusInput pre-init called
[2019.10.21-19.31.18:494][  0]LogUObjectArray: 46968 objects as part of root set at end of initial load.
[2019.10.21-19.31.18:494][  0]LogUObjectAllocator: 8246768 out of 0 bytes used by permanent object pool.
[2019.10.21-19.31.18:494][  0]LogUObjectArray: CloseDisregardForGC: 0/0 objects in disregard for GC pool
[2019.10.21-19.31.18:629][  0]LogEngine: Initializing Engine...
[2019.10.21-19.31.18:672][  0]LogHMD: Failed to initialize OpenVR with code 117
[2019.10.21-19.31.18:684][  0]LogStats: UGameplayTagsManager::InitializeManager -  0.000 s
[2019.10.21-19.31.19:003][  0]LogInit: Initializing FReadOnlyCVARCache
[2019.10.21-19.31.19:155][  0]LogInit: XAudio2 using 'Speakers Buffer (Virtual Audio Cable)' : 2 channels at 48 kHz using 16 bits per sample (channel mask 0x3)
[2019.10.21-19.31.19:186][  0]LogInit: FAudioDevice initialized.
[2019.10.21-19.31.19:198][  0]LogNetVersion: Set ProjectVersion to 1.0.0.0. Version Checksum will be recalculated on next use.
[2019.10.21-19.31.19:205][  0]LogInit: Texture streaming: Enabled
[2019.10.21-19.31.19:425][  0]LogSlate: Updating window title bar state: overlay mode, drag disabled, window buttons hidden, title bar hidden
[2019.10.21-19.31.19:425][  0]LogInit: Display: Game Engine Initialized.
[2019.10.21-19.31.19:477][  0]LogInit: Display: Starting Game.
[2019.10.21-19.31.19:482][  0]LogNet: Browse: /Game/CritalityLevel?Name=Player
[2019.10.21-19.31.19:482][  0]LogLoad: LoadMap: /Game/CritalityLevel?Name=Player
[2019.10.21-19.31.19:508][  0]LogUObjectHash: Compacting FUObjectHashTables data took   1.33ms
[2019.10.21-19.31.19:614][  0]LogAIModule: Creating AISystem for world CritalityLevel
[2019.10.21-19.31.19:617][  0]LogLoad: Game class is 'CritalityGameMode_C'
[2019.10.21-19.31.19:623][  0]LogWorld: Bringing World /Game/CritalityLevel.CritalityLevel up for play (max tick rate 0) at 2019.10.21-20.31.19
[2019.10.21-19.31.19:623][  0]LogWorld: Bringing up level for play took: 0.000870
[2019.10.21-19.31.19:624][  0]LogGameMode: FindPlayerStart: PATHS NOT DEFINED or NO PLAYERSTART with positive rating
[2019.10.21-19.31.19:639][  0]LogLoad: Took 0.156580 seconds to LoadMap(/Game/CritalityLevel)
[2019.10.21-19.31.19:695][  0]LogRenderer: Reallocating scene render targets to support 1280x720 Format 10 NumSamples 1 (Frame:1).
[2019.10.21-19.31.19:695][  0]LogLoad: (Engine Initialization) Total time: 6.34 seconds
[2019.10.21-19.31.19:695][  0]LogLoad: (Engine Initialization) Total Blueprint compile time: 0.00 seconds
[2019.10.21-19.31.19:720][  0]LogContentStreaming: Texture pool size now 1000 MB
[2019.10.21-19.31.19:763][  0]LogRenderer: Reallocating scene render targets to support 128x128 Format 10 NumSamples 1 (Frame:1).
[2019.10.21-19.31.19:792][  0]LogRenderer: Reallocating scene render targets to support 1280x720 Format 10 NumSamples 1 (Frame:2).
[2019.10.21-19.31.19:916][  8]SocketIOLog: SocketIO Connected with session: k2RC__suU2qhQM-1AABJ
[2019.10.21-19.31.19:916][  8]SocketIOLog: SocketIO k2RC__suU2qhQM-1AABJ connected to namespace: /
[2019.10.21-19.31.19:916][  8]LogBlueprintUserMessages: [CritalityWorld_BP_4] Connected
[2019.10.21-19.31.20:045][ 16]LogBlueprintUserMessages: [CritalityWorld_BP_4] login {"inventory":[],"nickname":"ProjectCritality","playerId":"2"}
[2019.10.21-19.31.20:174][ 24]LogBlueprintUserMessages: [CritalityWorld_BP_4] joinRoom {"artwork":{"background":"HalloweenTavern_BG.png","foreground":"HalloweenTavern_FG.png","props":[[0,455,180],[1,314,201],[2,301,341],[3,259,434],[4,670,245],[5,665,274],[6,592,252],[7,548,208],[8,830,245],[9,837,279],[10,484,307],[11,339,320],[12,409,336],[13,563,380],[14,430,415],[15,411,442],[16,496,399],[17,812,309],[18,722,357],[19,28,213],[20,12,292],[21,9,331],[22,162,246],[23,85,250],[24,127,204],[25,205,221]],"sprites":{"frames":[[577,161,170,61,0,85,42],[221,0,147,240,0,74,118],[625,0,181,161,0,90,52],[806,0,127,118,0,64,103],[0,0,221,174,0,110,133],[235,240,42,38,0,21,1],[353,242,37,35,0,18,2],[316,240,37,35,0,18,2],[933,0,83,151,0,31,122],[719,222,68,63,0,24,29],[195,240,40,40,0,20,2],[277,240,39,40,0,20,2],[0,174,103,78,0,52,49],[103,174,68,88,0,34,38],[965,239,53,33,0,26,4],[171,174,24,68,0,12,59],[906,151,118,88,0,59,37],[368,137,128,105,0,64,19],[368,0,257,137,0,129,48],[496,137,81,138,0,40,94],[806,118,100,147,0,70,111],[577,222,65,84,0,32,44],[779,161,22,34,0,11,23],[747,161,32,57,0,16,15],[642,222,77,64,0,39,45],[906,239,59,68,0,29,13]],"images":["HalloweenTavern_SS.png"]}},"height":480,"margin":0,"minDistance":20,"name":"Tavern","playerlist":[{"i":"1","n":"tumble","r":295.60218755144177,"s":5,"x":547,"y":393},{"i":"3","n":"Eribetra","r":92.402609468986043,"s":5,"x":560,"y":269},{"i":"4","n":"Beanie Elf","r":173.78436410029735,"s":5,"x":387,"y":302},{"i":"2","n":"ProjectCritality","r":0,"s":5,"x":433,"y":195}],"roomId":"tavern","tileMap":[[0,0,0,0,0,0,0,0],[0,0,0,0,0,0,0,0],[0,0,0,0,0,0,0,0],[0,0,0,0,0,0,0,0],[0,0,0,0,0,0,0,0],[0,0,0,0,0,0,0,0]],"tileSize":100,"width":850}
[2019.10.21-19.31.20:175][ 24]LogBlueprintUserMessages: [CritalityWorld_BP_4] createRoom {"artwork":{"background":"HalloweenTavern_BG.png","foreground":"HalloweenTavern_FG.png","props":[[0,455,180],[1,314,201],[2,301,341],[3,259,434],[4,670,245],[5,665,274],[6,592,252],[7,548,208],[8,830,245],[9,837,279],[10,484,307],[11,339,320],[12,409,336],[13,563,380],[14,430,415],[15,411,442],[16,496,399],[17,812,309],[18,722,357],[19,28,213],[20,12,292],[21,9,331],[22,162,246],[23,85,250],[24,127,204],[25,205,221]],"sprites":{"frames":[[577,161,170,61,0,85,42],[221,0,147,240,0,74,118],[625,0,181,161,0,90,52],[806,0,127,118,0,64,103],[0,0,221,174,0,110,133],[235,240,42,38,0,21,1],[353,242,37,35,0,18,2],[316,240,37,35,0,18,2],[933,0,83,151,0,31,122],[719,222,68,63,0,24,29],[195,240,40,40,0,20,2],[277,240,39,40,0,20,2],[0,174,103,78,0,52,49],[103,174,68,88,0,34,38],[965,239,53,33,0,26,4],[171,174,24,68,0,12,59],[906,151,118,88,0,59,37],[368,137,128,105,0,64,19],[368,0,257,137,0,129,48],[496,137,81,138,0,40,94],[806,118,100,147,0,70,111],[577,222,65,84,0,32,44],[779,161,22,34,0,11,23],[747,161,32,57,0,16,15],[642,222,77,64,0,39,45],[906,239,59,68,0,29,13]],"images":["HalloweenTavern_SS.png"]}},"name_16_501E0D1C458868432B696CAF9950C298":"Tavern","margin":0,"minDistance":20,"playerlist_18_C6DFF8694FBE098EEEF3D58EA7B1E714":[{"n_13_80C65B7E44ACFC7AA375259E1A7D2C48":"tumble","r_17_AED09C9545AD531ECBD788862F6B4E65":295.60218755144177,"s_19_8E9F85D149C9C6BEE1EBAF9FCD795E24":5,"x_15_1C925932432793E8403F209D7EFBE45C":547,"y_16_E083B1294155A36ADB94EEBAFBC0F59E":393,"i_12_94C25E4E4805FE429981E493A3AD71F4":"1"},{"n_13_80C65B7E44ACFC7AA375259E1A7D2C48":"Eribetra","r_17_AED09C9545AD531ECBD788862F6B4E65":92.402609468986043,"s_19_8E9F85D149C9C6BEE1EBAF9FCD795E24":5,"x_15_1C925932432793E8403F209D7EFBE45C":560,"y_16_E083B1294155A36ADB94EEBAFBC0F59E":269,"i_12_94C25E4E4805FE429981E493A3AD71F4":"3"},{"n_13_80C65B7E44ACFC7AA375259E1A7D2C48":"Beanie Elf","r_17_AED09C9545AD531ECBD788862F6B4E65":173.78436410029735,"s_19_8E9F85D149C9C6BEE1EBAF9FCD795E24":5,"x_15_1C925932432793E8403F209D7EFBE45C":387,"y_16_E083B1294155A36ADB94EEBAFBC0F59E":302,"i_12_94C25E4E4805FE429981E493A3AD71F4":"4"},{"n_13_80C65B7E44ACFC7AA375259E1A7D2C48":"ProjectCritality","r_17_AED09C9545AD531ECBD788862F6B4E65":0,"s_19_8E9F85D149C9C6BEE1EBAF9FCD795E24":5,"x_15_1C925932432793E8403F209D7EFBE45C":433,"y_16_E083B1294155A36ADB94EEBAFBC0F59E":195,"i_12_94C25E4E4805FE429981E493A3AD71F4":"2"}],"roomId_15_C9A3E2544FEB3A95875167848E693105":"tavern","width_20_D8633608472E9C0B203FAE97E40B3DCF":850,"tileMap":[[0,0,0,0,0,0,0,0],[0,0,0,0,0,0,0,0],[0,0,0,0,0,0,0,0],[0,0,0,0,0,0,0,0],[0,0,0,0,0,0,0,0],[0,0,0,0,0,0,0,0]],"tileSize":100,"height_19_DC20D2AE4590FF2691E44A82909231D5":480}
[2019.10.21-19.31.20:175][ 24]LogBlueprintUserMessages: [Room_BP_C_0] 1 tumble
[2019.10.21-19.31.20:176][ 24]LogSpawn: Warning: SpawnActor failed because of collision at the spawn location [X=0.000 Y=0.000 Z=10.000] for [Critter_BP_C]
[2019.10.21-19.31.20:176][ 24]LogScript: Warning: Attempted to access Critter_BP_C_0 via property newplayer, but Critter_BP_C_0 is pending kill
	Room_BP_C /Game/CritalityLevel.CritalityLevel:PersistentLevel.Room_BP_C_0
	Function /Game/Room_BP.Room_BP_C:addPlayer:0253
[2019.10.21-19.31.20:176][ 24]LogScript: Warning: Script call stack:
	Function /Game/CritalityWorld_BP.CritalityWorld_BP_C:BndEvt__SocketIOClient_K2Node_ComponentBoundEvent_1_SIOCEventJsonSignature__DelegateSignature
	Function /Game/CritalityWorld_BP.CritalityWorld_BP_C:ExecuteUbergraph_CritalityWorld_BP
	Function /Game/CritalityWorld_BP.CritalityWorld_BP_C:createRoom
	Function /Game/Room_BP.Room_BP_C:setupProperties
	Function /Game/Room_BP.Room_BP_C:addPlayer

[2019.10.21-19.31.20:176][ 24]LogBlueprintUserMessages: [Room_BP_C_0] 3 Eribetra
[2019.10.21-19.31.20:177][ 24]LogSpawn: Warning: SpawnActor failed because of collision at the spawn location [X=0.000 Y=0.000 Z=10.000] for [Critter_BP_C]
[2019.10.21-19.31.20:177][ 24]LogScript: Warning: Attempted to access Critter_BP_C_1 via property newplayer, but Critter_BP_C_1 is pending kill
	Room_BP_C /Game/CritalityLevel.CritalityLevel:PersistentLevel.Room_BP_C_0
	Function /Game/Room_BP.Room_BP_C:addPlayer:0253
[2019.10.21-19.31.20:177][ 24]LogScript: Warning: Script call stack:
	Function /Game/CritalityWorld_BP.CritalityWorld_BP_C:BndEvt__SocketIOClient_K2Node_ComponentBoundEvent_1_SIOCEventJsonSignature__DelegateSignature
	Function /Game/CritalityWorld_BP.CritalityWorld_BP_C:ExecuteUbergraph_CritalityWorld_BP
	Function /Game/CritalityWorld_BP.CritalityWorld_BP_C:createRoom
	Function /Game/Room_BP.Room_BP_C:setupProperties
	Function /Game/Room_BP.Room_BP_C:addPlayer

[2019.10.21-19.31.20:177][ 24]LogBlueprintUserMessages: [Room_BP_C_0] 4 Beanie Elf
[2019.10.21-19.31.20:177][ 24]LogSpawn: Warning: SpawnActor failed because of collision at the spawn location [X=0.000 Y=0.000 Z=10.000] for [Critter_BP_C]
[2019.10.21-19.31.20:177][ 24]LogScript: Warning: Attempted to access Critter_BP_C_2 via property newplayer, but Critter_BP_C_2 is pending kill
	Room_BP_C /Game/CritalityLevel.CritalityLevel:PersistentLevel.Room_BP_C_0
	Function /Game/Room_BP.Room_BP_C:addPlayer:0253
[2019.10.21-19.31.20:177][ 24]LogScript: Warning: Script call stack:
	Function /Game/CritalityWorld_BP.CritalityWorld_BP_C:BndEvt__SocketIOClient_K2Node_ComponentBoundEvent_1_SIOCEventJsonSignature__DelegateSignature
	Function /Game/CritalityWorld_BP.CritalityWorld_BP_C:ExecuteUbergraph_CritalityWorld_BP
	Function /Game/CritalityWorld_BP.CritalityWorld_BP_C:createRoom
	Function /Game/Room_BP.Room_BP_C:setupProperties
	Function /Game/Room_BP.Room_BP_C:addPlayer

[2019.10.21-19.31.20:177][ 24]LogBlueprintUserMessages: [Room_BP_C_0] 2 ProjectCritality
[2019.10.21-19.31.20:177][ 24]LogSpawn: Warning: SpawnActor failed because of collision at the spawn location [X=0.000 Y=0.000 Z=10.000] for [Critter_BP_C]
[2019.10.21-19.31.20:177][ 24]LogScript: Warning: Attempted to access Critter_BP_C_3 via property newplayer, but Critter_BP_C_3 is pending kill
	Room_BP_C /Game/CritalityLevel.CritalityLevel:PersistentLevel.Room_BP_C_0
	Function /Game/Room_BP.Room_BP_C:addPlayer:0253
[2019.10.21-19.31.20:178][ 24]LogScript: Warning: Script call stack:
	Function /Game/CritalityWorld_BP.CritalityWorld_BP_C:BndEvt__SocketIOClient_K2Node_ComponentBoundEvent_1_SIOCEventJsonSignature__DelegateSignature
	Function /Game/CritalityWorld_BP.CritalityWorld_BP_C:ExecuteUbergraph_CritalityWorld_BP
	Function /Game/CritalityWorld_BP.CritalityWorld_BP_C:createRoom
	Function /Game/Room_BP.Room_BP_C:setupProperties
	Function /Game/Room_BP.Room_BP_C:addPlayer

